Epoch 1 Training Accuracy:
Overall Accuracy: 4.06%
Epoch 1 Test Accuracy:
Overall Accuracy: 4.58%
-------------------------------------------
Epoch 2 Training Accuracy:
Overall Accuracy: 0.00%
Epoch 2 Test Accuracy:
Overall Accuracy: 0.00%
-------------------------------------------
Epoch 3 Training Accuracy:
Overall Accuracy: 16.67%
Epoch 3 Test Accuracy:
Overall Accuracy: 16.67%
-------------------------------------------
Epoch 4 Training Accuracy:
Overall Accuracy: 16.67%
Epoch 4 Test Accuracy:
Overall Accuracy: 16.67%
-------------------------------------------
Epoch 5 Training Accuracy:
Overall Accuracy: 4.53%
Epoch 5 Test Accuracy:
Overall Accuracy: 2.71%
-------------------------------------------
Epoch 6 Training Accuracy:
Overall Accuracy: 10.62%
Epoch 6 Test Accuracy:
Overall Accuracy: 11.25%
-------------------------------------------
Epoch 7 Training Accuracy:
Overall Accuracy: 8.02%
Epoch 7 Test Accuracy:
Overall Accuracy: 9.58%
-------------------------------------------
Epoch 8 Training Accuracy:
Overall Accuracy: 8.07%
Epoch 8 Test Accuracy:
Overall Accuracy: 9.38%
-------------------------------------------
Epoch 9 Training Accuracy:
Overall Accuracy: 7.60%
Epoch 9 Test Accuracy:
Overall Accuracy: 7.92%
-------------------------------------------
Epoch 10 Training Accuracy:
Overall Accuracy: 24.79%
Epoch 10 Test Accuracy:
Overall Accuracy: 25.83%
-------------------------------------------
Epoch 11 Training Accuracy:
Overall Accuracy: 16.61%
Epoch 11 Test Accuracy:
Overall Accuracy: 17.08%
-------------------------------------------
Epoch 12 Training Accuracy:
Overall Accuracy: 8.02%
Epoch 12 Test Accuracy:
Overall Accuracy: 9.58%
-------------------------------------------
Epoch 13 Training Accuracy:
Overall Accuracy: 15.99%
Epoch 13 Test Accuracy:
Overall Accuracy: 18.75%
-------------------------------------------
Epoch 14 Training Accuracy:
Overall Accuracy: 21.46%
Epoch 14 Test Accuracy:
Overall Accuracy: 18.33%
-------------------------------------------
Epoch 15 Training Accuracy:
Overall Accuracy: 15.16%
Epoch 15 Test Accuracy:
Overall Accuracy: 17.08%
-------------------------------------------
Epoch 16 Training Accuracy:
Overall Accuracy: 20.68%
Epoch 16 Test Accuracy:
Overall Accuracy: 21.46%
-------------------------------------------
Epoch 17 Training Accuracy:
Overall Accuracy: 25.42%
Epoch 17 Test Accuracy:
Overall Accuracy: 25.62%
-------------------------------------------
Epoch 18 Training Accuracy:
Overall Accuracy: 16.30%
Epoch 18 Test Accuracy:
Overall Accuracy: 18.12%
-------------------------------------------
Epoch 19 Training Accuracy:
Overall Accuracy: 21.93%
Epoch 19 Test Accuracy:
Overall Accuracy: 21.67%
-------------------------------------------
Epoch 20 Training Accuracy:
Overall Accuracy: 20.83%
Epoch 20 Test Accuracy:
Overall Accuracy: 20.83%
-------------------------------------------
Epoch 21 Training Accuracy:
Overall Accuracy: 21.41%
Epoch 21 Test Accuracy:
Overall Accuracy: 20.83%
-------------------------------------------
Epoch 22 Training Accuracy:
Overall Accuracy: 30.00%
Epoch 22 Test Accuracy:
Overall Accuracy: 28.33%
-------------------------------------------
Epoch 23 Training Accuracy:
Overall Accuracy: 30.73%
Epoch 23 Test Accuracy:
Overall Accuracy: 27.92%
-------------------------------------------
Epoch 24 Training Accuracy:
Overall Accuracy: 22.81%
Epoch 24 Test Accuracy:
Overall Accuracy: 24.17%
-------------------------------------------
Epoch 25 Training Accuracy:
Overall Accuracy: 35.31%
Epoch 25 Test Accuracy:
Overall Accuracy: 36.04%
-------------------------------------------
Epoch 26 Training Accuracy:
Overall Accuracy: 36.51%
Epoch 26 Test Accuracy:
Overall Accuracy: 37.92%
-------------------------------------------
Epoch 27 Training Accuracy:
Overall Accuracy: 33.75%
Epoch 27 Test Accuracy:
Overall Accuracy: 35.00%
-------------------------------------------
Epoch 28 Training Accuracy:
Overall Accuracy: 34.69%
Epoch 28 Test Accuracy:
Overall Accuracy: 33.33%
-------------------------------------------
Epoch 29 Training Accuracy:
Overall Accuracy: 41.88%
Epoch 29 Test Accuracy:
Overall Accuracy: 43.54%
-------------------------------------------
Epoch 30 Training Accuracy:
Overall Accuracy: 38.02%
Epoch 30 Test Accuracy:
Overall Accuracy: 41.25%
-------------------------------------------
Epoch 31 Training Accuracy:
Overall Accuracy: 40.89%
Epoch 31 Test Accuracy:
Overall Accuracy: 43.33%
-------------------------------------------
Epoch 32 Training Accuracy:
Overall Accuracy: 37.97%
Epoch 32 Test Accuracy:
Overall Accuracy: 37.71%
-------------------------------------------
Epoch 33 Training Accuracy:
Overall Accuracy: 44.32%
Epoch 33 Test Accuracy:
Overall Accuracy: 44.38%
-------------------------------------------
Epoch 34 Training Accuracy:
Overall Accuracy: 42.14%
Epoch 34 Test Accuracy:
Overall Accuracy: 44.17%
-------------------------------------------
Epoch 35 Training Accuracy:
Overall Accuracy: 44.53%
Epoch 35 Test Accuracy:
Overall Accuracy: 45.42%
-------------------------------------------
Epoch 36 Training Accuracy:
Overall Accuracy: 47.29%
Epoch 36 Test Accuracy:
Overall Accuracy: 47.92%
-------------------------------------------
Epoch 37 Training Accuracy:
Overall Accuracy: 53.12%
Epoch 37 Test Accuracy:
Overall Accuracy: 51.25%
-------------------------------------------
Epoch 38 Training Accuracy:
Overall Accuracy: 53.70%
Epoch 38 Test Accuracy:
Overall Accuracy: 52.29%
-------------------------------------------
Epoch 39 Training Accuracy:
Overall Accuracy: 56.35%
Epoch 39 Test Accuracy:
Overall Accuracy: 54.79%
-------------------------------------------
Epoch 40 Training Accuracy:
Overall Accuracy: 58.18%
Epoch 40 Test Accuracy:
Overall Accuracy: 55.21%
-------------------------------------------
Epoch 41 Training Accuracy:
Overall Accuracy: 59.32%
Epoch 41 Test Accuracy:
Overall Accuracy: 57.50%
-------------------------------------------
Epoch 42 Training Accuracy:
Overall Accuracy: 58.75%
Epoch 42 Test Accuracy:
Overall Accuracy: 56.67%
-------------------------------------------
Epoch 43 Training Accuracy:
Overall Accuracy: 60.62%
Epoch 43 Test Accuracy:
Overall Accuracy: 57.92%
-------------------------------------------
Epoch 44 Training Accuracy:
Overall Accuracy: 62.60%
Epoch 44 Test Accuracy:
Overall Accuracy: 60.62%
-------------------------------------------
Epoch 45 Training Accuracy:
Overall Accuracy: 63.85%
Epoch 45 Test Accuracy:
Overall Accuracy: 62.92%
-------------------------------------------
Epoch 46 Training Accuracy:
Overall Accuracy: 62.50%
Epoch 46 Test Accuracy:
Overall Accuracy: 61.04%
-------------------------------------------
Epoch 47 Training Accuracy:
Overall Accuracy: 66.25%
Epoch 47 Test Accuracy:
Overall Accuracy: 64.58%
-------------------------------------------
Epoch 48 Training Accuracy:
Overall Accuracy: 60.83%
Epoch 48 Test Accuracy:
Overall Accuracy: 59.79%
-------------------------------------------
Epoch 49 Training Accuracy:
Overall Accuracy: 64.32%
Epoch 49 Test Accuracy:
Overall Accuracy: 62.71%
-------------------------------------------
Epoch 50 Training Accuracy:
Overall Accuracy: 61.35%
Epoch 50 Test Accuracy:
Overall Accuracy: 59.79%
-------------------------------------------
Epoch 51 Training Accuracy:
Overall Accuracy: 63.96%
Epoch 51 Test Accuracy:
Overall Accuracy: 62.71%
-------------------------------------------
Epoch 52 Training Accuracy:
Overall Accuracy: 61.77%
Epoch 52 Test Accuracy:
Overall Accuracy: 60.83%
-------------------------------------------
Epoch 53 Training Accuracy:
Overall Accuracy: 65.89%
Epoch 53 Test Accuracy:
Overall Accuracy: 64.58%
-------------------------------------------
Epoch 54 Training Accuracy:
Overall Accuracy: 60.31%
Epoch 54 Test Accuracy:
Overall Accuracy: 60.62%
-------------------------------------------
Epoch 55 Training Accuracy:
Overall Accuracy: 70.26%
Epoch 55 Test Accuracy:
Overall Accuracy: 67.71%
-------------------------------------------
Epoch 56 Training Accuracy:
Overall Accuracy: 72.81%
Epoch 56 Test Accuracy:
Overall Accuracy: 72.71%
-------------------------------------------
Epoch 57 Training Accuracy:
Overall Accuracy: 70.89%
Epoch 57 Test Accuracy:
Overall Accuracy: 69.38%
-------------------------------------------
Epoch 58 Training Accuracy:
Overall Accuracy: 70.21%
Epoch 58 Test Accuracy:
Overall Accuracy: 69.17%
-------------------------------------------
Epoch 59 Training Accuracy:
Overall Accuracy: 71.61%
Epoch 59 Test Accuracy:
Overall Accuracy: 70.00%
-------------------------------------------
Epoch 60 Training Accuracy:
Overall Accuracy: 64.22%
Epoch 60 Test Accuracy:
Overall Accuracy: 63.54%
-------------------------------------------
Epoch 61 Training Accuracy:
Overall Accuracy: 70.10%
Epoch 61 Test Accuracy:
Overall Accuracy: 69.17%
-------------------------------------------
Epoch 62 Training Accuracy:
Overall Accuracy: 70.00%
Epoch 62 Test Accuracy:
Overall Accuracy: 68.54%
-------------------------------------------
Epoch 63 Training Accuracy:
Overall Accuracy: 70.94%
Epoch 63 Test Accuracy:
Overall Accuracy: 70.21%
-------------------------------------------
Epoch 64 Training Accuracy:
Overall Accuracy: 74.11%
Epoch 64 Test Accuracy:
Overall Accuracy: 72.50%
-------------------------------------------
Epoch 65 Training Accuracy:
Overall Accuracy: 74.27%
Epoch 65 Test Accuracy:
Overall Accuracy: 73.33%
-------------------------------------------
Epoch 66 Training Accuracy:
Overall Accuracy: 67.34%
Epoch 66 Test Accuracy:
Overall Accuracy: 65.83%
-------------------------------------------
Epoch 67 Training Accuracy:
Overall Accuracy: 71.04%
Epoch 67 Test Accuracy:
Overall Accuracy: 67.92%
-------------------------------------------
Epoch 68 Training Accuracy:
Overall Accuracy: 73.54%
Epoch 68 Test Accuracy:
Overall Accuracy: 70.83%
-------------------------------------------
Epoch 69 Training Accuracy:
Overall Accuracy: 71.61%
Epoch 69 Test Accuracy:
Overall Accuracy: 68.96%
-------------------------------------------
Epoch 70 Training Accuracy:
Overall Accuracy: 74.74%
Epoch 70 Test Accuracy:
Overall Accuracy: 73.33%
-------------------------------------------
Epoch 71 Training Accuracy:
Overall Accuracy: 71.72%
Epoch 71 Test Accuracy:
Overall Accuracy: 70.21%
-------------------------------------------
Epoch 72 Training Accuracy:
Overall Accuracy: 77.14%
Epoch 72 Test Accuracy:
Overall Accuracy: 75.83%
-------------------------------------------
Epoch 73 Training Accuracy:
Overall Accuracy: 77.40%
Epoch 73 Test Accuracy:
Overall Accuracy: 76.67%
-------------------------------------------
Epoch 74 Training Accuracy:
Overall Accuracy: 77.86%
Epoch 74 Test Accuracy:
Overall Accuracy: 77.71%
-------------------------------------------
Epoch 75 Training Accuracy:
Overall Accuracy: 79.06%
Epoch 75 Test Accuracy:
Overall Accuracy: 77.29%
-------------------------------------------
Epoch 76 Training Accuracy:
Overall Accuracy: 73.96%
Epoch 76 Test Accuracy:
Overall Accuracy: 73.54%
-------------------------------------------
Epoch 77 Training Accuracy:
Overall Accuracy: 80.73%
Epoch 77 Test Accuracy:
Overall Accuracy: 77.29%
-------------------------------------------
Epoch 78 Training Accuracy:
Overall Accuracy: 78.02%
Epoch 78 Test Accuracy:
Overall Accuracy: 77.71%
-------------------------------------------
Epoch 79 Training Accuracy:
Overall Accuracy: 75.83%
Epoch 79 Test Accuracy:
Overall Accuracy: 74.58%
-------------------------------------------
Epoch 80 Training Accuracy:
Overall Accuracy: 78.75%
Epoch 80 Test Accuracy:
Overall Accuracy: 78.54%
-------------------------------------------
Epoch 81 Training Accuracy:
Overall Accuracy: 76.41%
Epoch 81 Test Accuracy:
Overall Accuracy: 76.88%
-------------------------------------------
Epoch 82 Training Accuracy:
Overall Accuracy: 84.74%
Epoch 82 Test Accuracy:
Overall Accuracy: 85.00%
-------------------------------------------
Epoch 83 Training Accuracy:
Overall Accuracy: 85.00%
Epoch 83 Test Accuracy:
Overall Accuracy: 85.62%
-------------------------------------------
Epoch 84 Training Accuracy:
Overall Accuracy: 80.36%
Epoch 84 Test Accuracy:
Overall Accuracy: 79.79%
-------------------------------------------
Epoch 85 Training Accuracy:
Overall Accuracy: 82.86%
Epoch 85 Test Accuracy:
Overall Accuracy: 84.17%
-------------------------------------------
Epoch 86 Training Accuracy:
Overall Accuracy: 87.19%
Epoch 86 Test Accuracy:
Overall Accuracy: 87.92%
-------------------------------------------
Epoch 87 Training Accuracy:
Overall Accuracy: 86.46%
Epoch 87 Test Accuracy:
Overall Accuracy: 87.29%
-------------------------------------------
Epoch 88 Training Accuracy:
Overall Accuracy: 87.19%
Epoch 88 Test Accuracy:
Overall Accuracy: 88.12%
-------------------------------------------
Epoch 89 Training Accuracy:
Overall Accuracy: 86.88%
Epoch 89 Test Accuracy:
Overall Accuracy: 88.12%
-------------------------------------------
Epoch 90 Training Accuracy:
Overall Accuracy: 90.68%
Epoch 90 Test Accuracy:
Overall Accuracy: 90.83%
-------------------------------------------
Epoch 91 Training Accuracy:
Overall Accuracy: 90.94%
Epoch 91 Test Accuracy:
Overall Accuracy: 91.88%
-------------------------------------------
Epoch 92 Training Accuracy:
Overall Accuracy: 90.57%
Epoch 92 Test Accuracy:
Overall Accuracy: 91.25%
-------------------------------------------
Epoch 93 Training Accuracy:
Overall Accuracy: 87.24%
Epoch 93 Test Accuracy:
Overall Accuracy: 88.96%
-------------------------------------------
Epoch 94 Training Accuracy:
Overall Accuracy: 90.89%
Epoch 94 Test Accuracy:
Overall Accuracy: 91.67%
-------------------------------------------
Epoch 95 Training Accuracy:
Overall Accuracy: 87.60%
Epoch 95 Test Accuracy:
Overall Accuracy: 90.21%
-------------------------------------------
Epoch 96 Training Accuracy:
Overall Accuracy: 90.68%
Epoch 96 Test Accuracy:
Overall Accuracy: 91.88%
-------------------------------------------
Epoch 97 Training Accuracy:
Overall Accuracy: 90.73%
Epoch 97 Test Accuracy:
Overall Accuracy: 91.67%
-------------------------------------------
Epoch 98 Training Accuracy:
Overall Accuracy: 88.07%
Epoch 98 Test Accuracy:
Overall Accuracy: 90.00%
-------------------------------------------
Epoch 99 Training Accuracy:
Overall Accuracy: 89.22%
Epoch 99 Test Accuracy:
Overall Accuracy: 89.38%
-------------------------------------------
Epoch 100 Training Accuracy:
Overall Accuracy: 90.42%
Epoch 100 Test Accuracy:
Overall Accuracy: 91.25%
-------------------------------------------
Epoch 101 Training Accuracy:
Overall Accuracy: 90.99%
Epoch 101 Test Accuracy:
Overall Accuracy: 91.67%
-------------------------------------------
Epoch 102 Training Accuracy:
Overall Accuracy: 83.39%
Epoch 102 Test Accuracy:
Overall Accuracy: 82.08%
-------------------------------------------
Epoch 103 Training Accuracy:
Overall Accuracy: 81.77%
Epoch 103 Test Accuracy:
Overall Accuracy: 83.33%
-------------------------------------------
Epoch 104 Training Accuracy:
Overall Accuracy: 83.96%
Epoch 104 Test Accuracy:
Overall Accuracy: 83.96%
-------------------------------------------
Epoch 105 Training Accuracy:
Overall Accuracy: 78.96%
Epoch 105 Test Accuracy:
Overall Accuracy: 79.58%
-------------------------------------------
Epoch 106 Training Accuracy:
Overall Accuracy: 86.25%
Epoch 106 Test Accuracy:
Overall Accuracy: 86.67%
-------------------------------------------
Epoch 107 Training Accuracy:
Overall Accuracy: 84.11%
Epoch 107 Test Accuracy:
Overall Accuracy: 85.62%
-------------------------------------------
Epoch 108 Training Accuracy:
Overall Accuracy: 85.42%
Epoch 108 Test Accuracy:
Overall Accuracy: 87.50%
-------------------------------------------
Epoch 109 Training Accuracy:
Overall Accuracy: 88.02%
Epoch 109 Test Accuracy:
Overall Accuracy: 87.08%
-------------------------------------------
Epoch 110 Training Accuracy:
Overall Accuracy: 86.61%
Epoch 110 Test Accuracy:
Overall Accuracy: 86.88%
-------------------------------------------
Epoch 111 Training Accuracy:
Overall Accuracy: 89.11%
Epoch 111 Test Accuracy:
Overall Accuracy: 89.79%
-------------------------------------------
Epoch 112 Training Accuracy:
Overall Accuracy: 89.32%
Epoch 112 Test Accuracy:
Overall Accuracy: 88.54%
-------------------------------------------
Epoch 113 Training Accuracy:
Overall Accuracy: 88.59%
Epoch 113 Test Accuracy:
Overall Accuracy: 88.75%
-------------------------------------------
Epoch 114 Training Accuracy:
Overall Accuracy: 91.04%
Epoch 114 Test Accuracy:
Overall Accuracy: 91.46%
-------------------------------------------
Epoch 115 Training Accuracy:
Overall Accuracy: 86.51%
Epoch 115 Test Accuracy:
Overall Accuracy: 87.92%
-------------------------------------------
Epoch 116 Training Accuracy:
Overall Accuracy: 89.17%
Epoch 116 Test Accuracy:
Overall Accuracy: 89.58%
-------------------------------------------
Epoch 117 Training Accuracy:
Overall Accuracy: 89.58%
Epoch 117 Test Accuracy:
Overall Accuracy: 90.00%
-------------------------------------------
Epoch 118 Training Accuracy:
Overall Accuracy: 91.30%
Epoch 118 Test Accuracy:
Overall Accuracy: 91.04%
-------------------------------------------
Epoch 119 Training Accuracy:
Overall Accuracy: 88.65%
Epoch 119 Test Accuracy:
Overall Accuracy: 88.54%
-------------------------------------------
Epoch 120 Training Accuracy:
Overall Accuracy: 89.22%
Epoch 120 Test Accuracy:
Overall Accuracy: 87.50%
-------------------------------------------
Epoch 121 Training Accuracy:
Overall Accuracy: 91.09%
Epoch 121 Test Accuracy:
Overall Accuracy: 90.83%
-------------------------------------------
Epoch 122 Training Accuracy:
Overall Accuracy: 91.20%
Epoch 122 Test Accuracy:
Overall Accuracy: 91.67%
-------------------------------------------
Epoch 123 Training Accuracy:
Overall Accuracy: 90.94%
Epoch 123 Test Accuracy:
Overall Accuracy: 91.25%
-------------------------------------------
Epoch 124 Training Accuracy:
Overall Accuracy: 91.56%
Epoch 124 Test Accuracy:
Overall Accuracy: 91.88%
-------------------------------------------
Epoch 125 Training Accuracy:
Overall Accuracy: 89.79%
Epoch 125 Test Accuracy:
Overall Accuracy: 91.25%
-------------------------------------------
Epoch 126 Training Accuracy:
Overall Accuracy: 90.99%
Epoch 126 Test Accuracy:
Overall Accuracy: 90.83%
-------------------------------------------
Epoch 127 Training Accuracy:
Overall Accuracy: 91.35%
Epoch 127 Test Accuracy:
Overall Accuracy: 91.67%
-------------------------------------------
Epoch 128 Training Accuracy:
Overall Accuracy: 91.46%
Epoch 128 Test Accuracy:
Overall Accuracy: 91.88%
-------------------------------------------
Epoch 129 Training Accuracy:
Overall Accuracy: 91.35%
Epoch 129 Test Accuracy:
Overall Accuracy: 91.67%
-------------------------------------------
Epoch 130 Training Accuracy:
Overall Accuracy: 91.15%
Epoch 130 Test Accuracy:
Overall Accuracy: 90.83%
-------------------------------------------
Epoch 131 Training Accuracy:
Overall Accuracy: 91.41%
Epoch 131 Test Accuracy:
Overall Accuracy: 91.25%
-------------------------------------------
Epoch 132 Training Accuracy:
Overall Accuracy: 89.69%
Epoch 132 Test Accuracy:
Overall Accuracy: 89.79%
-------------------------------------------
Epoch 133 Training Accuracy:
Overall Accuracy: 90.78%
Epoch 133 Test Accuracy:
Overall Accuracy: 91.46%
-------------------------------------------
Epoch 134 Training Accuracy:
Overall Accuracy: 87.03%
Epoch 134 Test Accuracy:
Overall Accuracy: 88.12%
-------------------------------------------
Epoch 135 Training Accuracy:
Overall Accuracy: 85.10%
Epoch 135 Test Accuracy:
Overall Accuracy: 83.96%
-------------------------------------------
Epoch 136 Training Accuracy:
Overall Accuracy: 86.67%
Epoch 136 Test Accuracy:
Overall Accuracy: 87.71%
-------------------------------------------
Epoch 137 Training Accuracy:
Overall Accuracy: 88.02%
Epoch 137 Test Accuracy:
Overall Accuracy: 88.12%
-------------------------------------------
Epoch 138 Training Accuracy:
Overall Accuracy: 89.48%
Epoch 138 Test Accuracy:
Overall Accuracy: 89.17%
-------------------------------------------
Epoch 139 Training Accuracy:
Overall Accuracy: 85.99%
Epoch 139 Test Accuracy:
Overall Accuracy: 85.83%
-------------------------------------------
Epoch 140 Training Accuracy:
Overall Accuracy: 86.56%
Epoch 140 Test Accuracy:
Overall Accuracy: 86.67%
-------------------------------------------
Epoch 141 Training Accuracy:
Overall Accuracy: 91.41%
Epoch 141 Test Accuracy:
Overall Accuracy: 91.04%
-------------------------------------------
Epoch 142 Training Accuracy:
Overall Accuracy: 90.16%
Epoch 142 Test Accuracy:
Overall Accuracy: 90.00%
-------------------------------------------
Epoch 143 Training Accuracy:
Overall Accuracy: 86.20%
Epoch 143 Test Accuracy:
Overall Accuracy: 87.71%
-------------------------------------------
Epoch 144 Training Accuracy:
Overall Accuracy: 89.43%
Epoch 144 Test Accuracy:
Overall Accuracy: 91.46%
-------------------------------------------
Epoch 145 Training Accuracy:
Overall Accuracy: 92.92%
Epoch 145 Test Accuracy:
Overall Accuracy: 94.17%
-------------------------------------------
Epoch 146 Training Accuracy:
Overall Accuracy: 90.31%
Epoch 146 Test Accuracy:
Overall Accuracy: 91.88%
-------------------------------------------
Epoch 147 Training Accuracy:
Overall Accuracy: 89.69%
Epoch 147 Test Accuracy:
Overall Accuracy: 92.08%
-------------------------------------------
Epoch 148 Training Accuracy:
Overall Accuracy: 90.16%
Epoch 148 Test Accuracy:
Overall Accuracy: 91.67%
-------------------------------------------
Epoch 149 Training Accuracy:
Overall Accuracy: 94.22%
Epoch 149 Test Accuracy:
Overall Accuracy: 95.21%
-------------------------------------------
Epoch 150 Training Accuracy:
Overall Accuracy: 94.38%
Epoch 150 Test Accuracy:
Overall Accuracy: 95.00%
-------------------------------------------
Epoch 151 Training Accuracy:
Overall Accuracy: 94.74%
Epoch 151 Test Accuracy:
Overall Accuracy: 95.21%
-------------------------------------------
Epoch 152 Training Accuracy:
Overall Accuracy: 93.07%
Epoch 152 Test Accuracy:
Overall Accuracy: 92.50%
-------------------------------------------
Epoch 153 Training Accuracy:
Overall Accuracy: 95.10%
Epoch 153 Test Accuracy:
Overall Accuracy: 94.58%
-------------------------------------------
Epoch 154 Training Accuracy:
Overall Accuracy: 94.01%
Epoch 154 Test Accuracy:
Overall Accuracy: 94.38%
-------------------------------------------
Epoch 155 Training Accuracy:
Overall Accuracy: 95.10%
Epoch 155 Test Accuracy:
Overall Accuracy: 95.42%
-------------------------------------------
Epoch 156 Training Accuracy:
Overall Accuracy: 94.53%
Epoch 156 Test Accuracy:
Overall Accuracy: 95.42%
-------------------------------------------
Epoch 157 Training Accuracy:
Overall Accuracy: 95.36%
Epoch 157 Test Accuracy:
Overall Accuracy: 96.04%
-------------------------------------------
Epoch 158 Training Accuracy:
Overall Accuracy: 95.05%
Epoch 158 Test Accuracy:
Overall Accuracy: 95.83%
-------------------------------------------
Epoch 159 Training Accuracy:
Overall Accuracy: 95.47%
Epoch 159 Test Accuracy:
Overall Accuracy: 96.25%
-------------------------------------------
Epoch 160 Training Accuracy:
Overall Accuracy: 95.68%
Epoch 160 Test Accuracy:
Overall Accuracy: 96.25%
-------------------------------------------
Epoch 161 Training Accuracy:
Overall Accuracy: 95.57%
Epoch 161 Test Accuracy:
Overall Accuracy: 96.25%
-------------------------------------------
Epoch 162 Training Accuracy:
Overall Accuracy: 95.42%
Epoch 162 Test Accuracy:
Overall Accuracy: 95.83%
-------------------------------------------
Epoch 163 Training Accuracy:
Overall Accuracy: 95.47%
Epoch 163 Test Accuracy:
Overall Accuracy: 95.83%
-------------------------------------------
Epoch 164 Training Accuracy:
Overall Accuracy: 95.47%
Epoch 164 Test Accuracy:
Overall Accuracy: 95.83%
-------------------------------------------
Epoch 165 Training Accuracy:
Overall Accuracy: 95.26%
Epoch 165 Test Accuracy:
Overall Accuracy: 95.62%
-------------------------------------------
Epoch 166 Training Accuracy:
Overall Accuracy: 94.48%
Epoch 166 Test Accuracy:
Overall Accuracy: 95.42%
-------------------------------------------
Epoch 167 Training Accuracy:
Overall Accuracy: 95.16%
Epoch 167 Test Accuracy:
Overall Accuracy: 95.83%
-------------------------------------------
Epoch 168 Training Accuracy:
Overall Accuracy: 94.53%
Epoch 168 Test Accuracy:
Overall Accuracy: 93.75%
-------------------------------------------
Epoch 169 Training Accuracy:
Overall Accuracy: 94.64%
Epoch 169 Test Accuracy:
Overall Accuracy: 95.21%
-------------------------------------------
Epoch 170 Training Accuracy:
Overall Accuracy: 95.57%
Epoch 170 Test Accuracy:
Overall Accuracy: 96.04%
-------------------------------------------
Epoch 171 Training Accuracy:
Overall Accuracy: 94.17%
Epoch 171 Test Accuracy:
Overall Accuracy: 93.33%
-------------------------------------------
Epoch 172 Training Accuracy:
Overall Accuracy: 95.57%
Epoch 172 Test Accuracy:
Overall Accuracy: 95.83%
-------------------------------------------
Epoch 173 Training Accuracy:
Overall Accuracy: 95.57%
Epoch 173 Test Accuracy:
Overall Accuracy: 95.83%
-------------------------------------------
Epoch 174 Training Accuracy:
Overall Accuracy: 94.84%
Epoch 174 Test Accuracy:
Overall Accuracy: 95.83%
-------------------------------------------
Epoch 175 Training Accuracy:
Overall Accuracy: 90.52%
Epoch 175 Test Accuracy:
Overall Accuracy: 90.62%
-------------------------------------------
Epoch 176 Training Accuracy:
Overall Accuracy: 89.64%
Epoch 176 Test Accuracy:
Overall Accuracy: 89.79%
-------------------------------------------
Epoch 177 Training Accuracy:
Overall Accuracy: 91.20%
Epoch 177 Test Accuracy:
Overall Accuracy: 91.25%
-------------------------------------------
Epoch 178 Training Accuracy:
Overall Accuracy: 95.42%
Epoch 178 Test Accuracy:
Overall Accuracy: 96.04%
-------------------------------------------
Epoch 179 Training Accuracy:
Overall Accuracy: 95.42%
Epoch 179 Test Accuracy:
Overall Accuracy: 95.62%
-------------------------------------------
Epoch 180 Training Accuracy:
Overall Accuracy: 94.90%
Epoch 180 Test Accuracy:
Overall Accuracy: 95.00%
-------------------------------------------
Epoch 181 Training Accuracy:
Overall Accuracy: 95.62%
Epoch 181 Test Accuracy:
Overall Accuracy: 95.83%
-------------------------------------------
Epoch 182 Training Accuracy:
Overall Accuracy: 95.47%
Epoch 182 Test Accuracy:
Overall Accuracy: 96.04%
-------------------------------------------
Epoch 183 Training Accuracy:
Overall Accuracy: 95.16%
Epoch 183 Test Accuracy:
Overall Accuracy: 96.25%
-------------------------------------------
Epoch 184 Training Accuracy:
Overall Accuracy: 94.11%
Epoch 184 Test Accuracy:
Overall Accuracy: 93.75%
-------------------------------------------
Epoch 185 Training Accuracy:
Overall Accuracy: 95.62%
Epoch 185 Test Accuracy:
Overall Accuracy: 96.25%
-------------------------------------------
Epoch 186 Training Accuracy:
Overall Accuracy: 95.57%
Epoch 186 Test Accuracy:
Overall Accuracy: 96.25%
-------------------------------------------
Epoch 187 Training Accuracy:
Overall Accuracy: 95.62%
Epoch 187 Test Accuracy:
Overall Accuracy: 96.25%
-------------------------------------------
Epoch 188 Training Accuracy:
Overall Accuracy: 95.57%
Epoch 188 Test Accuracy:
Overall Accuracy: 96.04%
-------------------------------------------
Epoch 189 Training Accuracy:
Overall Accuracy: 95.57%
Epoch 189 Test Accuracy:
Overall Accuracy: 95.42%
-------------------------------------------
Epoch 190 Training Accuracy:
Overall Accuracy: 95.05%
Epoch 190 Test Accuracy:
Overall Accuracy: 95.62%
-------------------------------------------
Epoch 191 Training Accuracy:
Overall Accuracy: 95.52%
Epoch 191 Test Accuracy:
Overall Accuracy: 95.83%
-------------------------------------------
Epoch 192 Training Accuracy:
Overall Accuracy: 95.47%
Epoch 192 Test Accuracy:
Overall Accuracy: 96.25%
-------------------------------------------
Epoch 193 Training Accuracy:
Overall Accuracy: 95.31%
Epoch 193 Test Accuracy:
Overall Accuracy: 96.25%
-------------------------------------------
Epoch 194 Training Accuracy:
Overall Accuracy: 95.52%
Epoch 194 Test Accuracy:
Overall Accuracy: 96.04%
-------------------------------------------
Epoch 195 Training Accuracy:
Overall Accuracy: 95.73%
Epoch 195 Test Accuracy:
Overall Accuracy: 96.25%
-------------------------------------------
Epoch 196 Training Accuracy:
Overall Accuracy: 95.42%
Epoch 196 Test Accuracy:
Overall Accuracy: 96.25%
-------------------------------------------
Epoch 197 Training Accuracy:
Overall Accuracy: 95.16%
Epoch 197 Test Accuracy:
Overall Accuracy: 95.42%
-------------------------------------------
Epoch 198 Training Accuracy:
Overall Accuracy: 92.66%
Epoch 198 Test Accuracy:
Overall Accuracy: 93.33%
-------------------------------------------
Epoch 199 Training Accuracy:
Overall Accuracy: 95.62%
Epoch 199 Test Accuracy:
Overall Accuracy: 96.25%
-------------------------------------------
Epoch 200 Training Accuracy:
Overall Accuracy: 93.23%
Epoch 200 Test Accuracy:
Overall Accuracy: 93.33%
-------------------------------------------
Training Complete
Best training acc: 95.72916666666667, best testing acc: 96.25
Epoch 1 Training Accuracy:
Overall Accuracy: 0.00%
Epoch 1 Test Accuracy:
Overall Accuracy: 0.00%
-------------------------------------------
Epoch 2 Training Accuracy:
Overall Accuracy: 3.91%
Epoch 2 Test Accuracy:
Overall Accuracy: 2.08%
-------------------------------------------
Epoch 3 Training Accuracy:
Overall Accuracy: 4.53%
Epoch 3 Test Accuracy:
Overall Accuracy: 2.71%
-------------------------------------------
Epoch 4 Training Accuracy:
Overall Accuracy: 8.44%
Epoch 4 Test Accuracy:
Overall Accuracy: 7.92%
-------------------------------------------
Epoch 5 Training Accuracy:
Overall Accuracy: 3.85%
Epoch 5 Test Accuracy:
Overall Accuracy: 5.42%
-------------------------------------------
Epoch 6 Training Accuracy:
Overall Accuracy: 16.25%
Epoch 6 Test Accuracy:
Overall Accuracy: 16.67%
-------------------------------------------
Epoch 7 Training Accuracy:
Overall Accuracy: 4.69%
Epoch 7 Test Accuracy:
Overall Accuracy: 6.04%
-------------------------------------------
Epoch 8 Training Accuracy:
Overall Accuracy: 20.42%
Epoch 8 Test Accuracy:
Overall Accuracy: 22.50%
-------------------------------------------
Epoch 9 Training Accuracy:
Overall Accuracy: 21.15%
Epoch 9 Test Accuracy:
Overall Accuracy: 19.58%
-------------------------------------------
Epoch 10 Training Accuracy:
Overall Accuracy: 12.40%
Epoch 10 Test Accuracy:
Overall Accuracy: 12.92%
-------------------------------------------
Epoch 11 Training Accuracy:
Overall Accuracy: 17.08%
Epoch 11 Test Accuracy:
Overall Accuracy: 19.17%
-------------------------------------------
Epoch 12 Training Accuracy:
Overall Accuracy: 31.82%
Epoch 12 Test Accuracy:
Overall Accuracy: 32.50%
-------------------------------------------
Epoch 13 Training Accuracy:
Overall Accuracy: 20.36%
Epoch 13 Test Accuracy:
Overall Accuracy: 20.00%
-------------------------------------------
Epoch 14 Training Accuracy:
Overall Accuracy: 20.94%
Epoch 14 Test Accuracy:
Overall Accuracy: 20.83%
-------------------------------------------
Epoch 15 Training Accuracy:
Overall Accuracy: 28.65%
Epoch 15 Test Accuracy:
Overall Accuracy: 30.83%
-------------------------------------------
Epoch 16 Training Accuracy:
Overall Accuracy: 34.58%
Epoch 16 Test Accuracy:
Overall Accuracy: 32.29%
-------------------------------------------
Epoch 17 Training Accuracy:
Overall Accuracy: 25.21%
Epoch 17 Test Accuracy:
Overall Accuracy: 21.46%
-------------------------------------------
Epoch 18 Training Accuracy:
Overall Accuracy: 33.96%
Epoch 18 Test Accuracy:
Overall Accuracy: 35.62%
-------------------------------------------
Epoch 19 Training Accuracy:
Overall Accuracy: 33.12%
Epoch 19 Test Accuracy:
Overall Accuracy: 34.17%
-------------------------------------------
Epoch 20 Training Accuracy:
Overall Accuracy: 41.82%
Epoch 20 Test Accuracy:
Overall Accuracy: 41.04%
-------------------------------------------
Epoch 21 Training Accuracy:
Overall Accuracy: 33.23%
Epoch 21 Test Accuracy:
Overall Accuracy: 34.79%
-------------------------------------------
Epoch 22 Training Accuracy:
Overall Accuracy: 36.82%
Epoch 22 Test Accuracy:
Overall Accuracy: 37.50%
-------------------------------------------
Epoch 23 Training Accuracy:
Overall Accuracy: 38.02%
Epoch 23 Test Accuracy:
Overall Accuracy: 36.04%
-------------------------------------------
Epoch 24 Training Accuracy:
Overall Accuracy: 50.10%
Epoch 24 Test Accuracy:
Overall Accuracy: 50.62%
-------------------------------------------
Epoch 25 Training Accuracy:
Overall Accuracy: 51.88%
Epoch 25 Test Accuracy:
Overall Accuracy: 52.92%
-------------------------------------------
Epoch 26 Training Accuracy:
Overall Accuracy: 51.04%
Epoch 26 Test Accuracy:
Overall Accuracy: 53.12%
-------------------------------------------
Epoch 27 Training Accuracy:
Overall Accuracy: 55.42%
Epoch 27 Test Accuracy:
Overall Accuracy: 57.29%
-------------------------------------------
Epoch 28 Training Accuracy:
Overall Accuracy: 54.43%
Epoch 28 Test Accuracy:
Overall Accuracy: 57.50%
-------------------------------------------
Epoch 29 Training Accuracy:
Overall Accuracy: 63.39%
Epoch 29 Test Accuracy:
Overall Accuracy: 64.17%
-------------------------------------------
Epoch 30 Training Accuracy:
Overall Accuracy: 69.74%
Epoch 30 Test Accuracy:
Overall Accuracy: 67.92%
-------------------------------------------
Epoch 31 Training Accuracy:
Overall Accuracy: 66.61%
Epoch 31 Test Accuracy:
Overall Accuracy: 65.42%
-------------------------------------------
Epoch 32 Training Accuracy:
Overall Accuracy: 62.92%
Epoch 32 Test Accuracy:
Overall Accuracy: 60.62%
-------------------------------------------
Epoch 33 Training Accuracy:
Overall Accuracy: 63.80%
Epoch 33 Test Accuracy:
Overall Accuracy: 62.92%
-------------------------------------------
Epoch 34 Training Accuracy:
Overall Accuracy: 64.79%
Epoch 34 Test Accuracy:
Overall Accuracy: 61.04%
-------------------------------------------
Epoch 35 Training Accuracy:
Overall Accuracy: 62.55%
Epoch 35 Test Accuracy:
Overall Accuracy: 61.25%
-------------------------------------------
Epoch 36 Training Accuracy:
Overall Accuracy: 66.51%
Epoch 36 Test Accuracy:
Overall Accuracy: 64.58%
-------------------------------------------
Epoch 37 Training Accuracy:
Overall Accuracy: 65.26%
Epoch 37 Test Accuracy:
Overall Accuracy: 61.46%
-------------------------------------------
Epoch 38 Training Accuracy:
Overall Accuracy: 66.77%
Epoch 38 Test Accuracy:
Overall Accuracy: 63.75%
-------------------------------------------
Epoch 39 Training Accuracy:
Overall Accuracy: 66.35%
Epoch 39 Test Accuracy:
Overall Accuracy: 63.75%
-------------------------------------------
Epoch 40 Training Accuracy:
Overall Accuracy: 59.90%
Epoch 40 Test Accuracy:
Overall Accuracy: 57.08%
-------------------------------------------
Epoch 41 Training Accuracy:
Overall Accuracy: 64.32%
Epoch 41 Test Accuracy:
Overall Accuracy: 60.42%
-------------------------------------------
Epoch 42 Training Accuracy:
Overall Accuracy: 63.39%
Epoch 42 Test Accuracy:
Overall Accuracy: 58.96%
-------------------------------------------
Epoch 43 Training Accuracy:
Overall Accuracy: 67.14%
Epoch 43 Test Accuracy:
Overall Accuracy: 64.79%
-------------------------------------------
Epoch 44 Training Accuracy:
Overall Accuracy: 65.78%
Epoch 44 Test Accuracy:
Overall Accuracy: 63.12%
-------------------------------------------
Epoch 45 Training Accuracy:
Overall Accuracy: 67.03%
Epoch 45 Test Accuracy:
Overall Accuracy: 64.38%
-------------------------------------------
Epoch 46 Training Accuracy:
Overall Accuracy: 67.08%
Epoch 46 Test Accuracy:
Overall Accuracy: 64.38%
-------------------------------------------
Epoch 47 Training Accuracy:
Overall Accuracy: 69.84%
Epoch 47 Test Accuracy:
Overall Accuracy: 68.12%
-------------------------------------------
Epoch 48 Training Accuracy:
Overall Accuracy: 71.09%
Epoch 48 Test Accuracy:
Overall Accuracy: 69.17%
-------------------------------------------
Epoch 49 Training Accuracy:
Overall Accuracy: 71.20%
Epoch 49 Test Accuracy:
Overall Accuracy: 69.17%
-------------------------------------------
Epoch 50 Training Accuracy:
Overall Accuracy: 71.72%
Epoch 50 Test Accuracy:
Overall Accuracy: 69.79%
-------------------------------------------
Epoch 51 Training Accuracy:
Overall Accuracy: 72.55%
Epoch 51 Test Accuracy:
Overall Accuracy: 70.21%
-------------------------------------------
Epoch 52 Training Accuracy:
Overall Accuracy: 73.33%
Epoch 52 Test Accuracy:
Overall Accuracy: 72.29%
-------------------------------------------
Epoch 53 Training Accuracy:
Overall Accuracy: 74.22%
Epoch 53 Test Accuracy:
Overall Accuracy: 73.75%
-------------------------------------------
Epoch 54 Training Accuracy:
Overall Accuracy: 74.84%
Epoch 54 Test Accuracy:
Overall Accuracy: 73.96%
-------------------------------------------
Epoch 55 Training Accuracy:
Overall Accuracy: 70.52%
Epoch 55 Test Accuracy:
Overall Accuracy: 68.75%
-------------------------------------------
Epoch 56 Training Accuracy:
Overall Accuracy: 69.11%
Epoch 56 Test Accuracy:
Overall Accuracy: 68.96%
-------------------------------------------
Epoch 57 Training Accuracy:
Overall Accuracy: 68.28%
Epoch 57 Test Accuracy:
Overall Accuracy: 68.54%
-------------------------------------------
Epoch 58 Training Accuracy:
Overall Accuracy: 77.03%
Epoch 58 Test Accuracy:
Overall Accuracy: 76.25%
-------------------------------------------
Epoch 59 Training Accuracy:
Overall Accuracy: 75.31%
Epoch 59 Test Accuracy:
Overall Accuracy: 73.12%
-------------------------------------------
Epoch 60 Training Accuracy:
Overall Accuracy: 77.92%
Epoch 60 Test Accuracy:
Overall Accuracy: 76.67%
-------------------------------------------
Epoch 61 Training Accuracy:
Overall Accuracy: 80.31%
Epoch 61 Test Accuracy:
Overall Accuracy: 77.71%
-------------------------------------------
Epoch 62 Training Accuracy:
Overall Accuracy: 83.44%
Epoch 62 Test Accuracy:
Overall Accuracy: 81.88%
-------------------------------------------
Epoch 63 Training Accuracy:
Overall Accuracy: 82.71%
Epoch 63 Test Accuracy:
Overall Accuracy: 81.46%
-------------------------------------------
Epoch 64 Training Accuracy:
Overall Accuracy: 83.54%
Epoch 64 Test Accuracy:
Overall Accuracy: 82.29%
-------------------------------------------
Epoch 65 Training Accuracy:
Overall Accuracy: 83.44%
Epoch 65 Test Accuracy:
Overall Accuracy: 81.88%
-------------------------------------------
Epoch 66 Training Accuracy:
Overall Accuracy: 82.14%
Epoch 66 Test Accuracy:
Overall Accuracy: 79.79%
-------------------------------------------
Epoch 67 Training Accuracy:
Overall Accuracy: 76.56%
Epoch 67 Test Accuracy:
Overall Accuracy: 75.42%
-------------------------------------------
Epoch 68 Training Accuracy:
Overall Accuracy: 83.44%
Epoch 68 Test Accuracy:
Overall Accuracy: 81.67%
-------------------------------------------
Epoch 69 Training Accuracy:
Overall Accuracy: 72.50%
Epoch 69 Test Accuracy:
Overall Accuracy: 71.04%
-------------------------------------------
Epoch 70 Training Accuracy:
Overall Accuracy: 79.64%
Epoch 70 Test Accuracy:
Overall Accuracy: 77.08%
-------------------------------------------
Epoch 71 Training Accuracy:
Overall Accuracy: 79.69%
Epoch 71 Test Accuracy:
Overall Accuracy: 78.96%
-------------------------------------------
Epoch 72 Training Accuracy:
Overall Accuracy: 83.39%
Epoch 72 Test Accuracy:
Overall Accuracy: 81.67%
-------------------------------------------
Epoch 73 Training Accuracy:
Overall Accuracy: 81.77%
Epoch 73 Test Accuracy:
Overall Accuracy: 80.21%
-------------------------------------------
Epoch 74 Training Accuracy:
Overall Accuracy: 76.09%
Epoch 74 Test Accuracy:
Overall Accuracy: 75.21%
-------------------------------------------
Epoch 75 Training Accuracy:
Overall Accuracy: 83.23%
Epoch 75 Test Accuracy:
Overall Accuracy: 81.46%
-------------------------------------------
Epoch 76 Training Accuracy:
Overall Accuracy: 83.54%
Epoch 76 Test Accuracy:
Overall Accuracy: 81.88%
-------------------------------------------
Epoch 77 Training Accuracy:
Overall Accuracy: 83.54%
Epoch 77 Test Accuracy:
Overall Accuracy: 81.88%
-------------------------------------------
Epoch 78 Training Accuracy:
Overall Accuracy: 78.07%
Epoch 78 Test Accuracy:
Overall Accuracy: 75.83%
-------------------------------------------
Epoch 79 Training Accuracy:
Overall Accuracy: 77.45%
Epoch 79 Test Accuracy:
Overall Accuracy: 76.04%
-------------------------------------------
Epoch 80 Training Accuracy:
Overall Accuracy: 76.46%
Epoch 80 Test Accuracy:
Overall Accuracy: 75.00%
-------------------------------------------
Epoch 81 Training Accuracy:
Overall Accuracy: 82.29%
Epoch 81 Test Accuracy:
Overall Accuracy: 80.62%
-------------------------------------------
Epoch 82 Training Accuracy:
Overall Accuracy: 51.72%
Epoch 82 Test Accuracy:
Overall Accuracy: 49.79%
-------------------------------------------
Epoch 83 Training Accuracy:
Overall Accuracy: 74.64%
Epoch 83 Test Accuracy:
Overall Accuracy: 73.54%
-------------------------------------------
Epoch 84 Training Accuracy:
Overall Accuracy: 70.31%
Epoch 84 Test Accuracy:
Overall Accuracy: 70.83%
-------------------------------------------
Epoch 85 Training Accuracy:
Overall Accuracy: 75.78%
Epoch 85 Test Accuracy:
Overall Accuracy: 73.75%
-------------------------------------------
Epoch 86 Training Accuracy:
Overall Accuracy: 72.03%
Epoch 86 Test Accuracy:
Overall Accuracy: 71.04%
-------------------------------------------
Epoch 87 Training Accuracy:
Overall Accuracy: 67.08%
Epoch 87 Test Accuracy:
Overall Accuracy: 65.62%
-------------------------------------------
Epoch 88 Training Accuracy:
Overall Accuracy: 68.23%
Epoch 88 Test Accuracy:
Overall Accuracy: 67.29%
-------------------------------------------
Epoch 89 Training Accuracy:
Overall Accuracy: 73.12%
Epoch 89 Test Accuracy:
Overall Accuracy: 72.08%
-------------------------------------------
Epoch 90 Training Accuracy:
Overall Accuracy: 79.74%
Epoch 90 Test Accuracy:
Overall Accuracy: 76.88%
-------------------------------------------
Epoch 91 Training Accuracy:
Overall Accuracy: 75.42%
Epoch 91 Test Accuracy:
Overall Accuracy: 73.12%
-------------------------------------------
Epoch 92 Training Accuracy:
Overall Accuracy: 75.36%
Epoch 92 Test Accuracy:
Overall Accuracy: 73.54%
-------------------------------------------
Epoch 93 Training Accuracy:
Overall Accuracy: 75.42%
Epoch 93 Test Accuracy:
Overall Accuracy: 73.33%
-------------------------------------------
Epoch 94 Training Accuracy:
Overall Accuracy: 67.08%
Epoch 94 Test Accuracy:
Overall Accuracy: 64.58%
-------------------------------------------
Epoch 95 Training Accuracy:
Overall Accuracy: 71.04%
Epoch 95 Test Accuracy:
Overall Accuracy: 70.00%
-------------------------------------------
Epoch 96 Training Accuracy:
Overall Accuracy: 79.74%
Epoch 96 Test Accuracy:
Overall Accuracy: 76.88%
-------------------------------------------
Epoch 97 Training Accuracy:
Overall Accuracy: 75.78%
Epoch 97 Test Accuracy:
Overall Accuracy: 73.96%
-------------------------------------------
Epoch 98 Training Accuracy:
Overall Accuracy: 81.61%
Epoch 98 Test Accuracy:
Overall Accuracy: 78.96%
-------------------------------------------
Epoch 99 Training Accuracy:
Overall Accuracy: 74.79%
Epoch 99 Test Accuracy:
Overall Accuracy: 75.21%
-------------------------------------------
Epoch 100 Training Accuracy:
Overall Accuracy: 75.42%
Epoch 100 Test Accuracy:
Overall Accuracy: 73.33%
-------------------------------------------
Epoch 101 Training Accuracy:
Overall Accuracy: 79.74%
Epoch 101 Test Accuracy:
Overall Accuracy: 76.88%
-------------------------------------------
Epoch 102 Training Accuracy:
Overall Accuracy: 71.72%
Epoch 102 Test Accuracy:
Overall Accuracy: 70.83%
-------------------------------------------
Epoch 103 Training Accuracy:
Overall Accuracy: 78.02%
Epoch 103 Test Accuracy:
Overall Accuracy: 76.67%
-------------------------------------------
Epoch 104 Training Accuracy:
Overall Accuracy: 83.12%
Epoch 104 Test Accuracy:
Overall Accuracy: 81.46%
-------------------------------------------
Epoch 105 Training Accuracy:
Overall Accuracy: 76.77%
Epoch 105 Test Accuracy:
Overall Accuracy: 76.25%
-------------------------------------------
Epoch 106 Training Accuracy:
Overall Accuracy: 80.21%
Epoch 106 Test Accuracy:
Overall Accuracy: 77.71%
-------------------------------------------
Epoch 107 Training Accuracy:
Overall Accuracy: 82.76%
Epoch 107 Test Accuracy:
Overall Accuracy: 81.46%
-------------------------------------------
Epoch 108 Training Accuracy:
Overall Accuracy: 83.23%
Epoch 108 Test Accuracy:
Overall Accuracy: 81.46%
-------------------------------------------
Epoch 109 Training Accuracy:
Overall Accuracy: 79.79%
Epoch 109 Test Accuracy:
Overall Accuracy: 77.50%
-------------------------------------------
Epoch 110 Training Accuracy:
Overall Accuracy: 77.19%
Epoch 110 Test Accuracy:
Overall Accuracy: 75.00%
-------------------------------------------
Epoch 111 Training Accuracy:
Overall Accuracy: 78.23%
Epoch 111 Test Accuracy:
Overall Accuracy: 76.25%
-------------------------------------------
Epoch 112 Training Accuracy:
Overall Accuracy: 78.96%
Epoch 112 Test Accuracy:
Overall Accuracy: 76.46%
-------------------------------------------
Epoch 113 Training Accuracy:
Overall Accuracy: 75.57%
Epoch 113 Test Accuracy:
Overall Accuracy: 73.96%
-------------------------------------------
Epoch 114 Training Accuracy:
Overall Accuracy: 82.92%
Epoch 114 Test Accuracy:
Overall Accuracy: 81.46%
-------------------------------------------
Epoch 115 Training Accuracy:
Overall Accuracy: 79.69%
Epoch 115 Test Accuracy:
Overall Accuracy: 76.88%
-------------------------------------------
Epoch 116 Training Accuracy:
Overall Accuracy: 80.99%
Epoch 116 Test Accuracy:
Overall Accuracy: 79.38%
-------------------------------------------
Epoch 117 Training Accuracy:
Overall Accuracy: 82.76%
Epoch 117 Test Accuracy:
Overall Accuracy: 81.04%
-------------------------------------------
Epoch 118 Training Accuracy:
Overall Accuracy: 81.51%
Epoch 118 Test Accuracy:
Overall Accuracy: 80.21%
-------------------------------------------
Epoch 119 Training Accuracy:
Overall Accuracy: 83.49%
Epoch 119 Test Accuracy:
Overall Accuracy: 81.88%
-------------------------------------------
Epoch 120 Training Accuracy:
Overall Accuracy: 83.54%
Epoch 120 Test Accuracy:
Overall Accuracy: 81.88%
-------------------------------------------
Epoch 121 Training Accuracy:
Overall Accuracy: 75.78%
Epoch 121 Test Accuracy:
Overall Accuracy: 73.96%
-------------------------------------------
Epoch 122 Training Accuracy:
Overall Accuracy: 78.02%
Epoch 122 Test Accuracy:
Overall Accuracy: 77.29%
-------------------------------------------
Epoch 123 Training Accuracy:
Overall Accuracy: 79.74%
Epoch 123 Test Accuracy:
Overall Accuracy: 76.88%
-------------------------------------------
Epoch 124 Training Accuracy:
Overall Accuracy: 82.24%
Epoch 124 Test Accuracy:
Overall Accuracy: 81.46%
-------------------------------------------
Epoch 125 Training Accuracy:
Overall Accuracy: 80.00%
Epoch 125 Test Accuracy:
Overall Accuracy: 77.50%
-------------------------------------------
Epoch 126 Training Accuracy:
Overall Accuracy: 78.18%
Epoch 126 Test Accuracy:
Overall Accuracy: 76.88%
-------------------------------------------
Epoch 127 Training Accuracy:
Overall Accuracy: 75.83%
Epoch 127 Test Accuracy:
Overall Accuracy: 73.75%
-------------------------------------------
Epoch 128 Training Accuracy:
Overall Accuracy: 78.75%
Epoch 128 Test Accuracy:
Overall Accuracy: 77.92%
-------------------------------------------
Epoch 129 Training Accuracy:
Overall Accuracy: 77.60%
Epoch 129 Test Accuracy:
Overall Accuracy: 75.21%
-------------------------------------------
Epoch 130 Training Accuracy:
Overall Accuracy: 80.99%
Epoch 130 Test Accuracy:
Overall Accuracy: 79.58%
-------------------------------------------
Epoch 131 Training Accuracy:
Overall Accuracy: 75.62%
Epoch 131 Test Accuracy:
Overall Accuracy: 73.75%
-------------------------------------------
Epoch 132 Training Accuracy:
Overall Accuracy: 83.12%
Epoch 132 Test Accuracy:
Overall Accuracy: 81.25%
-------------------------------------------
Epoch 133 Training Accuracy:
Overall Accuracy: 77.29%
Epoch 133 Test Accuracy:
Overall Accuracy: 74.79%
-------------------------------------------
Epoch 134 Training Accuracy:
Overall Accuracy: 81.77%
Epoch 134 Test Accuracy:
Overall Accuracy: 78.96%
-------------------------------------------
Epoch 135 Training Accuracy:
Overall Accuracy: 82.45%
Epoch 135 Test Accuracy:
Overall Accuracy: 80.83%
-------------------------------------------
Epoch 136 Training Accuracy:
Overall Accuracy: 82.45%
Epoch 136 Test Accuracy:
Overall Accuracy: 80.42%
-------------------------------------------
Epoch 137 Training Accuracy:
Overall Accuracy: 83.02%
Epoch 137 Test Accuracy:
Overall Accuracy: 81.25%
-------------------------------------------
Epoch 138 Training Accuracy:
Overall Accuracy: 82.97%
Epoch 138 Test Accuracy:
Overall Accuracy: 81.04%
-------------------------------------------
Epoch 139 Training Accuracy:
Overall Accuracy: 83.12%
Epoch 139 Test Accuracy:
Overall Accuracy: 82.08%
-------------------------------------------
Epoch 140 Training Accuracy:
Overall Accuracy: 79.38%
Epoch 140 Test Accuracy:
Overall Accuracy: 76.46%
-------------------------------------------
Epoch 141 Training Accuracy:
Overall Accuracy: 79.58%
Epoch 141 Test Accuracy:
Overall Accuracy: 78.12%
-------------------------------------------
Epoch 142 Training Accuracy:
Overall Accuracy: 79.27%
Epoch 142 Test Accuracy:
Overall Accuracy: 76.67%
-------------------------------------------
Epoch 143 Training Accuracy:
Overall Accuracy: 76.88%
Epoch 143 Test Accuracy:
Overall Accuracy: 74.79%
-------------------------------------------
Epoch 144 Training Accuracy:
Overall Accuracy: 78.23%
Epoch 144 Test Accuracy:
Overall Accuracy: 76.04%
-------------------------------------------
Epoch 145 Training Accuracy:
Overall Accuracy: 81.41%
Epoch 145 Test Accuracy:
Overall Accuracy: 80.42%
-------------------------------------------
Epoch 146 Training Accuracy:
Overall Accuracy: 82.24%
Epoch 146 Test Accuracy:
Overall Accuracy: 79.38%
-------------------------------------------
Epoch 147 Training Accuracy:
Overall Accuracy: 82.97%
Epoch 147 Test Accuracy:
Overall Accuracy: 80.83%
-------------------------------------------
Epoch 148 Training Accuracy:
Overall Accuracy: 78.85%
Epoch 148 Test Accuracy:
Overall Accuracy: 77.71%
-------------------------------------------
Epoch 149 Training Accuracy:
Overall Accuracy: 82.19%
Epoch 149 Test Accuracy:
Overall Accuracy: 80.83%
-------------------------------------------
Epoch 150 Training Accuracy:
Overall Accuracy: 75.94%
Epoch 150 Test Accuracy:
Overall Accuracy: 74.17%
-------------------------------------------
Epoch 151 Training Accuracy:
Overall Accuracy: 75.42%
Epoch 151 Test Accuracy:
Overall Accuracy: 73.33%
-------------------------------------------
Epoch 152 Training Accuracy:
Overall Accuracy: 79.22%
Epoch 152 Test Accuracy:
Overall Accuracy: 76.25%
-------------------------------------------
Epoch 153 Training Accuracy:
Overall Accuracy: 69.01%
Epoch 153 Test Accuracy:
Overall Accuracy: 67.71%
-------------------------------------------
Epoch 154 Training Accuracy:
Overall Accuracy: 77.19%
Epoch 154 Test Accuracy:
Overall Accuracy: 76.88%
-------------------------------------------
Epoch 155 Training Accuracy:
Overall Accuracy: 75.21%
Epoch 155 Test Accuracy:
Overall Accuracy: 72.92%
-------------------------------------------
Epoch 156 Training Accuracy:
Overall Accuracy: 69.74%
Epoch 156 Test Accuracy:
Overall Accuracy: 67.29%
-------------------------------------------
Epoch 157 Training Accuracy:
Overall Accuracy: 71.88%
Epoch 157 Test Accuracy:
Overall Accuracy: 70.62%
-------------------------------------------
Epoch 158 Training Accuracy:
Overall Accuracy: 79.90%
Epoch 158 Test Accuracy:
Overall Accuracy: 78.75%
-------------------------------------------
Epoch 159 Training Accuracy:
Overall Accuracy: 78.28%
Epoch 159 Test Accuracy:
Overall Accuracy: 76.04%
-------------------------------------------
Epoch 160 Training Accuracy:
Overall Accuracy: 79.01%
Epoch 160 Test Accuracy:
Overall Accuracy: 75.42%
-------------------------------------------
Epoch 161 Training Accuracy:
Overall Accuracy: 72.71%
Epoch 161 Test Accuracy:
Overall Accuracy: 70.42%
-------------------------------------------
Epoch 162 Training Accuracy:
Overall Accuracy: 82.03%
Epoch 162 Test Accuracy:
Overall Accuracy: 78.96%
-------------------------------------------
Epoch 163 Training Accuracy:
Overall Accuracy: 69.48%
Epoch 163 Test Accuracy:
Overall Accuracy: 65.83%
-------------------------------------------
Epoch 164 Training Accuracy:
Overall Accuracy: 83.54%
Epoch 164 Test Accuracy:
Overall Accuracy: 82.50%
-------------------------------------------
Epoch 165 Training Accuracy:
Overall Accuracy: 80.52%
Epoch 165 Test Accuracy:
Overall Accuracy: 79.17%
-------------------------------------------
Epoch 166 Training Accuracy:
Overall Accuracy: 87.71%
Epoch 166 Test Accuracy:
Overall Accuracy: 86.67%
-------------------------------------------
Epoch 167 Training Accuracy:
Overall Accuracy: 81.72%
Epoch 167 Test Accuracy:
Overall Accuracy: 81.04%
-------------------------------------------
Epoch 168 Training Accuracy:
Overall Accuracy: 81.82%
Epoch 168 Test Accuracy:
Overall Accuracy: 80.62%
-------------------------------------------
Epoch 169 Training Accuracy:
Overall Accuracy: 89.06%
Epoch 169 Test Accuracy:
Overall Accuracy: 88.96%
-------------------------------------------
Epoch 170 Training Accuracy:
Overall Accuracy: 86.82%
Epoch 170 Test Accuracy:
Overall Accuracy: 85.21%
-------------------------------------------
Epoch 171 Training Accuracy:
Overall Accuracy: 87.71%
Epoch 171 Test Accuracy:
Overall Accuracy: 86.46%
-------------------------------------------
Epoch 172 Training Accuracy:
Overall Accuracy: 91.25%
Epoch 172 Test Accuracy:
Overall Accuracy: 90.62%
-------------------------------------------
Epoch 173 Training Accuracy:
Overall Accuracy: 84.69%
Epoch 173 Test Accuracy:
Overall Accuracy: 83.75%
-------------------------------------------
Epoch 174 Training Accuracy:
Overall Accuracy: 91.15%
Epoch 174 Test Accuracy:
Overall Accuracy: 90.42%
-------------------------------------------
Epoch 175 Training Accuracy:
Overall Accuracy: 93.02%
Epoch 175 Test Accuracy:
Overall Accuracy: 91.46%
-------------------------------------------
Epoch 176 Training Accuracy:
Overall Accuracy: 85.05%
Epoch 176 Test Accuracy:
Overall Accuracy: 84.38%
-------------------------------------------
Epoch 177 Training Accuracy:
Overall Accuracy: 85.68%
Epoch 177 Test Accuracy:
Overall Accuracy: 86.25%
-------------------------------------------
Epoch 178 Training Accuracy:
Overall Accuracy: 91.41%
Epoch 178 Test Accuracy:
Overall Accuracy: 91.04%
-------------------------------------------
Epoch 179 Training Accuracy:
Overall Accuracy: 82.55%
Epoch 179 Test Accuracy:
Overall Accuracy: 82.71%
-------------------------------------------
Epoch 180 Training Accuracy:
Overall Accuracy: 91.51%
Epoch 180 Test Accuracy:
Overall Accuracy: 89.17%
-------------------------------------------
Epoch 181 Training Accuracy:
Overall Accuracy: 85.62%
Epoch 181 Test Accuracy:
Overall Accuracy: 84.17%
-------------------------------------------
Epoch 182 Training Accuracy:
Overall Accuracy: 80.36%
Epoch 182 Test Accuracy:
Overall Accuracy: 77.92%
-------------------------------------------
Epoch 183 Training Accuracy:
Overall Accuracy: 88.85%
Epoch 183 Test Accuracy:
Overall Accuracy: 85.83%
-------------------------------------------
Epoch 184 Training Accuracy:
Overall Accuracy: 80.99%
Epoch 184 Test Accuracy:
Overall Accuracy: 80.83%
-------------------------------------------
Epoch 185 Training Accuracy:
Overall Accuracy: 82.50%
Epoch 185 Test Accuracy:
Overall Accuracy: 80.00%
-------------------------------------------
Epoch 186 Training Accuracy:
Overall Accuracy: 87.81%
Epoch 186 Test Accuracy:
Overall Accuracy: 86.25%
-------------------------------------------
Epoch 187 Training Accuracy:
Overall Accuracy: 85.94%
Epoch 187 Test Accuracy:
Overall Accuracy: 83.54%
-------------------------------------------
Epoch 188 Training Accuracy:
Overall Accuracy: 87.76%
Epoch 188 Test Accuracy:
Overall Accuracy: 86.04%
-------------------------------------------
Epoch 189 Training Accuracy:
Overall Accuracy: 88.33%
Epoch 189 Test Accuracy:
Overall Accuracy: 87.08%
-------------------------------------------
Epoch 190 Training Accuracy:
Overall Accuracy: 79.64%
Epoch 190 Test Accuracy:
Overall Accuracy: 77.92%
-------------------------------------------
Epoch 191 Training Accuracy:
Overall Accuracy: 85.52%
Epoch 191 Test Accuracy:
Overall Accuracy: 82.50%
-------------------------------------------
Epoch 192 Training Accuracy:
Overall Accuracy: 88.02%
Epoch 192 Test Accuracy:
Overall Accuracy: 86.67%
-------------------------------------------
Epoch 193 Training Accuracy:
Overall Accuracy: 89.11%
Epoch 193 Test Accuracy:
Overall Accuracy: 86.88%
-------------------------------------------
Epoch 194 Training Accuracy:
Overall Accuracy: 87.97%
Epoch 194 Test Accuracy:
Overall Accuracy: 86.46%
-------------------------------------------
Epoch 195 Training Accuracy:
Overall Accuracy: 93.28%
Epoch 195 Test Accuracy:
Overall Accuracy: 91.04%
-------------------------------------------
Epoch 196 Training Accuracy:
Overall Accuracy: 87.76%
Epoch 196 Test Accuracy:
Overall Accuracy: 86.25%
-------------------------------------------
Epoch 197 Training Accuracy:
Overall Accuracy: 83.54%
Epoch 197 Test Accuracy:
Overall Accuracy: 82.92%
-------------------------------------------
Epoch 198 Training Accuracy:
Overall Accuracy: 90.94%
Epoch 198 Test Accuracy:
Overall Accuracy: 90.62%
-------------------------------------------
Epoch 199 Training Accuracy:
Overall Accuracy: 89.74%
Epoch 199 Test Accuracy:
Overall Accuracy: 88.33%
-------------------------------------------
Epoch 200 Training Accuracy:
Overall Accuracy: 83.44%
Epoch 200 Test Accuracy:
Overall Accuracy: 82.92%
-------------------------------------------
Training Complete
Best training acc: 93.28125, best testing acc: 91.45833333333333
