Epoch 1 Training Accuracy per Class:
Accuracy of class 0: 90.00%
Accuracy of class 1: 92.71%
Accuracy of class 2: 17.13%
Accuracy of class 3: 43.86%
Accuracy of class 4: 0.51%
Accuracy of class 5: 100.00%
Accuracy of class 6: 91.07%
Accuracy of class 7: 65.03%
Accuracy of class 8: 90.82%
Confusion Matrix:
tensor([[7.2900e+02, 0.0000e+00, 0.0000e+00, 0.0000e+00, 0.0000e+00, 0.0000e+00,
         0.0000e+00, 8.1000e+01, 0.0000e+00],
        [8.2000e+01, 1.0430e+03, 0.0000e+00, 0.0000e+00, 0.0000e+00, 0.0000e+00,
         0.0000e+00, 0.0000e+00, 0.0000e+00],
        [7.0200e+02, 7.8000e+01, 1.7800e+02, 8.1000e+01, 0.0000e+00, 0.0000e+00,
         0.0000e+00, 0.0000e+00, 0.0000e+00],
        [0.0000e+00, 0.0000e+00, 1.0000e+00, 4.5400e+02, 0.0000e+00, 1.0000e+00,
         3.2000e+01, 8.5000e+01, 4.6200e+02],
        [0.0000e+00, 0.0000e+00, 0.0000e+00, 3.1300e+02, 2.0000e+00, 0.0000e+00,
         1.0000e+00, 0.0000e+00, 8.0000e+01],
        [0.0000e+00, 0.0000e+00, 0.0000e+00, 0.0000e+00, 0.0000e+00, 8.5600e+02,
         0.0000e+00, 0.0000e+00, 0.0000e+00],
        [0.0000e+00, 0.0000e+00, 0.0000e+00, 6.5000e+01, 0.0000e+00, 0.0000e+00,
         6.6300e+02, 0.0000e+00, 0.0000e+00],
        [0.0000e+00, 0.0000e+00, 0.0000e+00, 3.9100e+02, 0.0000e+00, 0.0000e+00,
         0.0000e+00, 7.2700e+02, 0.0000e+00],
        [0.0000e+00, 0.0000e+00, 0.0000e+00, 8.2000e+01, 0.0000e+00, 0.0000e+00,
         0.0000e+00, 0.0000e+00, 8.1100e+02]])
Epoch 1 Test Accuracy per Class:
Accuracy of class 0: 90.00%
Accuracy of class 1: 93.45%
Accuracy of class 2: 11.88%
Accuracy of class 3: 50.19%
Accuracy of class 4: 0.00%
Accuracy of class 5: 100.00%
Accuracy of class 6: 88.37%
Accuracy of class 7: 61.35%
Accuracy of class 8: 91.30%
Confusion Matrix:
tensor([[171.,   0.,   0.,   0.,   0.,   0.,   0.,  19.,   0.],
        [ 18., 257.,   0.,   0.,   0.,   0.,   0.,   0.,   0.],
        [189.,  21.,  31.,  19.,   0.,   0.,   1.,   0.,   0.],
        [  0.,   0.,   0., 133.,   0.,   0.,   9.,  17., 106.],
        [  0.,   0.,   0.,  84.,   0.,   0.,   0.,   0.,  20.],
        [  0.,   0.,   0.,   0.,   0., 244.,   0.,   0.,   0.],
        [  0.,   0.,   0.,  20.,   0.,   0., 152.,   0.,   0.],
        [  0.,   0.,   0., 109.,   0.,   0.,   0., 173.,   0.],
        [  0.,   0.,   0.,  18.,   0.,   0.,   0.,   0., 189.]])
-------------------------------------------
Epoch 2 Training Accuracy per Class:
Accuracy of class 0: 90.00%
Accuracy of class 1: 85.24%
Accuracy of class 2: 77.77%
Accuracy of class 3: 90.05%
Accuracy of class 4: 0.00%
Accuracy of class 5: 100.00%
Accuracy of class 6: 100.00%
Accuracy of class 7: 79.16%
Accuracy of class 8: 0.00%
Confusion Matrix:
tensor([[729.,   0.,   0.,   0.,   0.,   0.,   0.,  81.,   0.],
        [166., 959.,   0.,   0.,   0.,   0.,   0.,   0.,   0.],
        [150.,   0., 808.,   0.,   0.,   0.,   0.,  81.,   0.],
        [  0.,   0.,   0., 932.,   0.,   0.,  19.,  84.,   0.],
        [  0.,   0.,   0., 393.,   0.,   0.,   0.,   3.,   0.],
        [  0.,   0.,   0.,   0.,   0., 856.,   0.,   0.,   0.],
        [  0.,   0.,   0.,   0.,   0.,   0., 728.,   0.,   0.],
        [  0.,   0.,   0., 233.,   0.,   0.,   0., 885.,   0.],
        [  0.,   0.,   0., 893.,   0.,   0.,   0.,   0.,   0.]])
Epoch 2 Test Accuracy per Class:
Accuracy of class 0: 90.00%
Accuracy of class 1: 87.64%
Accuracy of class 2: 73.56%
Accuracy of class 3: 92.08%
Accuracy of class 4: 0.00%
Accuracy of class 5: 100.00%
Accuracy of class 6: 100.00%
Accuracy of class 7: 76.24%
Accuracy of class 8: 0.00%
Confusion Matrix:
tensor([[171.,   0.,   0.,   0.,   0.,   0.,   0.,  19.,   0.],
        [ 34., 241.,   0.,   0.,   0.,   0.,   0.,   0.,   0.],
        [ 50.,   0., 192.,   0.,   0.,   0.,   0.,  19.,   0.],
        [  0.,   0.,   0., 244.,   0.,   0.,   4.,  17.,   0.],
        [  0.,   0.,   0., 104.,   0.,   0.,   0.,   0.,   0.],
        [  0.,   0.,   0.,   0.,   0., 244.,   0.,   0.,   0.],
        [  0.,   0.,   0.,   0.,   0.,   0., 172.,   0.,   0.],
        [  0.,   0.,   0.,  67.,   0.,   0.,   0., 215.,   0.],
        [  0.,   0.,   0., 207.,   0.,   0.,   0.,   0.,   0.]])
-------------------------------------------
Epoch 3 Training Accuracy per Class:
Accuracy of class 0: 90.00%
Accuracy of class 1: 100.00%
Accuracy of class 2: 100.00%
Accuracy of class 3: 51.21%
Accuracy of class 4: 3.28%
Accuracy of class 5: 100.00%
Accuracy of class 6: 99.86%
Accuracy of class 7: 79.16%
Accuracy of class 8: 100.00%
Confusion Matrix:
tensor([[7.2900e+02, 0.0000e+00, 8.1000e+01, 0.0000e+00, 0.0000e+00, 0.0000e+00,
         0.0000e+00, 0.0000e+00, 0.0000e+00],
        [0.0000e+00, 1.1250e+03, 0.0000e+00, 0.0000e+00, 0.0000e+00, 0.0000e+00,
         0.0000e+00, 0.0000e+00, 0.0000e+00],
        [0.0000e+00, 0.0000e+00, 1.0390e+03, 0.0000e+00, 0.0000e+00, 0.0000e+00,
         0.0000e+00, 0.0000e+00, 0.0000e+00],
        [0.0000e+00, 0.0000e+00, 0.0000e+00, 5.3000e+02, 0.0000e+00, 0.0000e+00,
         1.1000e+01, 8.3000e+01, 4.1100e+02],
        [0.0000e+00, 0.0000e+00, 0.0000e+00, 2.8600e+02, 1.3000e+01, 1.7000e+01,
         0.0000e+00, 0.0000e+00, 8.0000e+01],
        [0.0000e+00, 0.0000e+00, 0.0000e+00, 0.0000e+00, 0.0000e+00, 8.5600e+02,
         0.0000e+00, 0.0000e+00, 0.0000e+00],
        [0.0000e+00, 0.0000e+00, 0.0000e+00, 1.0000e+00, 0.0000e+00, 0.0000e+00,
         7.2700e+02, 0.0000e+00, 0.0000e+00],
        [0.0000e+00, 0.0000e+00, 0.0000e+00, 2.3300e+02, 0.0000e+00, 0.0000e+00,
         0.0000e+00, 8.8500e+02, 0.0000e+00],
        [0.0000e+00, 0.0000e+00, 0.0000e+00, 0.0000e+00, 0.0000e+00, 0.0000e+00,
         0.0000e+00, 0.0000e+00, 8.9300e+02]])
Epoch 3 Test Accuracy per Class:
Accuracy of class 0: 90.00%
Accuracy of class 1: 100.00%
Accuracy of class 2: 100.00%
Accuracy of class 3: 55.09%
Accuracy of class 4: 2.88%
Accuracy of class 5: 100.00%
Accuracy of class 6: 100.00%
Accuracy of class 7: 76.24%
Accuracy of class 8: 100.00%
Confusion Matrix:
tensor([[171.,   0.,  19.,   0.,   0.,   0.,   0.,   0.,   0.],
        [  0., 275.,   0.,   0.,   0.,   0.,   0.,   0.,   0.],
        [  0.,   0., 261.,   0.,   0.,   0.,   0.,   0.,   0.],
        [  0.,   0.,   0., 146.,   0.,   0.,   2.,  17., 100.],
        [  0.,   0.,   0.,  74.,   3.,   7.,   0.,   0.,  20.],
        [  0.,   0.,   0.,   0.,   0., 244.,   0.,   0.,   0.],
        [  0.,   0.,   0.,   0.,   0.,   0., 172.,   0.,   0.],
        [  0.,   0.,   0.,  67.,   0.,   0.,   0., 215.,   0.],
        [  0.,   0.,   0.,   0.,   0.,   0.,   0.,   0., 207.]])
-------------------------------------------
Epoch 4 Training Accuracy per Class:
Accuracy of class 0: 100.00%
Accuracy of class 1: 100.00%
Accuracy of class 2: 100.00%
Accuracy of class 3: 98.84%
Accuracy of class 4: 8.33%
Accuracy of class 5: 100.00%
Accuracy of class 6: 100.00%
Accuracy of class 7: 100.00%
Accuracy of class 8: 9.18%
Confusion Matrix:
tensor([[ 810.,    0.,    0.,    0.,    0.,    0.,    0.,    0.,    0.],
        [   0., 1125.,    0.,    0.,    0.,    0.,    0.,    0.,    0.],
        [   0.,    0., 1039.,    0.,    0.,    0.,    0.,    0.,    0.],
        [   0.,    0.,    0., 1023.,    0.,    0.,   12.,    0.,    0.],
        [   0.,    0.,    0.,  279.,   33.,   84.,    0.,    0.,    0.],
        [   0.,    0.,    0.,    0.,    0.,  856.,    0.,    0.,    0.],
        [   0.,    0.,    0.,    0.,    0.,    0.,  728.,    0.,    0.],
        [   0.,    0.,    0.,    0.,    0.,    0.,    0., 1118.,    0.],
        [   0.,    0.,    0.,  811.,    0.,    0.,    0.,    0.,   82.]])
Epoch 4 Test Accuracy per Class:
Accuracy of class 0: 100.00%
Accuracy of class 1: 100.00%
Accuracy of class 2: 100.00%
Accuracy of class 3: 98.87%
Accuracy of class 4: 7.69%
Accuracy of class 5: 100.00%
Accuracy of class 6: 100.00%
Accuracy of class 7: 100.00%
Accuracy of class 8: 8.70%
Confusion Matrix:
tensor([[190.,   0.,   0.,   0.,   0.,   0.,   0.,   0.,   0.],
        [  0., 275.,   0.,   0.,   0.,   0.,   0.,   0.,   0.],
        [  0.,   0., 261.,   0.,   0.,   0.,   0.,   0.,   0.],
        [  0.,   0.,   0., 262.,   0.,   0.,   3.,   0.,   0.],
        [  0.,   0.,   0.,  80.,   8.,  16.,   0.,   0.,   0.],
        [  0.,   0.,   0.,   0.,   0., 244.,   0.,   0.,   0.],
        [  0.,   0.,   0.,   0.,   0.,   0., 172.,   0.,   0.],
        [  0.,   0.,   0.,   0.,   0.,   0.,   0., 282.,   0.],
        [  0.,   0.,   0., 189.,   0.,   0.,   0.,   0.,  18.]])
-------------------------------------------
Epoch 5 Training Accuracy per Class:
Accuracy of class 0: 90.00%
Accuracy of class 1: 92.53%
Accuracy of class 2: 99.90%
Accuracy of class 3: 52.08%
Accuracy of class 4: 36.62%
Accuracy of class 5: 100.00%
Accuracy of class 6: 100.00%
Accuracy of class 7: 100.00%
Accuracy of class 8: 100.00%
Confusion Matrix:
tensor([[7.2900e+02, 0.0000e+00, 8.1000e+01, 0.0000e+00, 0.0000e+00, 0.0000e+00,
         0.0000e+00, 0.0000e+00, 0.0000e+00],
        [8.4000e+01, 1.0410e+03, 0.0000e+00, 0.0000e+00, 0.0000e+00, 0.0000e+00,
         0.0000e+00, 0.0000e+00, 0.0000e+00],
        [0.0000e+00, 0.0000e+00, 1.0380e+03, 0.0000e+00, 0.0000e+00, 1.0000e+00,
         0.0000e+00, 0.0000e+00, 0.0000e+00],
        [0.0000e+00, 0.0000e+00, 0.0000e+00, 5.3900e+02, 0.0000e+00, 0.0000e+00,
         8.0000e+00, 8.3000e+01, 4.0500e+02],
        [0.0000e+00, 0.0000e+00, 0.0000e+00, 8.7000e+01, 1.4500e+02, 8.4000e+01,
         0.0000e+00, 0.0000e+00, 8.0000e+01],
        [0.0000e+00, 0.0000e+00, 0.0000e+00, 0.0000e+00, 0.0000e+00, 8.5600e+02,
         0.0000e+00, 0.0000e+00, 0.0000e+00],
        [0.0000e+00, 0.0000e+00, 0.0000e+00, 0.0000e+00, 0.0000e+00, 0.0000e+00,
         7.2800e+02, 0.0000e+00, 0.0000e+00],
        [0.0000e+00, 0.0000e+00, 0.0000e+00, 0.0000e+00, 0.0000e+00, 0.0000e+00,
         0.0000e+00, 1.1180e+03, 0.0000e+00],
        [0.0000e+00, 0.0000e+00, 0.0000e+00, 0.0000e+00, 0.0000e+00, 0.0000e+00,
         0.0000e+00, 0.0000e+00, 8.9300e+02]])
Epoch 5 Test Accuracy per Class:
Accuracy of class 0: 90.00%
Accuracy of class 1: 94.18%
Accuracy of class 2: 99.62%
Accuracy of class 3: 55.85%
Accuracy of class 4: 41.35%
Accuracy of class 5: 100.00%
Accuracy of class 6: 100.00%
Accuracy of class 7: 100.00%
Accuracy of class 8: 100.00%
Confusion Matrix:
tensor([[171.,   0.,  19.,   0.,   0.,   0.,   0.,   0.,   0.],
        [ 16., 259.,   0.,   0.,   0.,   0.,   0.,   0.,   0.],
        [  0.,   0., 260.,   0.,   0.,   1.,   0.,   0.,   0.],
        [  0.,   0.,   0., 148.,   0.,   0.,   1.,  17.,  99.],
        [  0.,   0.,   0.,  25.,  43.,  16.,   0.,   0.,  20.],
        [  0.,   0.,   0.,   0.,   0., 244.,   0.,   0.,   0.],
        [  0.,   0.,   0.,   0.,   0.,   0., 172.,   0.,   0.],
        [  0.,   0.,   0.,   0.,   0.,   0.,   0., 282.,   0.],
        [  0.,   0.,   0.,   0.,   0.,   0.,   0.,   0., 207.]])
-------------------------------------------
Epoch 6 Training Accuracy per Class:
Accuracy of class 0: 100.00%
Accuracy of class 1: 100.00%
Accuracy of class 2: 100.00%
Accuracy of class 3: 53.82%
Accuracy of class 4: 28.03%
Accuracy of class 5: 100.00%
Accuracy of class 6: 100.00%
Accuracy of class 7: 100.00%
Accuracy of class 8: 100.00%
Confusion Matrix:
tensor([[ 810.,    0.,    0.,    0.,    0.,    0.,    0.,    0.,    0.],
        [   0., 1125.,    0.,    0.,    0.,    0.,    0.,    0.,    0.],
        [   0.,    0., 1039.,    0.,    0.,    0.,    0.,    0.,    0.],
        [   0.,    0.,    0.,  557.,    0.,    0.,   14.,   37.,  427.],
        [   0.,    0.,    0.,  205.,  111.,    0.,    0.,    0.,   80.],
        [   0.,    0.,    0.,    0.,    0.,  856.,    0.,    0.,    0.],
        [   0.,    0.,    0.,    0.,    0.,    0.,  728.,    0.,    0.],
        [   0.,    0.,    0.,    0.,    0.,    0.,    0., 1118.,    0.],
        [   0.,    0.,    0.,    0.,    0.,    0.,    0.,    0.,  893.]])
Epoch 6 Test Accuracy per Class:
Accuracy of class 0: 100.00%
Accuracy of class 1: 100.00%
Accuracy of class 2: 100.00%
Accuracy of class 3: 58.11%
Accuracy of class 4: 23.08%
Accuracy of class 5: 100.00%
Accuracy of class 6: 100.00%
Accuracy of class 7: 100.00%
Accuracy of class 8: 100.00%
Confusion Matrix:
tensor([[190.,   0.,   0.,   0.,   0.,   0.,   0.,   0.,   0.],
        [  0., 275.,   0.,   0.,   0.,   0.,   0.,   0.,   0.],
        [  0.,   0., 261.,   0.,   0.,   0.,   0.,   0.,   0.],
        [  0.,   0.,   0., 154.,   0.,   0.,   3.,   8., 100.],
        [  0.,   0.,   0.,  60.,  24.,   0.,   0.,   0.,  20.],
        [  0.,   0.,   0.,   0.,   0., 244.,   0.,   0.,   0.],
        [  0.,   0.,   0.,   0.,   0.,   0., 172.,   0.,   0.],
        [  0.,   0.,   0.,   0.,   0.,   0.,   0., 282.,   0.],
        [  0.,   0.,   0.,   0.,   0.,   0.,   0.,   0., 207.]])
-------------------------------------------
Epoch 7 Training Accuracy per Class:
Accuracy of class 0: 100.00%
Accuracy of class 1: 100.00%
Accuracy of class 2: 100.00%
Accuracy of class 3: 91.88%
Accuracy of class 4: 60.61%
Accuracy of class 5: 100.00%
Accuracy of class 6: 100.00%
Accuracy of class 7: 100.00%
Accuracy of class 8: 9.18%
Confusion Matrix:
tensor([[ 810.,    0.,    0.,    0.,    0.,    0.,    0.,    0.,    0.],
        [   0., 1125.,    0.,    0.,    0.,    0.,    0.,    0.,    0.],
        [   0.,    0., 1039.,    0.,    0.,    0.,    0.,    0.,    0.],
        [   0.,    0.,    0.,  951.,   77.,    0.,    7.,    0.,    0.],
        [   0.,    0.,    0.,  156.,  240.,    0.,    0.,    0.,    0.],
        [   0.,    0.,    0.,    0.,    0.,  856.,    0.,    0.,    0.],
        [   0.,    0.,    0.,    0.,    0.,    0.,  728.,    0.,    0.],
        [   0.,    0.,    0.,    0.,    0.,    0.,    0., 1118.,    0.],
        [   0.,    0.,    0.,  811.,    0.,    0.,    0.,    0.,   82.]])
Epoch 7 Test Accuracy per Class:
Accuracy of class 0: 100.00%
Accuracy of class 1: 100.00%
Accuracy of class 2: 100.00%
Accuracy of class 3: 90.94%
Accuracy of class 4: 60.58%
Accuracy of class 5: 100.00%
Accuracy of class 6: 100.00%
Accuracy of class 7: 100.00%
Accuracy of class 8: 8.70%
Confusion Matrix:
tensor([[190.,   0.,   0.,   0.,   0.,   0.,   0.,   0.,   0.],
        [  0., 275.,   0.,   0.,   0.,   0.,   0.,   0.,   0.],
        [  0.,   0., 261.,   0.,   0.,   0.,   0.,   0.,   0.],
        [  0.,   0.,   0., 241.,  23.,   0.,   1.,   0.,   0.],
        [  0.,   0.,   0.,  41.,  63.,   0.,   0.,   0.,   0.],
        [  0.,   0.,   0.,   0.,   0., 244.,   0.,   0.,   0.],
        [  0.,   0.,   0.,   0.,   0.,   0., 172.,   0.,   0.],
        [  0.,   0.,   0.,   0.,   0.,   0.,   0., 282.,   0.],
        [  0.,   0.,   0., 189.,   0.,   0.,   0.,   0.,  18.]])
-------------------------------------------
Epoch 8 Training Accuracy per Class:
Accuracy of class 0: 100.00%
Accuracy of class 1: 100.00%
Accuracy of class 2: 100.00%
Accuracy of class 3: 51.98%
Accuracy of class 4: 22.22%
Accuracy of class 5: 100.00%
Accuracy of class 6: 100.00%
Accuracy of class 7: 100.00%
Accuracy of class 8: 100.00%
Confusion Matrix:
tensor([[ 810.,    0.,    0.,    0.,    0.,    0.,    0.,    0.,    0.],
        [   0., 1125.,    0.,    0.,    0.,    0.,    0.,    0.,    0.],
        [   0.,    0., 1039.,    0.,    0.,    0.,    0.,    0.,    0.],
        [   0.,    0.,    0.,  538.,    0.,    0.,   12.,   83.,  402.],
        [   0.,    0.,    0.,  228.,   88.,    0.,    0.,    0.,   80.],
        [   0.,    0.,    0.,    0.,    0.,  856.,    0.,    0.,    0.],
        [   0.,    0.,    0.,    0.,    0.,    0.,  728.,    0.,    0.],
        [   0.,    0.,    0.,    0.,    0.,    0.,    0., 1118.,    0.],
        [   0.,    0.,    0.,    0.,    0.,    0.,    0.,    0.,  893.]])
Epoch 8 Test Accuracy per Class:
Accuracy of class 0: 100.00%
Accuracy of class 1: 100.00%
Accuracy of class 2: 100.00%
Accuracy of class 3: 55.47%
Accuracy of class 4: 17.31%
Accuracy of class 5: 100.00%
Accuracy of class 6: 100.00%
Accuracy of class 7: 100.00%
Accuracy of class 8: 100.00%
Confusion Matrix:
tensor([[190.,   0.,   0.,   0.,   0.,   0.,   0.,   0.,   0.],
        [  0., 275.,   0.,   0.,   0.,   0.,   0.,   0.,   0.],
        [  0.,   0., 261.,   0.,   0.,   0.,   0.,   0.,   0.],
        [  0.,   0.,   0., 147.,   0.,   0.,   2.,  17.,  99.],
        [  0.,   0.,   0.,  66.,  18.,   0.,   0.,   0.,  20.],
        [  0.,   0.,   0.,   0.,   0., 244.,   0.,   0.,   0.],
        [  0.,   0.,   0.,   0.,   0.,   0., 172.,   0.,   0.],
        [  0.,   0.,   0.,   0.,   0.,   0.,   0., 282.,   0.],
        [  0.,   0.,   0.,   0.,   0.,   0.,   0.,   0., 207.]])
-------------------------------------------
Epoch 9 Training Accuracy per Class:
Accuracy of class 0: 100.00%
Accuracy of class 1: 100.00%
Accuracy of class 2: 100.00%
Accuracy of class 3: 50.72%
Accuracy of class 4: 79.55%
Accuracy of class 5: 100.00%
Accuracy of class 6: 100.00%
Accuracy of class 7: 100.00%
Accuracy of class 8: 100.00%
Confusion Matrix:
tensor([[8.1000e+02, 0.0000e+00, 0.0000e+00, 0.0000e+00, 0.0000e+00, 0.0000e+00,
         0.0000e+00, 0.0000e+00, 0.0000e+00],
        [0.0000e+00, 1.1250e+03, 0.0000e+00, 0.0000e+00, 0.0000e+00, 0.0000e+00,
         0.0000e+00, 0.0000e+00, 0.0000e+00],
        [0.0000e+00, 0.0000e+00, 1.0390e+03, 0.0000e+00, 0.0000e+00, 0.0000e+00,
         0.0000e+00, 0.0000e+00, 0.0000e+00],
        [0.0000e+00, 0.0000e+00, 0.0000e+00, 5.2500e+02, 7.7000e+01, 0.0000e+00,
         2.0000e+00, 0.0000e+00, 4.3100e+02],
        [0.0000e+00, 0.0000e+00, 0.0000e+00, 1.0000e+00, 3.1500e+02, 0.0000e+00,
         0.0000e+00, 0.0000e+00, 8.0000e+01],
        [0.0000e+00, 0.0000e+00, 0.0000e+00, 0.0000e+00, 0.0000e+00, 8.5600e+02,
         0.0000e+00, 0.0000e+00, 0.0000e+00],
        [0.0000e+00, 0.0000e+00, 0.0000e+00, 0.0000e+00, 0.0000e+00, 0.0000e+00,
         7.2800e+02, 0.0000e+00, 0.0000e+00],
        [0.0000e+00, 0.0000e+00, 0.0000e+00, 0.0000e+00, 0.0000e+00, 0.0000e+00,
         0.0000e+00, 1.1180e+03, 0.0000e+00],
        [0.0000e+00, 0.0000e+00, 0.0000e+00, 0.0000e+00, 0.0000e+00, 0.0000e+00,
         0.0000e+00, 0.0000e+00, 8.9300e+02]])
Epoch 9 Test Accuracy per Class:
Accuracy of class 0: 100.00%
Accuracy of class 1: 100.00%
Accuracy of class 2: 100.00%
Accuracy of class 3: 53.21%
Accuracy of class 4: 80.77%
Accuracy of class 5: 100.00%
Accuracy of class 6: 100.00%
Accuracy of class 7: 100.00%
Accuracy of class 8: 100.00%
Confusion Matrix:
tensor([[190.,   0.,   0.,   0.,   0.,   0.,   0.,   0.,   0.],
        [  0., 275.,   0.,   0.,   0.,   0.,   0.,   0.,   0.],
        [  0.,   0., 261.,   0.,   0.,   0.,   0.,   0.,   0.],
        [  0.,   0.,   0., 141.,  23.,   0.,   1.,   0., 100.],
        [  0.,   0.,   0.,   0.,  84.,   0.,   0.,   0.,  20.],
        [  0.,   0.,   0.,   0.,   0., 244.,   0.,   0.,   0.],
        [  0.,   0.,   0.,   0.,   0.,   0., 172.,   0.,   0.],
        [  0.,   0.,   0.,   0.,   0.,   0.,   0., 282.,   0.],
        [  0.,   0.,   0.,   0.,   0.,   0.,   0.,   0., 207.]])
-------------------------------------------
Epoch 10 Training Accuracy per Class:
Accuracy of class 0: 100.00%
Accuracy of class 1: 92.89%
Accuracy of class 2: 100.00%
Accuracy of class 3: 53.53%
Accuracy of class 4: 60.10%
Accuracy of class 5: 100.00%
Accuracy of class 6: 100.00%
Accuracy of class 7: 100.00%
Accuracy of class 8: 100.00%
Confusion Matrix:
tensor([[ 810.,    0.,    0.,    0.,    0.,    0.,    0.,    0.,    0.],
        [  80., 1045.,    0.,    0.,    0.,    0.,    0.,    0.,    0.],
        [   0.,    0., 1039.,    0.,    0.,    0.,    0.,    0.,    0.],
        [   0.,    0.,    0.,  554.,   77.,    0.,    2.,    0.,  402.],
        [   0.,    0.,    0.,   78.,  238.,    0.,    0.,    0.,   80.],
        [   0.,    0.,    0.,    0.,    0.,  856.,    0.,    0.,    0.],
        [   0.,    0.,    0.,    0.,    0.,    0.,  728.,    0.,    0.],
        [   0.,    0.,    0.,    0.,    0.,    0.,    0., 1118.,    0.],
        [   0.,    0.,    0.,    0.,    0.,    0.,    0.,    0.,  893.]])
Epoch 10 Test Accuracy per Class:
Accuracy of class 0: 100.00%
Accuracy of class 1: 94.91%
Accuracy of class 2: 100.00%
Accuracy of class 3: 53.21%
Accuracy of class 4: 60.58%
Accuracy of class 5: 100.00%
Accuracy of class 6: 100.00%
Accuracy of class 7: 100.00%
Accuracy of class 8: 100.00%
Confusion Matrix:
tensor([[190.,   0.,   0.,   0.,   0.,   0.,   0.,   0.,   0.],
        [ 14., 261.,   0.,   0.,   0.,   0.,   0.,   0.,   0.],
        [  0.,   0., 261.,   0.,   0.,   0.,   0.,   0.,   0.],
        [  0.,   0.,   0., 141.,  23.,   0.,   2.,   0.,  99.],
        [  0.,   0.,   0.,  21.,  63.,   0.,   0.,   0.,  20.],
        [  0.,   0.,   0.,   0.,   0., 244.,   0.,   0.,   0.],
        [  0.,   0.,   0.,   0.,   0.,   0., 172.,   0.,   0.],
        [  0.,   0.,   0.,   0.,   0.,   0.,   0., 282.,   0.],
        [  0.,   0.,   0.,   0.,   0.,   0.,   0.,   0., 207.]])
-------------------------------------------
Epoch 11 Training Accuracy per Class:
Accuracy of class 0: 100.00%
Accuracy of class 1: 100.00%
Accuracy of class 2: 100.00%
Accuracy of class 3: 49.76%
Accuracy of class 4: 50.00%
Accuracy of class 5: 100.00%
Accuracy of class 6: 100.00%
Accuracy of class 7: 100.00%
Accuracy of class 8: 100.00%
Confusion Matrix:
tensor([[ 810.,    0.,    0.,    0.,    0.,    0.,    0.,    0.,    0.],
        [   0., 1125.,    0.,    0.,    0.,    0.,    0.,    0.,    0.],
        [   0.,    0., 1039.,    0.,    0.,    0.,    0.,    0.,    0.],
        [   0.,    0.,    0.,  515.,    0.,    0.,    0.,   83.,  437.],
        [   0.,    0.,    0.,  118.,  198.,    0.,    0.,    0.,   80.],
        [   0.,    0.,    0.,    0.,    0.,  856.,    0.,    0.,    0.],
        [   0.,    0.,    0.,    0.,    0.,    0.,  728.,    0.,    0.],
        [   0.,    0.,    0.,    0.,    0.,    0.,    0., 1118.,    0.],
        [   0.,    0.,    0.,    0.,    0.,    0.,    0.,    0.,  893.]])
Epoch 11 Test Accuracy per Class:
Accuracy of class 0: 100.00%
Accuracy of class 1: 100.00%
Accuracy of class 2: 100.00%
Accuracy of class 3: 54.72%
Accuracy of class 4: 48.08%
Accuracy of class 5: 100.00%
Accuracy of class 6: 100.00%
Accuracy of class 7: 100.00%
Accuracy of class 8: 100.00%
Confusion Matrix:
tensor([[190.,   0.,   0.,   0.,   0.,   0.,   0.,   0.,   0.],
        [  0., 275.,   0.,   0.,   0.,   0.,   0.,   0.,   0.],
        [  0.,   0., 261.,   0.,   0.,   0.,   0.,   0.,   0.],
        [  0.,   0.,   0., 145.,   0.,   0.,   1.,  17., 102.],
        [  0.,   0.,   0.,  34.,  50.,   0.,   0.,   0.,  20.],
        [  0.,   0.,   0.,   0.,   0., 244.,   0.,   0.,   0.],
        [  0.,   0.,   0.,   0.,   0.,   0., 172.,   0.,   0.],
        [  0.,   0.,   0.,   0.,   0.,   0.,   0., 282.,   0.],
        [  0.,   0.,   0.,   0.,   0.,   0.,   0.,   0., 207.]])
-------------------------------------------
Epoch 12 Training Accuracy per Class:
Accuracy of class 0: 100.00%
Accuracy of class 1: 100.00%
Accuracy of class 2: 100.00%
Accuracy of class 3: 52.66%
Accuracy of class 4: 79.80%
Accuracy of class 5: 100.00%
Accuracy of class 6: 100.00%
Accuracy of class 7: 100.00%
Accuracy of class 8: 100.00%
Confusion Matrix:
tensor([[8.1000e+02, 0.0000e+00, 0.0000e+00, 0.0000e+00, 0.0000e+00, 0.0000e+00,
         0.0000e+00, 0.0000e+00, 0.0000e+00],
        [0.0000e+00, 1.1250e+03, 0.0000e+00, 0.0000e+00, 0.0000e+00, 0.0000e+00,
         0.0000e+00, 0.0000e+00, 0.0000e+00],
        [0.0000e+00, 0.0000e+00, 1.0390e+03, 0.0000e+00, 0.0000e+00, 0.0000e+00,
         0.0000e+00, 0.0000e+00, 0.0000e+00],
        [0.0000e+00, 0.0000e+00, 0.0000e+00, 5.4500e+02, 7.7000e+01, 0.0000e+00,
         1.0000e+00, 0.0000e+00, 4.1200e+02],
        [0.0000e+00, 0.0000e+00, 0.0000e+00, 0.0000e+00, 3.1600e+02, 0.0000e+00,
         0.0000e+00, 0.0000e+00, 8.0000e+01],
        [0.0000e+00, 0.0000e+00, 0.0000e+00, 0.0000e+00, 0.0000e+00, 8.5600e+02,
         0.0000e+00, 0.0000e+00, 0.0000e+00],
        [0.0000e+00, 0.0000e+00, 0.0000e+00, 0.0000e+00, 0.0000e+00, 0.0000e+00,
         7.2800e+02, 0.0000e+00, 0.0000e+00],
        [0.0000e+00, 0.0000e+00, 0.0000e+00, 0.0000e+00, 0.0000e+00, 0.0000e+00,
         0.0000e+00, 1.1180e+03, 0.0000e+00],
        [0.0000e+00, 0.0000e+00, 0.0000e+00, 0.0000e+00, 0.0000e+00, 0.0000e+00,
         0.0000e+00, 0.0000e+00, 8.9300e+02]])
Epoch 12 Test Accuracy per Class:
Accuracy of class 0: 100.00%
Accuracy of class 1: 100.00%
Accuracy of class 2: 100.00%
Accuracy of class 3: 53.21%
Accuracy of class 4: 80.77%
Accuracy of class 5: 100.00%
Accuracy of class 6: 100.00%
Accuracy of class 7: 100.00%
Accuracy of class 8: 100.00%
Confusion Matrix:
tensor([[190.,   0.,   0.,   0.,   0.,   0.,   0.,   0.,   0.],
        [  0., 275.,   0.,   0.,   0.,   0.,   0.,   0.,   0.],
        [  0.,   0., 261.,   0.,   0.,   0.,   0.,   0.,   0.],
        [  0.,   0.,   0., 141.,  23.,   0.,   1.,   0., 100.],
        [  0.,   0.,   0.,   0.,  84.,   0.,   0.,   0.,  20.],
        [  0.,   0.,   0.,   0.,   0., 244.,   0.,   0.,   0.],
        [  0.,   0.,   0.,   0.,   0.,   0., 172.,   0.,   0.],
        [  0.,   0.,   0.,   0.,   0.,   0.,   0., 282.,   0.],
        [  0.,   0.,   0.,   0.,   0.,   0.,   0.,   0., 207.]])
-------------------------------------------
Epoch 13 Training Accuracy per Class:
Accuracy of class 0: 99.14%
Accuracy of class 1: 71.64%
Accuracy of class 2: 100.00%
Accuracy of class 3: 52.95%
Accuracy of class 4: 42.17%
Accuracy of class 5: 100.00%
Accuracy of class 6: 100.00%
Accuracy of class 7: 100.00%
Accuracy of class 8: 9.18%
Confusion Matrix:
tensor([[ 803.,    0.,    7.,    0.,    0.,    0.,    0.,    0.,    0.],
        [  30.,  806.,    0.,    0.,    0.,  289.,    0.,    0.,    0.],
        [   0.,    0., 1039.,    0.,    0.,    0.,    0.,    0.,    0.],
        [   0.,    0.,    0.,  548.,  396.,    0.,    8.,   83.,    0.],
        [   0.,    0.,    0.,  229.,  167.,    0.,    0.,    0.,    0.],
        [   0.,    0.,    0.,    0.,    0.,  856.,    0.,    0.,    0.],
        [   0.,    0.,    0.,    0.,    0.,    0.,  728.,    0.,    0.],
        [   0.,    0.,    0.,    0.,    0.,    0.,    0., 1118.,    0.],
        [   0.,    0.,    0.,    0.,  811.,    0.,    0.,    0.,   82.]])
Epoch 13 Test Accuracy per Class:
Accuracy of class 0: 98.42%
Accuracy of class 1: 69.09%
Accuracy of class 2: 100.00%
Accuracy of class 3: 55.85%
Accuracy of class 4: 34.62%
Accuracy of class 5: 100.00%
Accuracy of class 6: 100.00%
Accuracy of class 7: 100.00%
Accuracy of class 8: 8.70%
Confusion Matrix:
tensor([[187.,   0.,   3.,   0.,   0.,   0.,   0.,   0.,   0.],
        [  4., 190.,   0.,   0.,   0.,  81.,   0.,   0.,   0.],
        [  0.,   0., 261.,   0.,   0.,   0.,   0.,   0.,   0.],
        [  0.,   0.,   0., 148.,  98.,   0.,   2.,  17.,   0.],
        [  0.,   0.,   0.,  68.,  36.,   0.,   0.,   0.,   0.],
        [  0.,   0.,   0.,   0.,   0., 244.,   0.,   0.,   0.],
        [  0.,   0.,   0.,   0.,   0.,   0., 172.,   0.,   0.],
        [  0.,   0.,   0.,   0.,   0.,   0.,   0., 282.,   0.],
        [  0.,   0.,   0.,   0., 189.,   0.,   0.,   0.,  18.]])
-------------------------------------------
Epoch 14 Training Accuracy per Class:
Accuracy of class 0: 100.00%
Accuracy of class 1: 100.00%
Accuracy of class 2: 100.00%
Accuracy of class 3: 60.68%
Accuracy of class 4: 21.97%
Accuracy of class 5: 100.00%
Accuracy of class 6: 100.00%
Accuracy of class 7: 100.00%
Accuracy of class 8: 45.58%
Confusion Matrix:
tensor([[8.1000e+02, 0.0000e+00, 0.0000e+00, 0.0000e+00, 0.0000e+00, 0.0000e+00,
         0.0000e+00, 0.0000e+00, 0.0000e+00],
        [0.0000e+00, 1.1250e+03, 0.0000e+00, 0.0000e+00, 0.0000e+00, 0.0000e+00,
         0.0000e+00, 0.0000e+00, 0.0000e+00],
        [0.0000e+00, 0.0000e+00, 1.0390e+03, 0.0000e+00, 0.0000e+00, 0.0000e+00,
         0.0000e+00, 0.0000e+00, 0.0000e+00],
        [0.0000e+00, 0.0000e+00, 0.0000e+00, 6.2800e+02, 0.0000e+00, 0.0000e+00,
         1.0000e+00, 8.3000e+01, 3.2300e+02],
        [0.0000e+00, 0.0000e+00, 0.0000e+00, 3.0900e+02, 8.7000e+01, 0.0000e+00,
         0.0000e+00, 0.0000e+00, 0.0000e+00],
        [0.0000e+00, 0.0000e+00, 0.0000e+00, 0.0000e+00, 0.0000e+00, 8.5600e+02,
         0.0000e+00, 0.0000e+00, 0.0000e+00],
        [0.0000e+00, 0.0000e+00, 0.0000e+00, 0.0000e+00, 0.0000e+00, 0.0000e+00,
         7.2800e+02, 0.0000e+00, 0.0000e+00],
        [0.0000e+00, 0.0000e+00, 0.0000e+00, 0.0000e+00, 0.0000e+00, 0.0000e+00,
         0.0000e+00, 1.1180e+03, 0.0000e+00],
        [0.0000e+00, 0.0000e+00, 0.0000e+00, 4.8600e+02, 0.0000e+00, 0.0000e+00,
         0.0000e+00, 0.0000e+00, 4.0700e+02]])
Epoch 14 Test Accuracy per Class:
Accuracy of class 0: 100.00%
Accuracy of class 1: 100.00%
Accuracy of class 2: 100.00%
Accuracy of class 3: 64.15%
Accuracy of class 4: 15.38%
Accuracy of class 5: 100.00%
Accuracy of class 6: 100.00%
Accuracy of class 7: 100.00%
Accuracy of class 8: 44.93%
Confusion Matrix:
tensor([[190.,   0.,   0.,   0.,   0.,   0.,   0.,   0.,   0.],
        [  0., 275.,   0.,   0.,   0.,   0.,   0.,   0.,   0.],
        [  0.,   0., 261.,   0.,   0.,   0.,   0.,   0.,   0.],
        [  0.,   0.,   0., 170.,   0.,   0.,   1.,  17.,  77.],
        [  0.,   0.,   0.,  88.,  16.,   0.,   0.,   0.,   0.],
        [  0.,   0.,   0.,   0.,   0., 244.,   0.,   0.,   0.],
        [  0.,   0.,   0.,   0.,   0.,   0., 172.,   0.,   0.],
        [  0.,   0.,   0.,   0.,   0.,   0.,   0., 282.,   0.],
        [  0.,   0.,   0., 114.,   0.,   0.,   0.,   0.,  93.]])
-------------------------------------------
Epoch 15 Training Accuracy per Class:
Accuracy of class 0: 100.00%
Accuracy of class 1: 100.00%
Accuracy of class 2: 100.00%
Accuracy of class 3: 53.04%
Accuracy of class 4: 59.34%
Accuracy of class 5: 100.00%
Accuracy of class 6: 100.00%
Accuracy of class 7: 100.00%
Accuracy of class 8: 45.58%
Confusion Matrix:
tensor([[ 810.,    0.,    0.,    0.,    0.,    0.,    0.,    0.,    0.],
        [   0., 1125.,    0.,    0.,    0.,    0.,    0.,    0.,    0.],
        [   0.,    0., 1039.,    0.,    0.,    0.,    0.,    0.,    0.],
        [   0.,    0.,    0.,  549.,   77.,    0.,    3.,   83.,  323.],
        [   0.,    0.,    0.,  161.,  235.,    0.,    0.,    0.,    0.],
        [   0.,    0.,    0.,    0.,    0.,  856.,    0.,    0.,    0.],
        [   0.,    0.,    0.,    0.,    0.,    0.,  728.,    0.,    0.],
        [   0.,    0.,    0.,    0.,    0.,    0.,    0., 1118.,    0.],
        [   0.,    0.,    0.,  486.,    0.,    0.,    0.,    0.,  407.]])
Epoch 15 Test Accuracy per Class:
Accuracy of class 0: 100.00%
Accuracy of class 1: 100.00%
Accuracy of class 2: 100.00%
Accuracy of class 3: 55.47%
Accuracy of class 4: 60.58%
Accuracy of class 5: 100.00%
Accuracy of class 6: 100.00%
Accuracy of class 7: 100.00%
Accuracy of class 8: 44.93%
Confusion Matrix:
tensor([[190.,   0.,   0.,   0.,   0.,   0.,   0.,   0.,   0.],
        [  0., 275.,   0.,   0.,   0.,   0.,   0.,   0.,   0.],
        [  0.,   0., 261.,   0.,   0.,   0.,   0.,   0.,   0.],
        [  0.,   0.,   0., 147.,  23.,   0.,   1.,  17.,  77.],
        [  0.,   0.,   0.,  41.,  63.,   0.,   0.,   0.,   0.],
        [  0.,   0.,   0.,   0.,   0., 244.,   0.,   0.,   0.],
        [  0.,   0.,   0.,   0.,   0.,   0., 172.,   0.,   0.],
        [  0.,   0.,   0.,   0.,   0.,   0.,   0., 282.,   0.],
        [  0.,   0.,   0., 114.,   0.,   0.,   0.,   0.,  93.]])
-------------------------------------------
Epoch 16 Training Accuracy per Class:
Accuracy of class 0: 100.00%
Accuracy of class 1: 100.00%
Accuracy of class 2: 100.00%
Accuracy of class 3: 37.29%
Accuracy of class 4: 79.04%
Accuracy of class 5: 100.00%
Accuracy of class 6: 100.00%
Accuracy of class 7: 100.00%
Accuracy of class 8: 100.00%
Confusion Matrix:
tensor([[ 810.,    0.,    0.,    0.,    0.,    0.,    0.,    0.,    0.],
        [   0., 1125.,    0.,    0.,    0.,    0.,    0.,    0.,    0.],
        [   0.,    0., 1039.,    0.,    0.,    0.,    0.,    0.,    0.],
        [   0.,    0.,    0.,  386.,   77.,    0.,    0.,   83.,  489.],
        [   0.,    0.,    0.,    3.,  313.,    0.,    0.,    0.,   80.],
        [   0.,    0.,    0.,    0.,    0.,  856.,    0.,    0.,    0.],
        [   0.,    0.,    0.,    0.,    0.,    0.,  728.,    0.,    0.],
        [   0.,    0.,    0.,    0.,    0.,    0.,    0., 1118.,    0.],
        [   0.,    0.,    0.,    0.,    0.,    0.,    0.,    0.,  893.]])
Epoch 16 Test Accuracy per Class:
Accuracy of class 0: 100.00%
Accuracy of class 1: 100.00%
Accuracy of class 2: 100.00%
Accuracy of class 3: 42.64%
Accuracy of class 4: 80.77%
Accuracy of class 5: 100.00%
Accuracy of class 6: 100.00%
Accuracy of class 7: 100.00%
Accuracy of class 8: 100.00%
Confusion Matrix:
tensor([[190.,   0.,   0.,   0.,   0.,   0.,   0.,   0.,   0.],
        [  0., 275.,   0.,   0.,   0.,   0.,   0.,   0.,   0.],
        [  0.,   0., 261.,   0.,   0.,   0.,   0.,   0.,   0.],
        [  0.,   0.,   0., 113.,  23.,   0.,   1.,  17., 111.],
        [  0.,   0.,   0.,   0.,  84.,   0.,   0.,   0.,  20.],
        [  0.,   0.,   0.,   0.,   0., 244.,   0.,   0.,   0.],
        [  0.,   0.,   0.,   0.,   0.,   0., 172.,   0.,   0.],
        [  0.,   0.,   0.,   0.,   0.,   0.,   0., 282.,   0.],
        [  0.,   0.,   0.,   0.,   0.,   0.,   0.,   0., 207.]])
-------------------------------------------
Epoch 17 Training Accuracy per Class:
Accuracy of class 0: 100.00%
Accuracy of class 1: 100.00%
Accuracy of class 2: 100.00%
Accuracy of class 3: 45.31%
Accuracy of class 4: 79.80%
Accuracy of class 5: 100.00%
Accuracy of class 6: 99.73%
Accuracy of class 7: 100.00%
Accuracy of class 8: 100.00%
Confusion Matrix:
tensor([[ 810.,    0.,    0.,    0.,    0.,    0.,    0.,    0.,    0.],
        [   0., 1125.,    0.,    0.,    0.,    0.,    0.,    0.,    0.],
        [   0.,    0., 1039.,    0.,    0.,    0.,    0.,    0.,    0.],
        [   0.,    0.,    0.,  469.,   77.,    0.,    0.,    0.,  489.],
        [   0.,    0.,    0.,    0.,  316.,    0.,    0.,    0.,   80.],
        [   0.,    0.,    0.,    0.,    0.,  856.,    0.,    0.,    0.],
        [   0.,    0.,    0.,    2.,    0.,    0.,  726.,    0.,    0.],
        [   0.,    0.,    0.,    0.,    0.,    0.,    0., 1118.,    0.],
        [   0.,    0.,    0.,    0.,    0.,    0.,    0.,    0.,  893.]])
Epoch 17 Test Accuracy per Class:
Accuracy of class 0: 100.00%
Accuracy of class 1: 100.00%
Accuracy of class 2: 100.00%
Accuracy of class 3: 49.06%
Accuracy of class 4: 80.77%
Accuracy of class 5: 100.00%
Accuracy of class 6: 99.42%
Accuracy of class 7: 100.00%
Accuracy of class 8: 100.00%
Confusion Matrix:
tensor([[190.,   0.,   0.,   0.,   0.,   0.,   0.,   0.,   0.],
        [  0., 275.,   0.,   0.,   0.,   0.,   0.,   0.,   0.],
        [  0.,   0., 261.,   0.,   0.,   0.,   0.,   0.,   0.],
        [  0.,   0.,   0., 130.,  23.,   0.,   1.,   0., 111.],
        [  0.,   0.,   0.,   0.,  84.,   0.,   0.,   0.,  20.],
        [  0.,   0.,   0.,   0.,   0., 244.,   0.,   0.,   0.],
        [  0.,   0.,   0.,   1.,   0.,   0., 171.,   0.,   0.],
        [  0.,   0.,   0.,   0.,   0.,   0.,   0., 282.,   0.],
        [  0.,   0.,   0.,   0.,   0.,   0.,   0.,   0., 207.]])
-------------------------------------------
Epoch 18 Training Accuracy per Class:
Accuracy of class 0: 100.00%
Accuracy of class 1: 100.00%
Accuracy of class 2: 100.00%
Accuracy of class 3: 45.31%
Accuracy of class 4: 59.85%
Accuracy of class 5: 100.00%
Accuracy of class 6: 100.00%
Accuracy of class 7: 100.00%
Accuracy of class 8: 100.00%
Confusion Matrix:
tensor([[ 810.,    0.,    0.,    0.,    0.,    0.,    0.,    0.,    0.],
        [   0., 1125.,    0.,    0.,    0.,    0.,    0.,    0.,    0.],
        [   0.,    0., 1039.,    0.,    0.,    0.,    0.,    0.,    0.],
        [   0.,    0.,    0.,  469.,   77.,    0.,    0.,    0.,  489.],
        [   0.,    0.,    0.,   79.,  237.,    0.,    0.,    0.,   80.],
        [   0.,    0.,    0.,    0.,    0.,  856.,    0.,    0.,    0.],
        [   0.,    0.,    0.,    0.,    0.,    0.,  728.,    0.,    0.],
        [   0.,    0.,    0.,    0.,    0.,    0.,    0., 1118.,    0.],
        [   0.,    0.,    0.,    0.,    0.,    0.,    0.,    0.,  893.]])
Epoch 18 Test Accuracy per Class:
Accuracy of class 0: 100.00%
Accuracy of class 1: 100.00%
Accuracy of class 2: 100.00%
Accuracy of class 3: 49.06%
Accuracy of class 4: 60.58%
Accuracy of class 5: 100.00%
Accuracy of class 6: 100.00%
Accuracy of class 7: 100.00%
Accuracy of class 8: 100.00%
Confusion Matrix:
tensor([[190.,   0.,   0.,   0.,   0.,   0.,   0.,   0.,   0.],
        [  0., 275.,   0.,   0.,   0.,   0.,   0.,   0.,   0.],
        [  0.,   0., 261.,   0.,   0.,   0.,   0.,   0.,   0.],
        [  0.,   0.,   0., 130.,  23.,   0.,   1.,   0., 111.],
        [  0.,   0.,   0.,  21.,  63.,   0.,   0.,   0.,  20.],
        [  0.,   0.,   0.,   0.,   0., 244.,   0.,   0.,   0.],
        [  0.,   0.,   0.,   0.,   0.,   0., 172.,   0.,   0.],
        [  0.,   0.,   0.,   0.,   0.,   0.,   0., 282.,   0.],
        [  0.,   0.,   0.,   0.,   0.,   0.,   0.,   0., 207.]])
-------------------------------------------
Epoch 19 Training Accuracy per Class:
Accuracy of class 0: 100.00%
Accuracy of class 1: 100.00%
Accuracy of class 2: 100.00%
Accuracy of class 3: 45.31%
Accuracy of class 4: 79.80%
Accuracy of class 5: 100.00%
Accuracy of class 6: 99.86%
Accuracy of class 7: 100.00%
Accuracy of class 8: 100.00%
Confusion Matrix:
tensor([[8.1000e+02, 0.0000e+00, 0.0000e+00, 0.0000e+00, 0.0000e+00, 0.0000e+00,
         0.0000e+00, 0.0000e+00, 0.0000e+00],
        [0.0000e+00, 1.1250e+03, 0.0000e+00, 0.0000e+00, 0.0000e+00, 0.0000e+00,
         0.0000e+00, 0.0000e+00, 0.0000e+00],
        [0.0000e+00, 0.0000e+00, 1.0390e+03, 0.0000e+00, 0.0000e+00, 0.0000e+00,
         0.0000e+00, 0.0000e+00, 0.0000e+00],
        [0.0000e+00, 0.0000e+00, 0.0000e+00, 4.6900e+02, 7.7000e+01, 0.0000e+00,
         0.0000e+00, 0.0000e+00, 4.8900e+02],
        [0.0000e+00, 0.0000e+00, 0.0000e+00, 0.0000e+00, 3.1600e+02, 0.0000e+00,
         0.0000e+00, 0.0000e+00, 8.0000e+01],
        [0.0000e+00, 0.0000e+00, 0.0000e+00, 0.0000e+00, 0.0000e+00, 8.5600e+02,
         0.0000e+00, 0.0000e+00, 0.0000e+00],
        [0.0000e+00, 0.0000e+00, 0.0000e+00, 1.0000e+00, 0.0000e+00, 0.0000e+00,
         7.2700e+02, 0.0000e+00, 0.0000e+00],
        [0.0000e+00, 0.0000e+00, 0.0000e+00, 0.0000e+00, 0.0000e+00, 0.0000e+00,
         0.0000e+00, 1.1180e+03, 0.0000e+00],
        [0.0000e+00, 0.0000e+00, 0.0000e+00, 0.0000e+00, 0.0000e+00, 0.0000e+00,
         0.0000e+00, 0.0000e+00, 8.9300e+02]])
Epoch 19 Test Accuracy per Class:
Accuracy of class 0: 100.00%
Accuracy of class 1: 100.00%
Accuracy of class 2: 100.00%
Accuracy of class 3: 49.06%
Accuracy of class 4: 80.77%
Accuracy of class 5: 100.00%
Accuracy of class 6: 100.00%
Accuracy of class 7: 100.00%
Accuracy of class 8: 100.00%
Confusion Matrix:
tensor([[190.,   0.,   0.,   0.,   0.,   0.,   0.,   0.,   0.],
        [  0., 275.,   0.,   0.,   0.,   0.,   0.,   0.,   0.],
        [  0.,   0., 261.,   0.,   0.,   0.,   0.,   0.,   0.],
        [  0.,   0.,   0., 130.,  23.,   0.,   1.,   0., 111.],
        [  0.,   0.,   0.,   0.,  84.,   0.,   0.,   0.,  20.],
        [  0.,   0.,   0.,   0.,   0., 244.,   0.,   0.,   0.],
        [  0.,   0.,   0.,   0.,   0.,   0., 172.,   0.,   0.],
        [  0.,   0.,   0.,   0.,   0.,   0.,   0., 282.,   0.],
        [  0.,   0.,   0.,   0.,   0.,   0.,   0.,   0., 207.]])
-------------------------------------------
Epoch 20 Training Accuracy per Class:
Accuracy of class 0: 100.00%
Accuracy of class 1: 100.00%
Accuracy of class 2: 100.00%
Accuracy of class 3: 61.35%
Accuracy of class 4: 79.80%
Accuracy of class 5: 100.00%
Accuracy of class 6: 100.00%
Accuracy of class 7: 100.00%
Accuracy of class 8: 72.34%
Confusion Matrix:
tensor([[ 810.,    0.,    0.,    0.,    0.,    0.,    0.,    0.,    0.],
        [   0., 1125.,    0.,    0.,    0.,    0.,    0.,    0.,    0.],
        [   0.,    0., 1039.,    0.,    0.,    0.,    0.,    0.,    0.],
        [   0.,    0.,    0.,  635.,   77.,    0.,    0.,    0.,  323.],
        [   0.,    0.,    0.,   80.,  316.,    0.,    0.,    0.,    0.],
        [   0.,    0.,    0.,    0.,    0.,  856.,    0.,    0.,    0.],
        [   0.,    0.,    0.,    0.,    0.,    0.,  728.,    0.,    0.],
        [   0.,    0.,    0.,    0.,    0.,    0.,    0., 1118.,    0.],
        [   0.,    0.,    0.,  247.,    0.,    0.,    0.,    0.,  646.]])
Epoch 20 Test Accuracy per Class:
Accuracy of class 0: 100.00%
Accuracy of class 1: 100.00%
Accuracy of class 2: 100.00%
Accuracy of class 3: 61.89%
Accuracy of class 4: 80.77%
Accuracy of class 5: 100.00%
Accuracy of class 6: 100.00%
Accuracy of class 7: 100.00%
Accuracy of class 8: 74.40%
Confusion Matrix:
tensor([[190.,   0.,   0.,   0.,   0.,   0.,   0.,   0.,   0.],
        [  0., 275.,   0.,   0.,   0.,   0.,   0.,   0.,   0.],
        [  0.,   0., 261.,   0.,   0.,   0.,   0.,   0.,   0.],
        [  0.,   0.,   0., 164.,  23.,   0.,   1.,   0.,  77.],
        [  0.,   0.,   0.,  20.,  84.,   0.,   0.,   0.,   0.],
        [  0.,   0.,   0.,   0.,   0., 244.,   0.,   0.,   0.],
        [  0.,   0.,   0.,   0.,   0.,   0., 172.,   0.,   0.],
        [  0.,   0.,   0.,   0.,   0.,   0.,   0., 282.,   0.],
        [  0.,   0.,   0.,  53.,   0.,   0.,   0.,   0., 154.]])
-------------------------------------------
Training Complete
Epoch 1 Training Accuracy per Class:
Accuracy of class 0: 88.41%
Accuracy of class 1: 71.83%
Accuracy of class 2: 7.67%
Accuracy of class 3: 73.10%
Accuracy of class 4: 0.00%
Accuracy of class 5: 100.00%
Accuracy of class 6: 100.00%
Accuracy of class 7: 63.32%
Accuracy of class 8: 91.19%
Confusion Matrix:
tensor([[694.,  12.,   0.,  79.,   0.,   0.,   0.,   0.,   0.],
        [255., 798.,   0.,   0.,   0.,  58.,   0.,   0.,   0.],
        [961.,   0.,  80.,   0.,   0.,   0.,   2.,   0.,   0.],
        [  0.,   0.,   0., 761.,   0.,   0.,  38.,  78., 164.],
        [  0.,   1.,   0., 336.,   0.,   0.,   0.,   0.,  81.],
        [  0.,   0.,   0.,   0.,   0., 891.,   0.,   0.,   0.],
        [  0.,   0.,   0.,   0.,   0.,   0., 710.,   0.,   0.],
        [  0.,   0.,   0., 405.,   0.,   0.,   0., 699.,   0.],
        [  0.,   0.,   0.,  79.,   0.,   0.,   0.,   0., 818.]])
Epoch 1 Test Accuracy per Class:
Accuracy of class 0: 88.37%
Accuracy of class 1: 69.90%
Accuracy of class 2: 9.73%
Accuracy of class 3: 74.90%
Accuracy of class 4: 0.00%
Accuracy of class 5: 100.00%
Accuracy of class 6: 99.47%
Accuracy of class 7: 67.91%
Accuracy of class 8: 89.66%
Confusion Matrix:
tensor([[190.,   4.,   0.,  21.,   0.,   0.,   0.,   0.,   0.],
        [ 67., 202.,   0.,   0.,   0.,  20.,   0.,   0.,   0.],
        [232.,   0.,  25.,   0.,   0.,   0.,   0.,   0.,   0.],
        [  0.,   0.,   0., 194.,   0.,   0.,   7.,  22.,  36.],
        [  0.,   2.,   0.,  61.,   0.,   0.,   0.,   0.,  19.],
        [  0.,   0.,   0.,   0.,   0., 209.,   0.,   0.,   0.],
        [  0.,   0.,   0.,   1.,   0.,   0., 189.,   0.,   0.],
        [  0.,   0.,   0.,  95.,   0.,   0.,   0., 201.,   0.],
        [  0.,   0.,   0.,  21.,   0.,   0.,   0.,   0., 182.]])
-------------------------------------------
Epoch 2 Training Accuracy per Class:
Accuracy of class 0: 70.19%
Accuracy of class 1: 92.62%
Accuracy of class 2: 77.56%
Accuracy of class 3: 75.79%
Accuracy of class 4: 0.00%
Accuracy of class 5: 100.00%
Accuracy of class 6: 99.44%
Accuracy of class 7: 63.32%
Accuracy of class 8: 91.19%
Confusion Matrix:
tensor([[ 551.,   76.,   79.,   79.,    0.,    0.,    0.,    0.,    0.],
        [  82., 1029.,    0.,    0.,    0.,    0.,    0.,    0.,    0.],
        [ 234.,    0.,  809.,    0.,    0.,    0.,    0.,    0.,    0.],
        [   0.,    0.,    0.,  789.,    0.,    0.,   10.,   78.,  164.],
        [   0.,    0.,    0.,  337.,    0.,    0.,    0.,    0.,   81.],
        [   0.,    0.,    0.,    0.,    0.,  891.,    0.,    0.,    0.],
        [   0.,    0.,    0.,    4.,    0.,    0.,  706.,    0.,    0.],
        [   0.,    0.,    0.,  405.,    0.,    0.,    0.,  699.,    0.],
        [   0.,    0.,    0.,   79.,    0.,    0.,    0.,    0.,  818.]])
Epoch 2 Test Accuracy per Class:
Accuracy of class 0: 69.30%
Accuracy of class 1: 93.77%
Accuracy of class 2: 74.32%
Accuracy of class 3: 76.45%
Accuracy of class 4: 1.22%
Accuracy of class 5: 100.00%
Accuracy of class 6: 99.47%
Accuracy of class 7: 67.91%
Accuracy of class 8: 89.66%
Confusion Matrix:
tensor([[149.,  24.,  21.,  21.,   0.,   0.,   0.,   0.,   0.],
        [ 18., 271.,   0.,   0.,   0.,   0.,   0.,   0.,   0.],
        [ 66.,   0., 191.,   0.,   0.,   0.,   0.,   0.,   0.],
        [  0.,   0.,   0., 198.,   0.,   0.,   3.,  22.,  36.],
        [  0.,   0.,   0.,  62.,   1.,   0.,   0.,   0.,  19.],
        [  0.,   0.,   0.,   0.,   0., 209.,   0.,   0.,   0.],
        [  0.,   0.,   0.,   1.,   0.,   0., 189.,   0.,   0.],
        [  0.,   0.,   0.,  95.,   0.,   0.,   0., 201.,   0.],
        [  0.,   0.,   0.,  21.,   0.,   0.,   0.,   0., 182.]])
-------------------------------------------
Epoch 3 Training Accuracy per Class:
Accuracy of class 0: 89.94%
Accuracy of class 1: 100.00%
Accuracy of class 2: 100.00%
Accuracy of class 3: 99.90%
Accuracy of class 4: 0.00%
Accuracy of class 5: 99.89%
Accuracy of class 6: 94.93%
Accuracy of class 7: 63.32%
Accuracy of class 8: 0.00%
Confusion Matrix:
tensor([[7.0600e+02, 0.0000e+00, 0.0000e+00, 0.0000e+00, 0.0000e+00, 0.0000e+00,
         0.0000e+00, 7.9000e+01, 0.0000e+00],
        [0.0000e+00, 1.1110e+03, 0.0000e+00, 0.0000e+00, 0.0000e+00, 0.0000e+00,
         0.0000e+00, 0.0000e+00, 0.0000e+00],
        [0.0000e+00, 0.0000e+00, 1.0430e+03, 0.0000e+00, 0.0000e+00, 0.0000e+00,
         0.0000e+00, 0.0000e+00, 0.0000e+00],
        [0.0000e+00, 0.0000e+00, 0.0000e+00, 1.0400e+03, 0.0000e+00, 0.0000e+00,
         1.0000e+00, 0.0000e+00, 0.0000e+00],
        [0.0000e+00, 0.0000e+00, 0.0000e+00, 4.1800e+02, 0.0000e+00, 0.0000e+00,
         0.0000e+00, 0.0000e+00, 0.0000e+00],
        [0.0000e+00, 1.0000e+00, 0.0000e+00, 0.0000e+00, 0.0000e+00, 8.9000e+02,
         0.0000e+00, 0.0000e+00, 0.0000e+00],
        [0.0000e+00, 0.0000e+00, 0.0000e+00, 3.6000e+01, 0.0000e+00, 0.0000e+00,
         6.7400e+02, 0.0000e+00, 0.0000e+00],
        [0.0000e+00, 0.0000e+00, 0.0000e+00, 4.0500e+02, 0.0000e+00, 0.0000e+00,
         0.0000e+00, 6.9900e+02, 0.0000e+00],
        [0.0000e+00, 0.0000e+00, 0.0000e+00, 8.9700e+02, 0.0000e+00, 0.0000e+00,
         0.0000e+00, 0.0000e+00, 0.0000e+00]])
Epoch 3 Test Accuracy per Class:
Accuracy of class 0: 90.23%
Accuracy of class 1: 100.00%
Accuracy of class 2: 100.00%
Accuracy of class 3: 100.00%
Accuracy of class 4: 0.00%
Accuracy of class 5: 99.52%
Accuracy of class 6: 94.21%
Accuracy of class 7: 67.91%
Accuracy of class 8: 0.00%
Confusion Matrix:
tensor([[194.,   0.,   0.,   0.,   0.,   0.,   0.,  21.,   0.],
        [  0., 289.,   0.,   0.,   0.,   0.,   0.,   0.,   0.],
        [  0.,   0., 257.,   0.,   0.,   0.,   0.,   0.,   0.],
        [  0.,   0.,   0., 259.,   0.,   0.,   0.,   0.,   0.],
        [  0.,   0.,   0.,  82.,   0.,   0.,   0.,   0.,   0.],
        [  0.,   1.,   0.,   0.,   0., 208.,   0.,   0.,   0.],
        [  0.,   0.,   0.,  11.,   0.,   0., 179.,   0.,   0.],
        [  0.,   0.,   0.,  95.,   0.,   0.,   0., 201.,   0.],
        [  0.,   0.,   0., 203.,   0.,   0.,   0.,   0.,   0.]])
-------------------------------------------
Epoch 4 Training Accuracy per Class:
Accuracy of class 0: 89.94%
Accuracy of class 1: 100.00%
Accuracy of class 2: 100.00%
Accuracy of class 3: 84.44%
Accuracy of class 4: 0.00%
Accuracy of class 5: 100.00%
Accuracy of class 6: 99.86%
Accuracy of class 7: 100.00%
Accuracy of class 8: 54.18%
Confusion Matrix:
tensor([[7.0600e+02, 0.0000e+00, 0.0000e+00, 0.0000e+00, 0.0000e+00, 0.0000e+00,
         0.0000e+00, 7.9000e+01, 0.0000e+00],
        [0.0000e+00, 1.1110e+03, 0.0000e+00, 0.0000e+00, 0.0000e+00, 0.0000e+00,
         0.0000e+00, 0.0000e+00, 0.0000e+00],
        [0.0000e+00, 0.0000e+00, 1.0430e+03, 0.0000e+00, 0.0000e+00, 0.0000e+00,
         0.0000e+00, 0.0000e+00, 0.0000e+00],
        [0.0000e+00, 0.0000e+00, 0.0000e+00, 8.7900e+02, 0.0000e+00, 0.0000e+00,
         3.0000e+00, 7.8000e+01, 8.1000e+01],
        [0.0000e+00, 0.0000e+00, 1.0000e+00, 3.3600e+02, 0.0000e+00, 0.0000e+00,
         0.0000e+00, 0.0000e+00, 8.1000e+01],
        [0.0000e+00, 0.0000e+00, 0.0000e+00, 0.0000e+00, 0.0000e+00, 8.9100e+02,
         0.0000e+00, 0.0000e+00, 0.0000e+00],
        [0.0000e+00, 0.0000e+00, 0.0000e+00, 1.0000e+00, 0.0000e+00, 0.0000e+00,
         7.0900e+02, 0.0000e+00, 0.0000e+00],
        [0.0000e+00, 0.0000e+00, 0.0000e+00, 0.0000e+00, 0.0000e+00, 0.0000e+00,
         0.0000e+00, 1.1040e+03, 0.0000e+00],
        [0.0000e+00, 0.0000e+00, 0.0000e+00, 4.1100e+02, 0.0000e+00, 0.0000e+00,
         0.0000e+00, 0.0000e+00, 4.8600e+02]])
Epoch 4 Test Accuracy per Class:
Accuracy of class 0: 90.23%
Accuracy of class 1: 100.00%
Accuracy of class 2: 100.00%
Accuracy of class 3: 83.78%
Accuracy of class 4: 0.00%
Accuracy of class 5: 100.00%
Accuracy of class 6: 100.00%
Accuracy of class 7: 100.00%
Accuracy of class 8: 56.16%
Confusion Matrix:
tensor([[194.,   0.,   0.,   0.,   0.,   0.,   0.,  21.,   0.],
        [  0., 289.,   0.,   0.,   0.,   0.,   0.,   0.,   0.],
        [  0.,   0., 257.,   0.,   0.,   0.,   0.,   0.,   0.],
        [  0.,   0.,   0., 217.,   0.,   0.,   1.,  22.,  19.],
        [  0.,   0.,   0.,  61.,   0.,   0.,   0.,   2.,  19.],
        [  0.,   0.,   0.,   0.,   0., 209.,   0.,   0.,   0.],
        [  0.,   0.,   0.,   0.,   0.,   0., 190.,   0.,   0.],
        [  0.,   0.,   0.,   0.,   0.,   0.,   0., 296.,   0.],
        [  0.,   0.,   0.,  89.,   0.,   0.,   0.,   0., 114.]])
-------------------------------------------
Epoch 5 Training Accuracy per Class:
Accuracy of class 0: 100.00%
Accuracy of class 1: 92.62%
Accuracy of class 2: 84.08%
Accuracy of class 3: 92.03%
Accuracy of class 4: 0.00%
Accuracy of class 5: 100.00%
Accuracy of class 6: 100.00%
Accuracy of class 7: 100.00%
Accuracy of class 8: 0.00%
Confusion Matrix:
tensor([[7.8500e+02, 0.0000e+00, 0.0000e+00, 0.0000e+00, 0.0000e+00, 0.0000e+00,
         0.0000e+00, 0.0000e+00, 0.0000e+00],
        [8.2000e+01, 1.0290e+03, 0.0000e+00, 0.0000e+00, 0.0000e+00, 0.0000e+00,
         0.0000e+00, 0.0000e+00, 0.0000e+00],
        [1.6600e+02, 0.0000e+00, 8.7700e+02, 0.0000e+00, 0.0000e+00, 0.0000e+00,
         0.0000e+00, 0.0000e+00, 0.0000e+00],
        [0.0000e+00, 0.0000e+00, 0.0000e+00, 9.5800e+02, 0.0000e+00, 0.0000e+00,
         5.0000e+00, 7.8000e+01, 0.0000e+00],
        [0.0000e+00, 1.0000e+00, 0.0000e+00, 4.1500e+02, 0.0000e+00, 0.0000e+00,
         0.0000e+00, 2.0000e+00, 0.0000e+00],
        [0.0000e+00, 0.0000e+00, 0.0000e+00, 0.0000e+00, 0.0000e+00, 8.9100e+02,
         0.0000e+00, 0.0000e+00, 0.0000e+00],
        [0.0000e+00, 0.0000e+00, 0.0000e+00, 0.0000e+00, 0.0000e+00, 0.0000e+00,
         7.1000e+02, 0.0000e+00, 0.0000e+00],
        [0.0000e+00, 0.0000e+00, 0.0000e+00, 0.0000e+00, 0.0000e+00, 0.0000e+00,
         0.0000e+00, 1.1040e+03, 0.0000e+00],
        [0.0000e+00, 0.0000e+00, 0.0000e+00, 8.9700e+02, 0.0000e+00, 0.0000e+00,
         0.0000e+00, 0.0000e+00, 0.0000e+00]])
Epoch 5 Test Accuracy per Class:
Accuracy of class 0: 100.00%
Accuracy of class 1: 93.77%
Accuracy of class 2: 85.99%
Accuracy of class 3: 90.73%
Accuracy of class 4: 0.00%
Accuracy of class 5: 100.00%
Accuracy of class 6: 100.00%
Accuracy of class 7: 100.00%
Accuracy of class 8: 0.00%
Confusion Matrix:
tensor([[215.,   0.,   0.,   0.,   0.,   0.,   0.,   0.,   0.],
        [ 18., 271.,   0.,   0.,   0.,   0.,   0.,   0.,   0.],
        [ 36.,   0., 221.,   0.,   0.,   0.,   0.,   0.,   0.],
        [  0.,   0.,   0., 235.,   0.,   0.,   2.,  22.,   0.],
        [  0.,   2.,   0.,  80.,   0.,   0.,   0.,   0.,   0.],
        [  0.,   0.,   0.,   0.,   0., 209.,   0.,   0.,   0.],
        [  0.,   0.,   0.,   0.,   0.,   0., 190.,   0.,   0.],
        [  0.,   0.,   0.,   0.,   0.,   0.,   0., 296.,   0.],
        [  0.,   0.,   0., 203.,   0.,   0.,   0.,   0.,   0.]])
-------------------------------------------
Epoch 6 Training Accuracy per Class:
Accuracy of class 0: 100.00%
Accuracy of class 1: 100.00%
Accuracy of class 2: 100.00%
Accuracy of class 3: 50.05%
Accuracy of class 4: 0.24%
Accuracy of class 5: 100.00%
Accuracy of class 6: 100.00%
Accuracy of class 7: 100.00%
Accuracy of class 8: 100.00%
Confusion Matrix:
tensor([[7.8500e+02, 0.0000e+00, 0.0000e+00, 0.0000e+00, 0.0000e+00, 0.0000e+00,
         0.0000e+00, 0.0000e+00, 0.0000e+00],
        [0.0000e+00, 1.1110e+03, 0.0000e+00, 0.0000e+00, 0.0000e+00, 0.0000e+00,
         0.0000e+00, 0.0000e+00, 0.0000e+00],
        [0.0000e+00, 0.0000e+00, 1.0430e+03, 0.0000e+00, 0.0000e+00, 0.0000e+00,
         0.0000e+00, 0.0000e+00, 0.0000e+00],
        [0.0000e+00, 0.0000e+00, 0.0000e+00, 5.2100e+02, 0.0000e+00, 0.0000e+00,
         7.0000e+00, 7.8000e+01, 4.3500e+02],
        [0.0000e+00, 0.0000e+00, 0.0000e+00, 3.2200e+02, 1.0000e+00, 0.0000e+00,
         0.0000e+00, 1.4000e+01, 8.1000e+01],
        [0.0000e+00, 0.0000e+00, 0.0000e+00, 0.0000e+00, 0.0000e+00, 8.9100e+02,
         0.0000e+00, 0.0000e+00, 0.0000e+00],
        [0.0000e+00, 0.0000e+00, 0.0000e+00, 0.0000e+00, 0.0000e+00, 0.0000e+00,
         7.1000e+02, 0.0000e+00, 0.0000e+00],
        [0.0000e+00, 0.0000e+00, 0.0000e+00, 0.0000e+00, 0.0000e+00, 0.0000e+00,
         0.0000e+00, 1.1040e+03, 0.0000e+00],
        [0.0000e+00, 0.0000e+00, 0.0000e+00, 0.0000e+00, 0.0000e+00, 0.0000e+00,
         0.0000e+00, 0.0000e+00, 8.9700e+02]])
Epoch 6 Test Accuracy per Class:
Accuracy of class 0: 100.00%
Accuracy of class 1: 100.00%
Accuracy of class 2: 100.00%
Accuracy of class 3: 47.49%
Accuracy of class 4: 0.00%
Accuracy of class 5: 100.00%
Accuracy of class 6: 100.00%
Accuracy of class 7: 100.00%
Accuracy of class 8: 100.00%
Confusion Matrix:
tensor([[215.,   0.,   0.,   0.,   0.,   0.,   0.,   0.,   0.],
        [  0., 289.,   0.,   0.,   0.,   0.,   0.,   0.,   0.],
        [  0.,   0., 257.,   0.,   0.,   0.,   0.,   0.,   0.],
        [  0.,   0.,   0., 123.,   0.,   0.,   2.,  22., 112.],
        [  0.,   0.,   0.,  59.,   0.,   0.,   0.,   4.,  19.],
        [  0.,   0.,   0.,   0.,   0., 209.,   0.,   0.,   0.],
        [  0.,   0.,   0.,   0.,   0.,   0., 190.,   0.,   0.],
        [  0.,   0.,   0.,   0.,   0.,   0.,   0., 296.,   0.],
        [  0.,   0.,   0.,   0.,   0.,   0.,   0.,   0., 203.]])
-------------------------------------------
Epoch 7 Training Accuracy per Class:
Accuracy of class 0: 100.00%
Accuracy of class 1: 92.62%
Accuracy of class 2: 81.78%
Accuracy of class 3: 38.71%
Accuracy of class 4: 9.09%
Accuracy of class 5: 100.00%
Accuracy of class 6: 100.00%
Accuracy of class 7: 100.00%
Accuracy of class 8: 100.00%
Confusion Matrix:
tensor([[ 785.,    0.,    0.,    0.,    0.,    0.,    0.,    0.,    0.],
        [  79., 1029.,    0.,    0.,    0.,    0.,    0.,    3.,    0.],
        [ 190.,    0.,  853.,    0.,    0.,    0.,    0.,    0.,    0.],
        [   0.,    0.,    0.,  403.,    2.,    0.,    0.,  158.,  478.],
        [   0.,    0.,    0.,  143.,   38.,    0.,    0.,  156.,   81.],
        [   0.,    0.,    0.,    0.,    0.,  891.,    0.,    0.,    0.],
        [   0.,    0.,    0.,    0.,    0.,    0.,  710.,    0.,    0.],
        [   0.,    0.,    0.,    0.,    0.,    0.,    0., 1104.,    0.],
        [   0.,    0.,    0.,    0.,    0.,    0.,    0.,    0.,  897.]])
Epoch 7 Test Accuracy per Class:
Accuracy of class 0: 100.00%
Accuracy of class 1: 93.77%
Accuracy of class 2: 80.16%
Accuracy of class 3: 36.68%
Accuracy of class 4: 4.88%
Accuracy of class 5: 100.00%
Accuracy of class 6: 100.00%
Accuracy of class 7: 100.00%
Accuracy of class 8: 100.00%
Confusion Matrix:
tensor([[215.,   0.,   0.,   0.,   0.,   0.,   0.,   0.,   0.],
        [ 17., 271.,   0.,   0.,   0.,   0.,   0.,   1.,   0.],
        [ 51.,   0., 206.,   0.,   0.,   0.,   0.,   0.,   0.],
        [  0.,   0.,   0.,  95.,   1.,   0.,   0.,  41., 122.],
        [  0.,   0.,   0.,  26.,   4.,   0.,   0.,  33.,  19.],
        [  0.,   0.,   0.,   0.,   0., 209.,   0.,   0.,   0.],
        [  0.,   0.,   0.,   0.,   0.,   0., 190.,   0.,   0.],
        [  0.,   0.,   0.,   0.,   0.,   0.,   0., 296.,   0.],
        [  0.,   0.,   0.,   0.,   0.,   0.,   0.,   0., 203.]])
-------------------------------------------
Epoch 8 Training Accuracy per Class:
Accuracy of class 0: 100.00%
Accuracy of class 1: 100.00%
Accuracy of class 2: 100.00%
Accuracy of class 3: 45.92%
Accuracy of class 4: 16.27%
Accuracy of class 5: 100.00%
Accuracy of class 6: 100.00%
Accuracy of class 7: 100.00%
Accuracy of class 8: 100.00%
Confusion Matrix:
tensor([[ 785.,    0.,    0.,    0.,    0.,    0.,    0.,    0.,    0.],
        [   0., 1111.,    0.,    0.,    0.,    0.,    0.,    0.,    0.],
        [   0.,    0., 1043.,    0.,    0.,    0.,    0.,    0.,    0.],
        [   0.,    0.,    0.,  478.,    2.,    0.,    5.,   78.,  478.],
        [   0.,    0.,    0.,  269.,   68.,    0.,    0.,    0.,   81.],
        [   0.,    0.,    0.,    0.,    0.,  891.,    0.,    0.,    0.],
        [   0.,    0.,    0.,    0.,    0.,    0.,  710.,    0.,    0.],
        [   0.,    0.,    0.,    0.,    0.,    0.,    0., 1104.,    0.],
        [   0.,    0.,    0.,    0.,    0.,    0.,    0.,    0.,  897.]])
Epoch 8 Test Accuracy per Class:
Accuracy of class 0: 100.00%
Accuracy of class 1: 100.00%
Accuracy of class 2: 100.00%
Accuracy of class 3: 43.63%
Accuracy of class 4: 13.41%
Accuracy of class 5: 100.00%
Accuracy of class 6: 100.00%
Accuracy of class 7: 100.00%
Accuracy of class 8: 100.00%
Confusion Matrix:
tensor([[215.,   0.,   0.,   0.,   0.,   0.,   0.,   0.,   0.],
        [  0., 289.,   0.,   0.,   0.,   0.,   0.,   0.,   0.],
        [  0.,   0., 257.,   0.,   0.,   0.,   0.,   0.,   0.],
        [  0.,   0.,   0., 113.,   1.,   0.,   1.,  22., 122.],
        [  0.,   0.,   0.,  52.,  11.,   0.,   0.,   0.,  19.],
        [  0.,   0.,   0.,   0.,   0., 209.,   0.,   0.,   0.],
        [  0.,   0.,   0.,   0.,   0.,   0., 190.,   0.,   0.],
        [  0.,   0.,   0.,   0.,   0.,   0.,   0., 296.,   0.],
        [  0.,   0.,   0.,   0.,   0.,   0.,   0.,   0., 203.]])
-------------------------------------------
Epoch 9 Training Accuracy per Class:
Accuracy of class 0: 100.00%
Accuracy of class 1: 100.00%
Accuracy of class 2: 100.00%
Accuracy of class 3: 69.07%
Accuracy of class 4: 20.81%
Accuracy of class 5: 100.00%
Accuracy of class 6: 100.00%
Accuracy of class 7: 100.00%
Accuracy of class 8: 45.82%
Confusion Matrix:
tensor([[ 785.,    0.,    0.,    0.,    0.,    0.,    0.,    0.,    0.],
        [   0., 1111.,    0.,    0.,    0.,    0.,    0.,    0.,    0.],
        [   0.,    0., 1043.,    0.,    0.,    0.,    0.,    0.,    0.],
        [   0.,    0.,    0.,  719.,    2.,    0.,    6.,    0.,  314.],
        [   0.,    0.,    0.,  331.,   87.,    0.,    0.,    0.,    0.],
        [   0.,    0.,    0.,    0.,    0.,  891.,    0.,    0.,    0.],
        [   0.,    0.,    0.,    0.,    0.,    0.,  710.,    0.,    0.],
        [   0.,    0.,    0.,    0.,    0.,    0.,    0., 1104.,    0.],
        [   0.,    0.,    0.,  486.,    0.,    0.,    0.,    0.,  411.]])
Epoch 9 Test Accuracy per Class:
Accuracy of class 0: 100.00%
Accuracy of class 1: 100.00%
Accuracy of class 2: 100.00%
Accuracy of class 3: 66.02%
Accuracy of class 4: 15.85%
Accuracy of class 5: 100.00%
Accuracy of class 6: 100.00%
Accuracy of class 7: 100.00%
Accuracy of class 8: 43.84%
Confusion Matrix:
tensor([[215.,   0.,   0.,   0.,   0.,   0.,   0.,   0.,   0.],
        [  0., 289.,   0.,   0.,   0.,   0.,   0.,   0.,   0.],
        [  0.,   0., 257.,   0.,   0.,   0.,   0.,   0.,   0.],
        [  0.,   0.,   0., 171.,   1.,   0.,   1.,   0.,  86.],
        [  0.,   0.,   0.,  69.,  13.,   0.,   0.,   0.,   0.],
        [  0.,   0.,   0.,   0.,   0., 209.,   0.,   0.,   0.],
        [  0.,   0.,   0.,   0.,   0.,   0., 190.,   0.,   0.],
        [  0.,   0.,   0.,   0.,   0.,   0.,   0., 296.,   0.],
        [  0.,   0.,   0., 114.,   0.,   0.,   0.,   0.,  89.]])
-------------------------------------------
Epoch 10 Training Accuracy per Class:
Accuracy of class 0: 100.00%
Accuracy of class 1: 100.00%
Accuracy of class 2: 100.00%
Accuracy of class 3: 46.11%
Accuracy of class 4: 80.14%
Accuracy of class 5: 100.00%
Accuracy of class 6: 100.00%
Accuracy of class 7: 100.00%
Accuracy of class 8: 100.00%
Confusion Matrix:
tensor([[ 785.,    0.,    0.,    0.,    0.,    0.,    0.,    0.,    0.],
        [   0., 1111.,    0.,    0.,    0.,    0.,    0.,    0.,    0.],
        [   0.,    0., 1043.,    0.,    0.,    0.,    0.,    0.,    0.],
        [   0.,    0.,    0.,  480.,   83.,    0.,    0.,    0.,  478.],
        [   0.,    0.,    0.,    2.,  335.,    0.,    0.,    0.,   81.],
        [   0.,    0.,    0.,    0.,    0.,  891.,    0.,    0.,    0.],
        [   0.,    0.,    0.,    0.,    0.,    0.,  710.,    0.,    0.],
        [   0.,    0.,    0.,    0.,    0.,    0.,    0., 1104.,    0.],
        [   0.,    0.,    0.,    0.,    0.,    0.,    0.,    0.,  897.]])
Epoch 10 Test Accuracy per Class:
Accuracy of class 0: 100.00%
Accuracy of class 1: 100.00%
Accuracy of class 2: 100.00%
Accuracy of class 3: 45.17%
Accuracy of class 4: 76.83%
Accuracy of class 5: 100.00%
Accuracy of class 6: 100.00%
Accuracy of class 7: 100.00%
Accuracy of class 8: 100.00%
Confusion Matrix:
tensor([[215.,   0.,   0.,   0.,   0.,   0.,   0.,   0.,   0.],
        [  0., 289.,   0.,   0.,   0.,   0.,   0.,   0.,   0.],
        [  0.,   0., 257.,   0.,   0.,   0.,   0.,   0.,   0.],
        [  0.,   0.,   0., 117.,  20.,   0.,   0.,   0., 122.],
        [  0.,   0.,   0.,   0.,  63.,   0.,   0.,   0.,  19.],
        [  0.,   0.,   0.,   0.,   0., 209.,   0.,   0.,   0.],
        [  0.,   0.,   0.,   0.,   0.,   0., 190.,   0.,   0.],
        [  0.,   0.,   0.,   0.,   0.,   0.,   0., 296.,   0.],
        [  0.,   0.,   0.,   0.,   0.,   0.,   0.,   0., 203.]])
-------------------------------------------
Training Complete
