Epoch 1 Training Accuracy per Class:
Accuracy of class 0: 0.00%
Accuracy of class 1: 40.83%
Accuracy of class 2: 66.09%
Accuracy of class 3: 99.89%
Accuracy of class 4: 0.00%
Accuracy of class 5: 31.67%
Accuracy of class 6: 100.00%
Accuracy of class 7: 0.00%
Accuracy of class 8: 0.00%
Accuracy of class 9: 0.00%
Confusion Matrix:
tensor([[  0.,   0.,   0., 736.,   0.,   0.,   0.,   0.,   0.,   0.],
        [  0., 325.,  88., 310.,   0.,  73.,   0.,   0.,   0.,   0.],
        [  0.,   0., 651., 334.,   0.,   0.,   0.,   0.,   0.,   0.],
        [  0.,   0.,   1., 938.,   0.,   0.,   0.,   0.,   0.,   0.],
        [  0.,   0.,   1., 611.,   0.,   0.,  18.,   0.,   0.,   0.],
        [  0.,   0.,   1.,  36., 457., 229.,   0.,   0.,   0.,   0.],
        [  0.,   0.,   0.,   0.,   0.,   0., 892.,   0.,   0.,   0.],
        [  0.,   0.,   0., 707.,   0.,   0.,   0.,   0.,   0.,   0.],
        [  0.,   0.,   0., 790.,   0.,   0.,   0.,   0.,   0.,   0.],
        [  0.,   0.,   0., 802.,   0.,   0.,   0.,   0.,   0.,   0.]])
Epoch 1 Test Accuracy per Class:
Accuracy of class 0: 0.00%
Accuracy of class 1: 36.76%
Accuracy of class 2: 70.70%
Accuracy of class 3: 100.00%
Accuracy of class 4: 0.00%
Accuracy of class 5: 35.59%
Accuracy of class 6: 100.00%
Accuracy of class 7: 0.00%
Accuracy of class 8: 0.00%
Accuracy of class 9: 0.00%
Confusion Matrix:
tensor([[  0.,   0.,   0., 164.,   0.,   0.,   0.,   0.,   0.,   0.],
        [  0.,  75.,  12.,  90.,   0.,  27.,   0.,   0.,   0.,   0.],
        [  0.,   0., 152.,  63.,   0.,   0.,   0.,   0.,   0.,   0.],
        [  0.,   0.,   0., 261.,   0.,   0.,   0.,   0.,   0.,   0.],
        [  0.,   0.,   0., 168.,   0.,   0.,   2.,   0.,   0.,   0.],
        [  0.,   0.,   0.,   7., 107.,  63.,   0.,   0.,   0.,   0.],
        [  0.,   0.,   0.,   0.,   0.,   0., 208.,   0.,   0.,   0.],
        [  0.,   0.,   0., 193.,   0.,   0.,   0.,   0.,   0.,   0.],
        [  0.,   0.,   0., 210.,   0.,   0.,   0.,   0.,   0.,   0.],
        [  0.,   0.,   0., 198.,   0.,   0.,   0.,   0.,   0.,   0.]])
-------------------------------------------
Epoch 2 Training Accuracy per Class:
Accuracy of class 0: 0.00%
Accuracy of class 1: 51.88%
Accuracy of class 2: 74.52%
Accuracy of class 3: 100.00%
Accuracy of class 4: 0.16%
Accuracy of class 5: 99.72%
Accuracy of class 6: 100.00%
Accuracy of class 7: 0.00%
Accuracy of class 8: 0.00%
Accuracy of class 9: 0.00%
Confusion Matrix:
tensor([[  0.,   0.,   0., 736.,   0.,   0.,   0.,   0.,   0.,   0.],
        [  0., 413.,  73., 310.,   0.,   0.,   0.,   0.,   0.,   0.],
        [  0.,   0., 734., 251.,   0.,   0.,   0.,   0.,   0.,   0.],
        [  0.,   0.,   0., 939.,   0.,   0.,   0.,   0.,   0.,   0.],
        [  0.,   0.,   0., 550.,   1.,   0.,  79.,   0.,   0.,   0.],
        [  0.,   2.,   0.,   0.,   0., 721.,   0.,   0.,   0.,   0.],
        [  0.,   0.,   0.,   0.,   0.,   0., 892.,   0.,   0.,   0.],
        [  0.,   0.,   0., 707.,   0.,   0.,   0.,   0.,   0.,   0.],
        [  0.,   0.,   0., 790.,   0.,   0.,   0.,   0.,   0.,   0.],
        [  0.,   0.,   0., 802.,   0.,   0.,   0.,   0.,   0.,   0.]])
Epoch 2 Test Accuracy per Class:
Accuracy of class 0: 0.00%
Accuracy of class 1: 42.65%
Accuracy of class 2: 76.74%
Accuracy of class 3: 100.00%
Accuracy of class 4: 0.00%
Accuracy of class 5: 100.00%
Accuracy of class 6: 100.00%
Accuracy of class 7: 0.00%
Accuracy of class 8: 0.00%
Accuracy of class 9: 0.00%
Confusion Matrix:
tensor([[  0.,   0.,   0., 164.,   0.,   0.,   0.,   0.,   0.,   0.],
        [  0.,  87.,  27.,  90.,   0.,   0.,   0.,   0.,   0.,   0.],
        [  0.,   0., 165.,  50.,   0.,   0.,   0.,   0.,   0.,   0.],
        [  0.,   0.,   0., 261.,   0.,   0.,   0.,   0.,   0.,   0.],
        [  0.,   0.,   0., 149.,   0.,   0.,  21.,   0.,   0.,   0.],
        [  0.,   0.,   0.,   0.,   0., 177.,   0.,   0.,   0.,   0.],
        [  0.,   0.,   0.,   0.,   0.,   0., 208.,   0.,   0.,   0.],
        [  0.,   0.,   0., 193.,   0.,   0.,   0.,   0.,   0.,   0.],
        [  0.,   0.,   0., 210.,   0.,   0.,   0.,   0.,   0.,   0.],
        [  0.,   0.,   0., 198.,   0.,   0.,   0.,   0.,   0.,   0.]])
-------------------------------------------
Epoch 3 Training Accuracy per Class:
Accuracy of class 0: 0.00%
Accuracy of class 1: 61.06%
Accuracy of class 2: 74.62%
Accuracy of class 3: 100.00%
Accuracy of class 4: 9.21%
Accuracy of class 5: 99.86%
Accuracy of class 6: 100.00%
Accuracy of class 7: 0.00%
Accuracy of class 8: 0.00%
Accuracy of class 9: 0.00%
Confusion Matrix:
tensor([[  0.,   0.,   0., 736.,   0.,   0.,   0.,   0.,   0.,   0.],
        [  0., 486.,   0., 310.,   0.,   0.,   0.,   0.,   0.,   0.],
        [  0.,   0., 735., 250.,   0.,   0.,   0.,   0.,   0.,   0.],
        [  0.,   0.,   0., 939.,   0.,   0.,   0.,   0.,   0.,   0.],
        [  0.,   0.,   0., 550.,  58.,   0.,  22.,   0.,   0.,   0.],
        [  0.,   1.,   0.,   0.,   0., 722.,   0.,   0.,   0.,   0.],
        [  0.,   0.,   0.,   0.,   0.,   0., 892.,   0.,   0.,   0.],
        [  0.,   0.,   0., 707.,   0.,   0.,   0.,   0.,   0.,   0.],
        [  0.,   0.,   0., 790.,   0.,   0.,   0.,   0.,   0.,   0.],
        [  0.,   0.,   0., 802.,   0.,   0.,   0.,   0.,   0.,   0.]])
Epoch 3 Test Accuracy per Class:
Accuracy of class 0: 0.00%
Accuracy of class 1: 55.88%
Accuracy of class 2: 76.74%
Accuracy of class 3: 100.00%
Accuracy of class 4: 10.00%
Accuracy of class 5: 100.00%
Accuracy of class 6: 100.00%
Accuracy of class 7: 0.00%
Accuracy of class 8: 0.00%
Accuracy of class 9: 0.00%
Confusion Matrix:
tensor([[  0.,   0.,   0., 164.,   0.,   0.,   0.,   0.,   0.,   0.],
        [  0., 114.,   0.,  90.,   0.,   0.,   0.,   0.,   0.,   0.],
        [  0.,   0., 165.,  50.,   0.,   0.,   0.,   0.,   0.,   0.],
        [  0.,   0.,   0., 261.,   0.,   0.,   0.,   0.,   0.,   0.],
        [  0.,   0.,   0., 149.,  17.,   0.,   4.,   0.,   0.,   0.],
        [  0.,   0.,   0.,   0.,   0., 177.,   0.,   0.,   0.,   0.],
        [  0.,   0.,   0.,   0.,   0.,   0., 208.,   0.,   0.,   0.],
        [  0.,   0.,   0., 193.,   0.,   0.,   0.,   0.,   0.,   0.],
        [  0.,   0.,   0., 210.,   0.,   0.,   0.,   0.,   0.,   0.],
        [  0.,   0.,   0., 198.,   0.,   0.,   0.,   0.,   0.,   0.]])
-------------------------------------------
Epoch 4 Training Accuracy per Class:
Accuracy of class 0: 11.41%
Accuracy of class 1: 61.06%
Accuracy of class 2: 74.52%
Accuracy of class 3: 100.00%
Accuracy of class 4: 12.70%
Accuracy of class 5: 100.00%
Accuracy of class 6: 0.00%
Accuracy of class 7: 0.00%
Accuracy of class 8: 0.00%
Accuracy of class 9: 0.00%
Confusion Matrix:
tensor([[ 84.,   0.,   0., 652.,   0.,   0.,   0.,   0.,   0.,   0.],
        [  0., 486.,   0., 310.,   0.,   0.,   0.,   0.,   0.,   0.],
        [  0.,   0., 734., 251.,   0.,   0.,   0.,   0.,   0.,   0.],
        [  0.,   0.,   0., 939.,   0.,   0.,   0.,   0.,   0.,   0.],
        [  0.,   0.,   0., 550.,  80.,   0.,   0.,   0.,   0.,   0.],
        [  0.,   0.,   0.,   0.,   0., 723.,   0.,   0.,   0.,   0.],
        [  0.,   0.,   0.,   0., 892.,   0.,   0.,   0.,   0.,   0.],
        [  0.,   0.,   0., 707.,   0.,   0.,   0.,   0.,   0.,   0.],
        [  0.,   0.,   0., 790.,   0.,   0.,   0.,   0.,   0.,   0.],
        [  0.,   0.,   0., 802.,   0.,   0.,   0.,   0.,   0.,   0.]])
Epoch 4 Test Accuracy per Class:
Accuracy of class 0: 7.93%
Accuracy of class 1: 55.88%
Accuracy of class 2: 76.74%
Accuracy of class 3: 100.00%
Accuracy of class 4: 12.35%
Accuracy of class 5: 100.00%
Accuracy of class 6: 0.00%
Accuracy of class 7: 0.00%
Accuracy of class 8: 0.00%
Accuracy of class 9: 0.00%
Confusion Matrix:
tensor([[ 13.,   0.,   0., 151.,   0.,   0.,   0.,   0.,   0.,   0.],
        [  0., 114.,   0.,  90.,   0.,   0.,   0.,   0.,   0.,   0.],
        [  0.,   0., 165.,  50.,   0.,   0.,   0.,   0.,   0.,   0.],
        [  0.,   0.,   0., 261.,   0.,   0.,   0.,   0.,   0.,   0.],
        [  0.,   0.,   0., 149.,  21.,   0.,   0.,   0.,   0.,   0.],
        [  0.,   0.,   0.,   0.,   0., 177.,   0.,   0.,   0.,   0.],
        [  0.,   0.,   0.,   0., 208.,   0.,   0.,   0.,   0.,   0.],
        [  0.,   0.,   0., 193.,   0.,   0.,   0.,   0.,   0.,   0.],
        [  0.,   0.,   0., 210.,   0.,   0.,   0.,   0.,   0.,   0.],
        [  0.,   0.,   0., 198.,   0.,   0.,   0.,   0.,   0.,   0.]])
-------------------------------------------
Epoch 5 Training Accuracy per Class:
Accuracy of class 0: 0.00%
Accuracy of class 1: 61.06%
Accuracy of class 2: 74.52%
Accuracy of class 3: 100.00%
Accuracy of class 4: 11.59%
Accuracy of class 5: 100.00%
Accuracy of class 6: 100.00%
Accuracy of class 7: 0.00%
Accuracy of class 8: 0.00%
Accuracy of class 9: 0.00%
Confusion Matrix:
tensor([[  0.,   0.,   0., 736.,   0.,   0.,   0.,   0.,   0.,   0.],
        [  0., 486.,   0., 310.,   0.,   0.,   0.,   0.,   0.,   0.],
        [  0.,   0., 734., 250.,   1.,   0.,   0.,   0.,   0.,   0.],
        [  0.,   0.,   0., 939.,   0.,   0.,   0.,   0.,   0.,   0.],
        [  0.,   0.,   0., 550.,  73.,   0.,   7.,   0.,   0.,   0.],
        [  0.,   0.,   0.,   0.,   0., 723.,   0.,   0.,   0.,   0.],
        [  0.,   0.,   0.,   0.,   0.,   0., 892.,   0.,   0.,   0.],
        [  0.,   0.,   0., 707.,   0.,   0.,   0.,   0.,   0.,   0.],
        [  0.,   0.,   0., 790.,   0.,   0.,   0.,   0.,   0.,   0.],
        [  0.,   0.,   0., 802.,   0.,   0.,   0.,   0.,   0.,   0.]])
Epoch 5 Test Accuracy per Class:
Accuracy of class 0: 0.00%
Accuracy of class 1: 55.88%
Accuracy of class 2: 76.74%
Accuracy of class 3: 100.00%
Accuracy of class 4: 11.18%
Accuracy of class 5: 100.00%
Accuracy of class 6: 100.00%
Accuracy of class 7: 0.00%
Accuracy of class 8: 0.00%
Accuracy of class 9: 0.00%
Confusion Matrix:
tensor([[  0.,   0.,   0., 164.,   0.,   0.,   0.,   0.,   0.,   0.],
        [  0., 114.,   0.,  90.,   0.,   0.,   0.,   0.,   0.,   0.],
        [  0.,   0., 165.,  50.,   0.,   0.,   0.,   0.,   0.,   0.],
        [  0.,   0.,   0., 261.,   0.,   0.,   0.,   0.,   0.,   0.],
        [  0.,   0.,   0., 149.,  19.,   0.,   2.,   0.,   0.,   0.],
        [  0.,   0.,   0.,   0.,   0., 177.,   0.,   0.,   0.,   0.],
        [  0.,   0.,   0.,   0.,   0.,   0., 208.,   0.,   0.,   0.],
        [  0.,   0.,   0., 193.,   0.,   0.,   0.,   0.,   0.,   0.],
        [  0.,   0.,   0., 210.,   0.,   0.,   0.,   0.,   0.,   0.],
        [  0.,   0.,   0., 198.,   0.,   0.,   0.,   0.,   0.,   0.]])
-------------------------------------------
Epoch 6 Training Accuracy per Class:
Accuracy of class 0: 0.00%
Accuracy of class 1: 61.06%
Accuracy of class 2: 74.52%
Accuracy of class 3: 99.89%
Accuracy of class 4: 12.06%
Accuracy of class 5: 100.00%
Accuracy of class 6: 100.00%
Accuracy of class 7: 0.00%
Accuracy of class 8: 0.00%
Accuracy of class 9: 0.00%
Confusion Matrix:
tensor([[  0.,   0.,   0., 736.,   0.,   0.,   0.,   0.,   0.,   0.],
        [  0., 486.,   0., 310.,   0.,   0.,   0.,   0.,   0.,   0.],
        [  0.,   0., 734., 250.,   1.,   0.,   0.,   0.,   0.,   0.],
        [  0.,   0.,   0., 938.,   1.,   0.,   0.,   0.,   0.,   0.],
        [  0.,   0.,   0., 550.,  76.,   0.,   4.,   0.,   0.,   0.],
        [  0.,   0.,   0.,   0.,   0., 723.,   0.,   0.,   0.,   0.],
        [  0.,   0.,   0.,   0.,   0.,   0., 892.,   0.,   0.,   0.],
        [  0.,   0.,   0., 707.,   0.,   0.,   0.,   0.,   0.,   0.],
        [  0.,   0.,   0., 790.,   0.,   0.,   0.,   0.,   0.,   0.],
        [  0.,   0.,   0., 802.,   0.,   0.,   0.,   0.,   0.,   0.]])
Epoch 6 Test Accuracy per Class:
Accuracy of class 0: 0.00%
Accuracy of class 1: 55.88%
Accuracy of class 2: 76.74%
Accuracy of class 3: 100.00%
Accuracy of class 4: 11.18%
Accuracy of class 5: 100.00%
Accuracy of class 6: 100.00%
Accuracy of class 7: 0.00%
Accuracy of class 8: 0.00%
Accuracy of class 9: 0.00%
Confusion Matrix:
tensor([[  0.,   0.,   0., 164.,   0.,   0.,   0.,   0.,   0.,   0.],
        [  0., 114.,   0.,  90.,   0.,   0.,   0.,   0.,   0.,   0.],
        [  0.,   0., 165.,  50.,   0.,   0.,   0.,   0.,   0.,   0.],
        [  0.,   0.,   0., 261.,   0.,   0.,   0.,   0.,   0.,   0.],
        [  0.,   0.,   0., 149.,  19.,   0.,   2.,   0.,   0.,   0.],
        [  0.,   0.,   0.,   0.,   0., 177.,   0.,   0.,   0.,   0.],
        [  0.,   0.,   0.,   0.,   0.,   0., 208.,   0.,   0.,   0.],
        [  0.,   0.,   0., 193.,   0.,   0.,   0.,   0.,   0.,   0.],
        [  0.,   0.,   0., 210.,   0.,   0.,   0.,   0.,   0.,   0.],
        [  0.,   0.,   0., 198.,   0.,   0.,   0.,   0.,   0.,   0.]])
-------------------------------------------
Epoch 7 Training Accuracy per Class:
Accuracy of class 0: 0.00%
Accuracy of class 1: 61.06%
Accuracy of class 2: 74.52%
Accuracy of class 3: 100.00%
Accuracy of class 4: 12.06%
Accuracy of class 5: 100.00%
Accuracy of class 6: 100.00%
Accuracy of class 7: 0.00%
Accuracy of class 8: 0.00%
Accuracy of class 9: 0.00%
Confusion Matrix:
tensor([[  0.,   0.,   0., 736.,   0.,   0.,   0.,   0.,   0.,   0.],
        [  0., 486.,   0., 310.,   0.,   0.,   0.,   0.,   0.,   0.],
        [  0.,   0., 734., 251.,   0.,   0.,   0.,   0.,   0.,   0.],
        [  0.,   0.,   0., 939.,   0.,   0.,   0.,   0.,   0.,   0.],
        [  0.,   0.,   0., 550.,  76.,   0.,   4.,   0.,   0.,   0.],
        [  0.,   0.,   0.,   0.,   0., 723.,   0.,   0.,   0.,   0.],
        [  0.,   0.,   0.,   0.,   0.,   0., 892.,   0.,   0.,   0.],
        [  0.,   0.,   0., 707.,   0.,   0.,   0.,   0.,   0.,   0.],
        [  0.,   0.,   0., 790.,   0.,   0.,   0.,   0.,   0.,   0.],
        [  0.,   0.,   0., 802.,   0.,   0.,   0.,   0.,   0.,   0.]])
Epoch 7 Test Accuracy per Class:
Accuracy of class 0: 0.00%
Accuracy of class 1: 55.88%
Accuracy of class 2: 76.74%
Accuracy of class 3: 100.00%
Accuracy of class 4: 11.18%
Accuracy of class 5: 100.00%
Accuracy of class 6: 100.00%
Accuracy of class 7: 0.00%
Accuracy of class 8: 0.00%
Accuracy of class 9: 0.00%
Confusion Matrix:
tensor([[  0.,   0.,   0., 164.,   0.,   0.,   0.,   0.,   0.,   0.],
        [  0., 114.,   0.,  90.,   0.,   0.,   0.,   0.,   0.,   0.],
        [  0.,   0., 165.,  50.,   0.,   0.,   0.,   0.,   0.,   0.],
        [  0.,   0.,   0., 261.,   0.,   0.,   0.,   0.,   0.,   0.],
        [  0.,   0.,   0., 149.,  19.,   0.,   2.,   0.,   0.,   0.],
        [  0.,   0.,   0.,   0.,   0., 177.,   0.,   0.,   0.,   0.],
        [  0.,   0.,   0.,   0.,   0.,   0., 208.,   0.,   0.,   0.],
        [  0.,   0.,   0., 193.,   0.,   0.,   0.,   0.,   0.,   0.],
        [  0.,   0.,   0., 210.,   0.,   0.,   0.,   0.,   0.,   0.],
        [  0.,   0.,   0., 198.,   0.,   0.,   0.,   0.,   0.,   0.]])
-------------------------------------------
Epoch 8 Training Accuracy per Class:
Accuracy of class 0: 0.00%
Accuracy of class 1: 61.06%
Accuracy of class 2: 74.52%
Accuracy of class 3: 99.89%
Accuracy of class 4: 12.22%
Accuracy of class 5: 100.00%
Accuracy of class 6: 100.00%
Accuracy of class 7: 0.00%
Accuracy of class 8: 0.00%
Accuracy of class 9: 0.00%
Confusion Matrix:
tensor([[  0.,   0.,   0., 736.,   0.,   0.,   0.,   0.,   0.,   0.],
        [  0., 486.,   0., 310.,   0.,   0.,   0.,   0.,   0.,   0.],
        [  0.,   0., 734., 251.,   0.,   0.,   0.,   0.,   0.,   0.],
        [  0.,   0.,   0., 938.,   0.,   0.,   0.,   0.,   0.,   1.],
        [  0.,   0.,   0., 550.,  77.,   0.,   3.,   0.,   0.,   0.],
        [  0.,   0.,   0.,   0.,   0., 723.,   0.,   0.,   0.,   0.],
        [  0.,   0.,   0.,   0.,   0.,   0., 892.,   0.,   0.,   0.],
        [  0.,   0.,   0., 707.,   0.,   0.,   0.,   0.,   0.,   0.],
        [  0.,   0.,   0., 790.,   0.,   0.,   0.,   0.,   0.,   0.],
        [  0.,   0.,   0., 802.,   0.,   0.,   0.,   0.,   0.,   0.]])
Epoch 8 Test Accuracy per Class:
Accuracy of class 0: 0.00%
Accuracy of class 1: 55.88%
Accuracy of class 2: 76.74%
Accuracy of class 3: 100.00%
Accuracy of class 4: 11.18%
Accuracy of class 5: 100.00%
Accuracy of class 6: 100.00%
Accuracy of class 7: 0.00%
Accuracy of class 8: 0.00%
Accuracy of class 9: 0.00%
Confusion Matrix:
tensor([[  0.,   0.,   0., 164.,   0.,   0.,   0.,   0.,   0.,   0.],
        [  0., 114.,   0.,  90.,   0.,   0.,   0.,   0.,   0.,   0.],
        [  0.,   0., 165.,  50.,   0.,   0.,   0.,   0.,   0.,   0.],
        [  0.,   0.,   0., 261.,   0.,   0.,   0.,   0.,   0.,   0.],
        [  0.,   0.,   0., 149.,  19.,   0.,   2.,   0.,   0.,   0.],
        [  0.,   0.,   0.,   0.,   0., 177.,   0.,   0.,   0.,   0.],
        [  0.,   0.,   0.,   0.,   0.,   0., 208.,   0.,   0.,   0.],
        [  0.,   0.,   0., 193.,   0.,   0.,   0.,   0.,   0.,   0.],
        [  0.,   0.,   0., 210.,   0.,   0.,   0.,   0.,   0.,   0.],
        [  0.,   0.,   0., 198.,   0.,   0.,   0.,   0.,   0.,   0.]])
-------------------------------------------
Epoch 9 Training Accuracy per Class:
Accuracy of class 0: 0.00%
Accuracy of class 1: 61.06%
Accuracy of class 2: 74.52%
Accuracy of class 3: 99.89%
Accuracy of class 4: 12.38%
Accuracy of class 5: 100.00%
Accuracy of class 6: 100.00%
Accuracy of class 7: 0.00%
Accuracy of class 8: 0.00%
Accuracy of class 9: 0.00%
Confusion Matrix:
tensor([[  0.,   0.,   0., 736.,   0.,   0.,   0.,   0.,   0.,   0.],
        [  0., 486.,   0., 310.,   0.,   0.,   0.,   0.,   0.,   0.],
        [  0.,   0., 734., 251.,   0.,   0.,   0.,   0.,   0.,   0.],
        [  0.,   0.,   0., 938.,   0.,   0.,   0.,   0.,   0.,   1.],
        [  0.,   0.,   0., 550.,  78.,   0.,   2.,   0.,   0.,   0.],
        [  0.,   0.,   0.,   0.,   0., 723.,   0.,   0.,   0.,   0.],
        [  0.,   0.,   0.,   0.,   0.,   0., 892.,   0.,   0.,   0.],
        [  0.,   0.,   0., 707.,   0.,   0.,   0.,   0.,   0.,   0.],
        [  0.,   0.,   0., 790.,   0.,   0.,   0.,   0.,   0.,   0.],
        [  0.,   0.,   0., 802.,   0.,   0.,   0.,   0.,   0.,   0.]])
Epoch 9 Test Accuracy per Class:
Accuracy of class 0: 0.00%
Accuracy of class 1: 55.88%
Accuracy of class 2: 76.74%
Accuracy of class 3: 100.00%
Accuracy of class 4: 11.76%
Accuracy of class 5: 100.00%
Accuracy of class 6: 100.00%
Accuracy of class 7: 0.00%
Accuracy of class 8: 0.00%
Accuracy of class 9: 0.00%
Confusion Matrix:
tensor([[  0.,   0.,   0., 164.,   0.,   0.,   0.,   0.,   0.,   0.],
        [  0., 114.,   0.,  90.,   0.,   0.,   0.,   0.,   0.,   0.],
        [  0.,   0., 165.,  50.,   0.,   0.,   0.,   0.,   0.,   0.],
        [  0.,   0.,   0., 261.,   0.,   0.,   0.,   0.,   0.,   0.],
        [  0.,   0.,   0., 149.,  20.,   0.,   1.,   0.,   0.,   0.],
        [  0.,   0.,   0.,   0.,   0., 177.,   0.,   0.,   0.,   0.],
        [  0.,   0.,   0.,   0.,   0.,   0., 208.,   0.,   0.,   0.],
        [  0.,   0.,   0., 193.,   0.,   0.,   0.,   0.,   0.,   0.],
        [  0.,   0.,   0., 210.,   0.,   0.,   0.,   0.,   0.,   0.],
        [  0.,   0.,   0., 198.,   0.,   0.,   0.,   0.,   0.,   0.]])
-------------------------------------------
Epoch 10 Training Accuracy per Class:
Accuracy of class 0: 0.00%
Accuracy of class 1: 61.06%
Accuracy of class 2: 74.52%
Accuracy of class 3: 99.89%
Accuracy of class 4: 12.70%
Accuracy of class 5: 100.00%
Accuracy of class 6: 100.00%
Accuracy of class 7: 0.00%
Accuracy of class 8: 0.00%
Accuracy of class 9: 0.00%
Confusion Matrix:
tensor([[  0.,   0.,   0., 736.,   0.,   0.,   0.,   0.,   0.,   0.],
        [  0., 486.,   0., 230.,   0.,   0.,   0.,  55.,  25.,   0.],
        [  0.,   0., 734., 251.,   0.,   0.,   0.,   0.,   0.,   0.],
        [  0.,   0.,   0., 938.,   0.,   0.,   0.,   0.,   0.,   1.],
        [  0.,   0.,   0., 513.,  80.,   0.,   0.,   0.,  37.,   0.],
        [  0.,   0.,   0.,   0.,   0., 723.,   0.,   0.,   0.,   0.],
        [  0.,   0.,   0.,   0.,   0.,   0., 892.,   0.,   0.,   0.],
        [  0.,   0.,   0., 707.,   0.,   0.,   0.,   0.,   0.,   0.],
        [  0.,   0.,   0., 790.,   0.,   0.,   0.,   0.,   0.,   0.],
        [  0.,   0.,   0., 802.,   0.,   0.,   0.,   0.,   0.,   0.]])
Epoch 10 Test Accuracy per Class:
Accuracy of class 0: 0.00%
Accuracy of class 1: 55.88%
Accuracy of class 2: 76.74%
Accuracy of class 3: 100.00%
Accuracy of class 4: 12.35%
Accuracy of class 5: 100.00%
Accuracy of class 6: 100.00%
Accuracy of class 7: 0.00%
Accuracy of class 8: 0.00%
Accuracy of class 9: 0.00%
Confusion Matrix:
tensor([[  0.,   0.,   0., 164.,   0.,   0.,   0.,   0.,   0.,   0.],
        [  0., 114.,   0.,  70.,   0.,   0.,   0.,  16.,   4.,   0.],
        [  0.,   0., 165.,  50.,   0.,   0.,   0.,   0.,   0.,   0.],
        [  0.,   0.,   0., 261.,   0.,   0.,   0.,   0.,   0.,   0.],
        [  0.,   0.,   0., 141.,  21.,   0.,   0.,   0.,   8.,   0.],
        [  0.,   0.,   0.,   0.,   0., 177.,   0.,   0.,   0.,   0.],
        [  0.,   0.,   0.,   0.,   0.,   0., 208.,   0.,   0.,   0.],
        [  0.,   0.,   0., 193.,   0.,   0.,   0.,   0.,   0.,   0.],
        [  0.,   0.,   0., 210.,   0.,   0.,   0.,   0.,   0.,   0.],
        [  0.,   0.,   0., 198.,   0.,   0.,   0.,   0.,   0.,   0.]])
-------------------------------------------
Epoch 11 Training Accuracy per Class:
Accuracy of class 0: 0.00%
Accuracy of class 1: 61.06%
Accuracy of class 2: 74.52%
Accuracy of class 3: 99.68%
Accuracy of class 4: 36.83%
Accuracy of class 5: 100.00%
Accuracy of class 6: 100.00%
Accuracy of class 7: 0.00%
Accuracy of class 8: 0.00%
Accuracy of class 9: 0.00%
Confusion Matrix:
tensor([[  0.,   0.,   0., 736.,   0.,   0.,   0.,   0.,   0.,   0.],
        [  0., 486.,   0., 310.,   0.,   0.,   0.,   0.,   0.,   0.],
        [  0.,   0., 734., 251.,   0.,   0.,   0.,   0.,   0.,   0.],
        [  0.,   0.,   0., 936.,   2.,   0.,   0.,   0.,   0.,   1.],
        [  0.,   0.,   0., 397., 232.,   0.,   1.,   0.,   0.,   0.],
        [  0.,   0.,   0.,   0.,   0., 723.,   0.,   0.,   0.,   0.],
        [  0.,   0.,   0.,   0.,   0.,   0., 892.,   0.,   0.,   0.],
        [  0.,   0.,   0., 707.,   0.,   0.,   0.,   0.,   0.,   0.],
        [  0.,   0.,   0., 790.,   0.,   0.,   0.,   0.,   0.,   0.],
        [  0.,   0.,   0., 802.,   0.,   0.,   0.,   0.,   0.,   0.]])
Epoch 11 Test Accuracy per Class:
Accuracy of class 0: 0.00%
Accuracy of class 1: 55.88%
Accuracy of class 2: 76.74%
Accuracy of class 3: 100.00%
Accuracy of class 4: 40.00%
Accuracy of class 5: 100.00%
Accuracy of class 6: 100.00%
Accuracy of class 7: 0.00%
Accuracy of class 8: 0.00%
Accuracy of class 9: 0.00%
Confusion Matrix:
tensor([[  0.,   0.,   0., 164.,   0.,   0.,   0.,   0.,   0.,   0.],
        [  0., 114.,   0.,  90.,   0.,   0.,   0.,   0.,   0.,   0.],
        [  0.,   0., 165.,  50.,   0.,   0.,   0.,   0.,   0.,   0.],
        [  0.,   0.,   0., 261.,   0.,   0.,   0.,   0.,   0.,   0.],
        [  0.,   0.,   0., 102.,  68.,   0.,   0.,   0.,   0.,   0.],
        [  0.,   0.,   0.,   0.,   0., 177.,   0.,   0.,   0.,   0.],
        [  0.,   0.,   0.,   0.,   0.,   0., 208.,   0.,   0.,   0.],
        [  0.,   0.,   0., 193.,   0.,   0.,   0.,   0.,   0.,   0.],
        [  0.,   0.,   0., 210.,   0.,   0.,   0.,   0.,   0.,   0.],
        [  0.,   0.,   0., 198.,   0.,   0.,   0.,   0.,   0.,   0.]])
-------------------------------------------
Epoch 12 Training Accuracy per Class:
Accuracy of class 0: 0.00%
Accuracy of class 1: 61.06%
Accuracy of class 2: 74.52%
Accuracy of class 3: 100.00%
Accuracy of class 4: 12.70%
Accuracy of class 5: 100.00%
Accuracy of class 6: 100.00%
Accuracy of class 7: 0.00%
Accuracy of class 8: 0.00%
Accuracy of class 9: 0.00%
Confusion Matrix:
tensor([[  0.,   0.,   0., 736.,   0.,   0.,   0.,   0.,   0.,   0.],
        [  0., 486.,   0., 310.,   0.,   0.,   0.,   0.,   0.,   0.],
        [  0.,   0., 734., 251.,   0.,   0.,   0.,   0.,   0.,   0.],
        [  0.,   0.,   0., 939.,   0.,   0.,   0.,   0.,   0.,   0.],
        [  0.,   0.,   0., 550.,  80.,   0.,   0.,   0.,   0.,   0.],
        [  0.,   0.,   0.,   0.,   0., 723.,   0.,   0.,   0.,   0.],
        [  0.,   0.,   0.,   0.,   0.,   0., 892.,   0.,   0.,   0.],
        [  0.,   0.,   0., 707.,   0.,   0.,   0.,   0.,   0.,   0.],
        [  0.,   0.,   0., 790.,   0.,   0.,   0.,   0.,   0.,   0.],
        [  0.,   0.,   0., 802.,   0.,   0.,   0.,   0.,   0.,   0.]])
Epoch 12 Test Accuracy per Class:
Accuracy of class 0: 0.00%
Accuracy of class 1: 55.88%
Accuracy of class 2: 76.74%
Accuracy of class 3: 100.00%
Accuracy of class 4: 12.35%
Accuracy of class 5: 100.00%
Accuracy of class 6: 100.00%
Accuracy of class 7: 0.00%
Accuracy of class 8: 0.00%
Accuracy of class 9: 0.00%
Confusion Matrix:
tensor([[  0.,   0.,   0., 164.,   0.,   0.,   0.,   0.,   0.,   0.],
        [  0., 114.,   0.,  90.,   0.,   0.,   0.,   0.,   0.,   0.],
        [  0.,   0., 165.,  50.,   0.,   0.,   0.,   0.,   0.,   0.],
        [  0.,   0.,   0., 261.,   0.,   0.,   0.,   0.,   0.,   0.],
        [  0.,   0.,   0., 149.,  21.,   0.,   0.,   0.,   0.,   0.],
        [  0.,   0.,   0.,   0.,   0., 177.,   0.,   0.,   0.,   0.],
        [  0.,   0.,   0.,   0.,   0.,   0., 208.,   0.,   0.,   0.],
        [  0.,   0.,   0., 193.,   0.,   0.,   0.,   0.,   0.,   0.],
        [  0.,   0.,   0., 210.,   0.,   0.,   0.,   0.,   0.,   0.],
        [  0.,   0.,   0., 198.,   0.,   0.,   0.,   0.,   0.,   0.]])
-------------------------------------------
Epoch 13 Training Accuracy per Class:
Accuracy of class 0: 0.00%
Accuracy of class 1: 61.06%
Accuracy of class 2: 74.52%
Accuracy of class 3: 100.00%
Accuracy of class 4: 12.70%
Accuracy of class 5: 100.00%
Accuracy of class 6: 100.00%
Accuracy of class 7: 0.00%
Accuracy of class 8: 0.00%
Accuracy of class 9: 0.00%
Confusion Matrix:
tensor([[  0.,   0.,   0., 736.,   0.,   0.,   0.,   0.,   0.,   0.],
        [  0., 486.,   0., 310.,   0.,   0.,   0.,   0.,   0.,   0.],
        [  0.,   0., 734., 251.,   0.,   0.,   0.,   0.,   0.,   0.],
        [  0.,   0.,   0., 939.,   0.,   0.,   0.,   0.,   0.,   0.],
        [  0.,   0.,   0., 550.,  80.,   0.,   0.,   0.,   0.,   0.],
        [  0.,   0.,   0.,   0.,   0., 723.,   0.,   0.,   0.,   0.],
        [  0.,   0.,   0.,   0.,   0.,   0., 892.,   0.,   0.,   0.],
        [  0.,   0.,   0., 707.,   0.,   0.,   0.,   0.,   0.,   0.],
        [  0.,   0.,   0., 790.,   0.,   0.,   0.,   0.,   0.,   0.],
        [  0.,   0.,   0., 802.,   0.,   0.,   0.,   0.,   0.,   0.]])
Epoch 13 Test Accuracy per Class:
Accuracy of class 0: 0.00%
Accuracy of class 1: 55.88%
Accuracy of class 2: 76.74%
Accuracy of class 3: 100.00%
Accuracy of class 4: 12.35%
Accuracy of class 5: 100.00%
Accuracy of class 6: 100.00%
Accuracy of class 7: 0.00%
Accuracy of class 8: 0.00%
Accuracy of class 9: 0.00%
Confusion Matrix:
tensor([[  0.,   0.,   0., 164.,   0.,   0.,   0.,   0.,   0.,   0.],
        [  0., 114.,   0.,  90.,   0.,   0.,   0.,   0.,   0.,   0.],
        [  0.,   0., 165.,  50.,   0.,   0.,   0.,   0.,   0.,   0.],
        [  0.,   0.,   0., 261.,   0.,   0.,   0.,   0.,   0.,   0.],
        [  0.,   0.,   0., 149.,  21.,   0.,   0.,   0.,   0.,   0.],
        [  0.,   0.,   0.,   0.,   0., 177.,   0.,   0.,   0.,   0.],
        [  0.,   0.,   0.,   0.,   0.,   0., 208.,   0.,   0.,   0.],
        [  0.,   0.,   0., 193.,   0.,   0.,   0.,   0.,   0.,   0.],
        [  0.,   0.,   0., 210.,   0.,   0.,   0.,   0.,   0.,   0.],
        [  0.,   0.,   0., 198.,   0.,   0.,   0.,   0.,   0.,   0.]])
-------------------------------------------
Epoch 14 Training Accuracy per Class:
Accuracy of class 0: 0.00%
Accuracy of class 1: 61.06%
Accuracy of class 2: 74.52%
Accuracy of class 3: 100.00%
Accuracy of class 4: 12.70%
Accuracy of class 5: 100.00%
Accuracy of class 6: 100.00%
Accuracy of class 7: 0.00%
Accuracy of class 8: 0.00%
Accuracy of class 9: 0.00%
Confusion Matrix:
tensor([[  0.,   0.,   0., 736.,   0.,   0.,   0.,   0.,   0.,   0.],
        [  0., 486.,   0., 310.,   0.,   0.,   0.,   0.,   0.,   0.],
        [  0.,   0., 734., 251.,   0.,   0.,   0.,   0.,   0.,   0.],
        [  0.,   0.,   0., 939.,   0.,   0.,   0.,   0.,   0.,   0.],
        [  0.,   0.,   0., 550.,  80.,   0.,   0.,   0.,   0.,   0.],
        [  0.,   0.,   0.,   0.,   0., 723.,   0.,   0.,   0.,   0.],
        [  0.,   0.,   0.,   0.,   0.,   0., 892.,   0.,   0.,   0.],
        [  0.,   0.,   0., 707.,   0.,   0.,   0.,   0.,   0.,   0.],
        [  0.,   0.,   0., 790.,   0.,   0.,   0.,   0.,   0.,   0.],
        [  0.,   0.,   0., 802.,   0.,   0.,   0.,   0.,   0.,   0.]])
Epoch 14 Test Accuracy per Class:
Accuracy of class 0: 0.00%
Accuracy of class 1: 55.88%
Accuracy of class 2: 76.74%
Accuracy of class 3: 100.00%
Accuracy of class 4: 12.35%
Accuracy of class 5: 100.00%
Accuracy of class 6: 100.00%
Accuracy of class 7: 0.00%
Accuracy of class 8: 0.00%
Accuracy of class 9: 0.00%
Confusion Matrix:
tensor([[  0.,   0.,   0., 164.,   0.,   0.,   0.,   0.,   0.,   0.],
        [  0., 114.,   0.,  90.,   0.,   0.,   0.,   0.,   0.,   0.],
        [  0.,   0., 165.,  50.,   0.,   0.,   0.,   0.,   0.,   0.],
        [  0.,   0.,   0., 261.,   0.,   0.,   0.,   0.,   0.,   0.],
        [  0.,   0.,   0., 149.,  21.,   0.,   0.,   0.,   0.,   0.],
        [  0.,   0.,   0.,   0.,   0., 177.,   0.,   0.,   0.,   0.],
        [  0.,   0.,   0.,   0.,   0.,   0., 208.,   0.,   0.,   0.],
        [  0.,   0.,   0., 193.,   0.,   0.,   0.,   0.,   0.,   0.],
        [  0.,   0.,   0., 210.,   0.,   0.,   0.,   0.,   0.,   0.],
        [  0.,   0.,   0., 198.,   0.,   0.,   0.,   0.,   0.,   0.]])
-------------------------------------------
Epoch 15 Training Accuracy per Class:
Accuracy of class 0: 0.00%
Accuracy of class 1: 61.06%
Accuracy of class 2: 74.52%
Accuracy of class 3: 100.00%
Accuracy of class 4: 12.70%
Accuracy of class 5: 100.00%
Accuracy of class 6: 100.00%
Accuracy of class 7: 0.00%
Accuracy of class 8: 0.00%
Accuracy of class 9: 0.00%
Confusion Matrix:
tensor([[  0.,   0.,   0., 736.,   0.,   0.,   0.,   0.,   0.,   0.],
        [  0., 486.,   0., 310.,   0.,   0.,   0.,   0.,   0.,   0.],
        [  0.,   0., 734., 251.,   0.,   0.,   0.,   0.,   0.,   0.],
        [  0.,   0.,   0., 939.,   0.,   0.,   0.,   0.,   0.,   0.],
        [  0.,   0.,   0., 550.,  80.,   0.,   0.,   0.,   0.,   0.],
        [  0.,   0.,   0.,   0.,   0., 723.,   0.,   0.,   0.,   0.],
        [  0.,   0.,   0.,   0.,   0.,   0., 892.,   0.,   0.,   0.],
        [  0.,   0.,   0., 707.,   0.,   0.,   0.,   0.,   0.,   0.],
        [  0.,   0.,   0., 790.,   0.,   0.,   0.,   0.,   0.,   0.],
        [  0.,   0.,   0., 802.,   0.,   0.,   0.,   0.,   0.,   0.]])
Epoch 15 Test Accuracy per Class:
Accuracy of class 0: 0.00%
Accuracy of class 1: 55.88%
Accuracy of class 2: 76.74%
Accuracy of class 3: 100.00%
Accuracy of class 4: 12.35%
Accuracy of class 5: 100.00%
Accuracy of class 6: 100.00%
Accuracy of class 7: 0.00%
Accuracy of class 8: 0.00%
Accuracy of class 9: 0.00%
Confusion Matrix:
tensor([[  0.,   0.,   0., 164.,   0.,   0.,   0.,   0.,   0.,   0.],
        [  0., 114.,   0.,  90.,   0.,   0.,   0.,   0.,   0.,   0.],
        [  0.,   0., 165.,  50.,   0.,   0.,   0.,   0.,   0.,   0.],
        [  0.,   0.,   0., 261.,   0.,   0.,   0.,   0.,   0.,   0.],
        [  0.,   0.,   0., 149.,  21.,   0.,   0.,   0.,   0.,   0.],
        [  0.,   0.,   0.,   0.,   0., 177.,   0.,   0.,   0.,   0.],
        [  0.,   0.,   0.,   0.,   0.,   0., 208.,   0.,   0.,   0.],
        [  0.,   0.,   0., 193.,   0.,   0.,   0.,   0.,   0.,   0.],
        [  0.,   0.,   0., 210.,   0.,   0.,   0.,   0.,   0.,   0.],
        [  0.,   0.,   0., 198.,   0.,   0.,   0.,   0.,   0.,   0.]])
-------------------------------------------
Epoch 16 Training Accuracy per Class:
Accuracy of class 0: 0.00%
Accuracy of class 1: 61.06%
Accuracy of class 2: 74.52%
Accuracy of class 3: 100.00%
Accuracy of class 4: 12.70%
Accuracy of class 5: 100.00%
Accuracy of class 6: 100.00%
Accuracy of class 7: 0.00%
Accuracy of class 8: 0.00%
Accuracy of class 9: 0.00%
Confusion Matrix:
tensor([[  0.,   0.,   0., 736.,   0.,   0.,   0.,   0.,   0.,   0.],
        [  0., 486.,   0., 310.,   0.,   0.,   0.,   0.,   0.,   0.],
        [  0.,   0., 734., 251.,   0.,   0.,   0.,   0.,   0.,   0.],
        [  0.,   0.,   0., 939.,   0.,   0.,   0.,   0.,   0.,   0.],
        [  0.,   0.,   0., 550.,  80.,   0.,   0.,   0.,   0.,   0.],
        [  0.,   0.,   0.,   0.,   0., 723.,   0.,   0.,   0.,   0.],
        [  0.,   0.,   0.,   0.,   0.,   0., 892.,   0.,   0.,   0.],
        [  0.,   0.,   0., 707.,   0.,   0.,   0.,   0.,   0.,   0.],
        [  0.,   0.,   0., 790.,   0.,   0.,   0.,   0.,   0.,   0.],
        [  0.,   0.,   0., 802.,   0.,   0.,   0.,   0.,   0.,   0.]])
Epoch 16 Test Accuracy per Class:
Accuracy of class 0: 0.00%
Accuracy of class 1: 55.88%
Accuracy of class 2: 76.74%
Accuracy of class 3: 100.00%
Accuracy of class 4: 12.35%
Accuracy of class 5: 100.00%
Accuracy of class 6: 100.00%
Accuracy of class 7: 0.00%
Accuracy of class 8: 0.00%
Accuracy of class 9: 0.00%
Confusion Matrix:
tensor([[  0.,   0.,   0., 164.,   0.,   0.,   0.,   0.,   0.,   0.],
        [  0., 114.,   0.,  90.,   0.,   0.,   0.,   0.,   0.,   0.],
        [  0.,   0., 165.,  50.,   0.,   0.,   0.,   0.,   0.,   0.],
        [  0.,   0.,   0., 261.,   0.,   0.,   0.,   0.,   0.,   0.],
        [  0.,   0.,   0., 149.,  21.,   0.,   0.,   0.,   0.,   0.],
        [  0.,   0.,   0.,   0.,   0., 177.,   0.,   0.,   0.,   0.],
        [  0.,   0.,   0.,   0.,   0.,   0., 208.,   0.,   0.,   0.],
        [  0.,   0.,   0., 193.,   0.,   0.,   0.,   0.,   0.,   0.],
        [  0.,   0.,   0., 210.,   0.,   0.,   0.,   0.,   0.,   0.],
        [  0.,   0.,   0., 198.,   0.,   0.,   0.,   0.,   0.,   0.]])
-------------------------------------------
Epoch 17 Training Accuracy per Class:
Accuracy of class 0: 0.00%
Accuracy of class 1: 61.06%
Accuracy of class 2: 74.52%
Accuracy of class 3: 100.00%
Accuracy of class 4: 12.70%
Accuracy of class 5: 100.00%
Accuracy of class 6: 100.00%
Accuracy of class 7: 0.00%
Accuracy of class 8: 0.00%
Accuracy of class 9: 0.00%
Confusion Matrix:
tensor([[  0.,   0.,   0., 736.,   0.,   0.,   0.,   0.,   0.,   0.],
        [  0., 486.,   0., 310.,   0.,   0.,   0.,   0.,   0.,   0.],
        [  0.,   0., 734., 251.,   0.,   0.,   0.,   0.,   0.,   0.],
        [  0.,   0.,   0., 939.,   0.,   0.,   0.,   0.,   0.,   0.],
        [  0.,   0.,   0., 550.,  80.,   0.,   0.,   0.,   0.,   0.],
        [  0.,   0.,   0.,   0.,   0., 723.,   0.,   0.,   0.,   0.],
        [  0.,   0.,   0.,   0.,   0.,   0., 892.,   0.,   0.,   0.],
        [  0.,   0.,   0., 707.,   0.,   0.,   0.,   0.,   0.,   0.],
        [  0.,   0.,   0., 790.,   0.,   0.,   0.,   0.,   0.,   0.],
        [  0.,   0.,   0., 802.,   0.,   0.,   0.,   0.,   0.,   0.]])
Epoch 17 Test Accuracy per Class:
Accuracy of class 0: 0.00%
Accuracy of class 1: 55.88%
Accuracy of class 2: 76.74%
Accuracy of class 3: 100.00%
Accuracy of class 4: 12.35%
Accuracy of class 5: 100.00%
Accuracy of class 6: 100.00%
Accuracy of class 7: 0.00%
Accuracy of class 8: 0.00%
Accuracy of class 9: 0.00%
Confusion Matrix:
tensor([[  0.,   0.,   0., 164.,   0.,   0.,   0.,   0.,   0.,   0.],
        [  0., 114.,   0.,  90.,   0.,   0.,   0.,   0.,   0.,   0.],
        [  0.,   0., 165.,  50.,   0.,   0.,   0.,   0.,   0.,   0.],
        [  0.,   0.,   0., 261.,   0.,   0.,   0.,   0.,   0.,   0.],
        [  0.,   0.,   0., 149.,  21.,   0.,   0.,   0.,   0.,   0.],
        [  0.,   0.,   0.,   0.,   0., 177.,   0.,   0.,   0.,   0.],
        [  0.,   0.,   0.,   0.,   0.,   0., 208.,   0.,   0.,   0.],
        [  0.,   0.,   0., 193.,   0.,   0.,   0.,   0.,   0.,   0.],
        [  0.,   0.,   0., 210.,   0.,   0.,   0.,   0.,   0.,   0.],
        [  0.,   0.,   0., 198.,   0.,   0.,   0.,   0.,   0.,   0.]])
-------------------------------------------
Epoch 18 Training Accuracy per Class:
Accuracy of class 0: 0.00%
Accuracy of class 1: 61.06%
Accuracy of class 2: 74.52%
Accuracy of class 3: 100.00%
Accuracy of class 4: 12.70%
Accuracy of class 5: 100.00%
Accuracy of class 6: 100.00%
Accuracy of class 7: 0.00%
Accuracy of class 8: 0.00%
Accuracy of class 9: 0.00%
Confusion Matrix:
tensor([[  0.,   0.,   0., 736.,   0.,   0.,   0.,   0.,   0.,   0.],
        [  0., 486.,   0., 310.,   0.,   0.,   0.,   0.,   0.,   0.],
        [  0.,   0., 734., 251.,   0.,   0.,   0.,   0.,   0.,   0.],
        [  0.,   0.,   0., 939.,   0.,   0.,   0.,   0.,   0.,   0.],
        [  0.,   0.,   0., 550.,  80.,   0.,   0.,   0.,   0.,   0.],
        [  0.,   0.,   0.,   0.,   0., 723.,   0.,   0.,   0.,   0.],
        [  0.,   0.,   0.,   0.,   0.,   0., 892.,   0.,   0.,   0.],
        [  0.,   0.,   0., 707.,   0.,   0.,   0.,   0.,   0.,   0.],
        [  0.,   0.,   0., 790.,   0.,   0.,   0.,   0.,   0.,   0.],
        [  0.,   0.,   0., 802.,   0.,   0.,   0.,   0.,   0.,   0.]])
Epoch 18 Test Accuracy per Class:
Accuracy of class 0: 0.00%
Accuracy of class 1: 55.88%
Accuracy of class 2: 76.74%
Accuracy of class 3: 100.00%
Accuracy of class 4: 12.35%
Accuracy of class 5: 100.00%
Accuracy of class 6: 100.00%
Accuracy of class 7: 0.00%
Accuracy of class 8: 0.00%
Accuracy of class 9: 0.00%
Confusion Matrix:
tensor([[  0.,   0.,   0., 164.,   0.,   0.,   0.,   0.,   0.,   0.],
        [  0., 114.,   0.,  90.,   0.,   0.,   0.,   0.,   0.,   0.],
        [  0.,   0., 165.,  50.,   0.,   0.,   0.,   0.,   0.,   0.],
        [  0.,   0.,   0., 261.,   0.,   0.,   0.,   0.,   0.,   0.],
        [  0.,   0.,   0., 149.,  21.,   0.,   0.,   0.,   0.,   0.],
        [  0.,   0.,   0.,   0.,   0., 177.,   0.,   0.,   0.,   0.],
        [  0.,   0.,   0.,   0.,   0.,   0., 208.,   0.,   0.,   0.],
        [  0.,   0.,   0., 193.,   0.,   0.,   0.,   0.,   0.,   0.],
        [  0.,   0.,   0., 210.,   0.,   0.,   0.,   0.,   0.,   0.],
        [  0.,   0.,   0., 198.,   0.,   0.,   0.,   0.,   0.,   0.]])
-------------------------------------------
Epoch 19 Training Accuracy per Class:
Accuracy of class 0: 0.00%
Accuracy of class 1: 61.06%
Accuracy of class 2: 74.52%
Accuracy of class 3: 100.00%
Accuracy of class 4: 12.70%
Accuracy of class 5: 100.00%
Accuracy of class 6: 100.00%
Accuracy of class 7: 0.00%
Accuracy of class 8: 0.00%
Accuracy of class 9: 0.00%
Confusion Matrix:
tensor([[  0.,   0.,   0., 736.,   0.,   0.,   0.,   0.,   0.,   0.],
        [  0., 486.,   0., 310.,   0.,   0.,   0.,   0.,   0.,   0.],
        [  0.,   0., 734., 251.,   0.,   0.,   0.,   0.,   0.,   0.],
        [  0.,   0.,   0., 939.,   0.,   0.,   0.,   0.,   0.,   0.],
        [  0.,   0.,   0., 550.,  80.,   0.,   0.,   0.,   0.,   0.],
        [  0.,   0.,   0.,   0.,   0., 723.,   0.,   0.,   0.,   0.],
        [  0.,   0.,   0.,   0.,   0.,   0., 892.,   0.,   0.,   0.],
        [  0.,   0.,   0., 707.,   0.,   0.,   0.,   0.,   0.,   0.],
        [  0.,   0.,   0., 790.,   0.,   0.,   0.,   0.,   0.,   0.],
        [  0.,   0.,   0., 802.,   0.,   0.,   0.,   0.,   0.,   0.]])
Epoch 19 Test Accuracy per Class:
Accuracy of class 0: 0.00%
Accuracy of class 1: 55.88%
Accuracy of class 2: 76.74%
Accuracy of class 3: 100.00%
Accuracy of class 4: 12.35%
Accuracy of class 5: 100.00%
Accuracy of class 6: 100.00%
Accuracy of class 7: 0.00%
Accuracy of class 8: 0.00%
Accuracy of class 9: 0.00%
Confusion Matrix:
tensor([[  0.,   0.,   0., 164.,   0.,   0.,   0.,   0.,   0.,   0.],
        [  0., 114.,   0.,  90.,   0.,   0.,   0.,   0.,   0.,   0.],
        [  0.,   0., 165.,  50.,   0.,   0.,   0.,   0.,   0.,   0.],
        [  0.,   0.,   0., 261.,   0.,   0.,   0.,   0.,   0.,   0.],
        [  0.,   0.,   0., 149.,  21.,   0.,   0.,   0.,   0.,   0.],
        [  0.,   0.,   0.,   0.,   0., 177.,   0.,   0.,   0.,   0.],
        [  0.,   0.,   0.,   0.,   0.,   0., 208.,   0.,   0.,   0.],
        [  0.,   0.,   0., 193.,   0.,   0.,   0.,   0.,   0.,   0.],
        [  0.,   0.,   0., 210.,   0.,   0.,   0.,   0.,   0.,   0.],
        [  0.,   0.,   0., 198.,   0.,   0.,   0.,   0.,   0.,   0.]])
-------------------------------------------
Epoch 20 Training Accuracy per Class:
Accuracy of class 0: 0.00%
Accuracy of class 1: 61.06%
Accuracy of class 2: 74.52%
Accuracy of class 3: 100.00%
Accuracy of class 4: 12.70%
Accuracy of class 5: 100.00%
Accuracy of class 6: 100.00%
Accuracy of class 7: 0.00%
Accuracy of class 8: 0.00%
Accuracy of class 9: 0.00%
Confusion Matrix:
tensor([[  0.,   0.,   0., 736.,   0.,   0.,   0.,   0.,   0.,   0.],
        [  0., 486.,   0., 310.,   0.,   0.,   0.,   0.,   0.,   0.],
        [  0.,   0., 734., 250.,   1.,   0.,   0.,   0.,   0.,   0.],
        [  0.,   0.,   0., 939.,   0.,   0.,   0.,   0.,   0.,   0.],
        [  0.,   0.,   0., 550.,  80.,   0.,   0.,   0.,   0.,   0.],
        [  0.,   0.,   0.,   0.,   0., 723.,   0.,   0.,   0.,   0.],
        [  0.,   0.,   0.,   0.,   0.,   0., 892.,   0.,   0.,   0.],
        [  0.,   0.,   0., 707.,   0.,   0.,   0.,   0.,   0.,   0.],
        [  0.,   0.,   0., 790.,   0.,   0.,   0.,   0.,   0.,   0.],
        [  0.,   0.,   0., 802.,   0.,   0.,   0.,   0.,   0.,   0.]])
Epoch 20 Test Accuracy per Class:
Accuracy of class 0: 0.00%
Accuracy of class 1: 55.88%
Accuracy of class 2: 76.74%
Accuracy of class 3: 100.00%
Accuracy of class 4: 12.35%
Accuracy of class 5: 100.00%
Accuracy of class 6: 100.00%
Accuracy of class 7: 0.00%
Accuracy of class 8: 0.00%
Accuracy of class 9: 0.00%
Confusion Matrix:
tensor([[  0.,   0.,   0., 164.,   0.,   0.,   0.,   0.,   0.,   0.],
        [  0., 114.,   0.,  90.,   0.,   0.,   0.,   0.,   0.,   0.],
        [  0.,   0., 165.,  50.,   0.,   0.,   0.,   0.,   0.,   0.],
        [  0.,   0.,   0., 261.,   0.,   0.,   0.,   0.,   0.,   0.],
        [  0.,   0.,   0., 149.,  21.,   0.,   0.,   0.,   0.,   0.],
        [  0.,   0.,   0.,   0.,   0., 177.,   0.,   0.,   0.,   0.],
        [  0.,   0.,   0.,   0.,   0.,   0., 208.,   0.,   0.,   0.],
        [  0.,   0.,   0., 193.,   0.,   0.,   0.,   0.,   0.,   0.],
        [  0.,   0.,   0., 210.,   0.,   0.,   0.,   0.,   0.,   0.],
        [  0.,   0.,   0., 198.,   0.,   0.,   0.,   0.,   0.,   0.]])
-------------------------------------------
Training Complete
Epoch 1 Training Accuracy per Class:
Accuracy of class 0: 54.08%
Accuracy of class 1: 56.41%
Accuracy of class 2: 76.27%
Accuracy of class 3: 25.05%
Accuracy of class 4: 82.38%
Accuracy of class 5: 77.29%
Accuracy of class 6: 98.07%
Accuracy of class 7: 100.00%
Accuracy of class 8: 0.00%
Accuracy of class 9: 80.00%
Confusion Matrix:
tensor([[384.,   0.,   0., 165.,  81.,   0.,   0.,   0.,   0.,  80.],
        [160., 449.,  83.,   0., 104.,   0.,   0.,   0.,   0.,   0.],
        [ 77.,   0., 736.,   0., 152.,   0.,   0.,   0.,   0.,   0.],
        [  0.,   0.,   0., 247., 490.,   0.,   0.,   1.,   0., 248.],
        [ 19.,   1.,   0.,   0., 519.,   0.,  13.,   0.,   0.,  78.],
        [  0.,   0., 164.,   0.,   0., 558.,   0.,   0.,   0.,   0.],
        [  0.,   0.,   0.,   0.,  17.,   0., 866.,   0.,   0.,   0.],
        [  0.,   0.,   0.,   0.,   0.,   0.,   0., 716.,   0.,   0.],
        [  0.,   0.,   0.,   0., 159.,   0.,   0.,   0.,   0., 638.],
        [  0.,   0.,   0.,   0.,  80.,   0.,   0.,   0.,  79., 636.]])
Epoch 1 Test Accuracy per Class:
Accuracy of class 0: 61.05%
Accuracy of class 1: 57.35%
Accuracy of class 2: 69.79%
Accuracy of class 3: 24.77%
Accuracy of class 4: 82.94%
Accuracy of class 5: 79.78%
Accuracy of class 6: 97.24%
Accuracy of class 7: 100.00%
Accuracy of class 8: 0.00%
Accuracy of class 9: 80.00%
Confusion Matrix:
tensor([[116.,   0.,   0.,  35.,  19.,   0.,   0.,   0.,   0.,  20.],
        [ 40., 117.,  17.,   0.,  30.,   0.,   0.,   0.,   0.,   0.],
        [ 23.,   0., 164.,   0.,  48.,   0.,   0.,   0.,   0.,   0.],
        [  0.,   0.,   0.,  53., 109.,   0.,   0.,   0.,   0.,  52.],
        [  4.,   0.,   0.,   0., 141.,   0.,   3.,   0.,   0.,  22.],
        [  0.,   0.,  36.,   0.,   0., 142.,   0.,   0.,   0.,   0.],
        [  0.,   0.,   0.,   0.,   6.,   0., 211.,   0.,   0.,   0.],
        [  0.,   0.,   0.,   0.,   0.,   0.,   0., 184.,   0.,   0.],
        [  0.,   0.,   0.,   0.,  41.,   0.,   0.,   0.,   0., 162.],
        [  0.,   0.,   0.,   0.,  20.,   0.,   0.,   0.,  21., 164.]])
-------------------------------------------
Epoch 2 Training Accuracy per Class:
Accuracy of class 0: 54.08%
Accuracy of class 1: 69.47%
Accuracy of class 2: 82.80%
Accuracy of class 3: 16.33%
Accuracy of class 4: 42.38%
Accuracy of class 5: 88.92%
Accuracy of class 6: 100.00%
Accuracy of class 7: 45.81%
Accuracy of class 8: 19.95%
Accuracy of class 9: 59.37%
Confusion Matrix:
tensor([[384.,   0.,   0., 164.,  81.,   0.,   0.,   0.,  81.,   0.],
        [160., 553.,  83.,   0.,   0.,   0.,   0.,   0.,   0.,   0.],
        [ 77.,   0., 799.,   0.,  89.,   0.,   0.,   0.,   0.,   0.],
        [  0.,   0.,   0., 161., 245.,   0.,   0.,   0., 166., 414.],
        [  0.,   2.,   0., 236., 267.,   0.,  46.,   0.,   1.,  78.],
        [  0.,   0.,  76.,   0.,   0., 642.,   0.,   0.,   4.,   0.],
        [  0.,   0.,   0.,   0.,   0.,   0., 883.,   0.,   0.,   0.],
        [  0.,   0.,   0.,   0.,   0.,   0.,   0., 328.,   0., 388.],
        [  0.,   0.,   0.,   0.,   0.,   0.,   0.,   0., 159., 638.],
        [  0.,   0.,   0.,   0.,   0.,   0.,   0.,   0., 323., 472.]])
Epoch 2 Test Accuracy per Class:
Accuracy of class 0: 61.05%
Accuracy of class 1: 72.06%
Accuracy of class 2: 78.72%
Accuracy of class 3: 18.69%
Accuracy of class 4: 42.35%
Accuracy of class 5: 88.76%
Accuracy of class 6: 100.00%
Accuracy of class 7: 39.13%
Accuracy of class 8: 20.20%
Accuracy of class 9: 62.44%
Confusion Matrix:
tensor([[116.,   0.,   0.,  36.,  19.,   0.,   0.,   0.,  19.,   0.],
        [ 40., 147.,  17.,   0.,   0.,   0.,   0.,   0.,   0.,   0.],
        [ 23.,   1., 185.,   0.,  26.,   0.,   0.,   0.,   0.,   0.],
        [  0.,   0.,   0.,  40.,  54.,   0.,   0.,   0.,  34.,  86.],
        [  0.,   0.,   0.,  63.,  72.,   0.,  13.,   0.,   0.,  22.],
        [  0.,   0.,  16.,   0.,   0., 158.,   0.,   0.,   4.,   0.],
        [  0.,   0.,   0.,   0.,   0.,   0., 217.,   0.,   0.,   0.],
        [  0.,   0.,   0.,   0.,   0.,   0.,   0.,  72.,   0., 112.],
        [  0.,   0.,   0.,   0.,   0.,   0.,   0.,   0.,  41., 162.],
        [  0.,   0.,   0.,   0.,   0.,   0.,   0.,   0.,  77., 128.]])
-------------------------------------------
Epoch 3 Training Accuracy per Class:
Accuracy of class 0: 53.80%
Accuracy of class 1: 89.45%
Accuracy of class 2: 100.00%
Accuracy of class 3: 42.19%
Accuracy of class 4: 38.57%
Accuracy of class 5: 100.00%
Accuracy of class 6: 100.00%
Accuracy of class 7: 100.00%
Accuracy of class 8: 100.00%
Accuracy of class 9: 9.31%
Confusion Matrix:
tensor([[382.,  83.,   0.,  84.,   0.,   0.,   0.,   0., 161.,   0.],
        [ 84., 712.,   0.,   0.,   0.,   0.,   0.,   0.,   0.,   0.],
        [  0.,   0., 965.,   0.,   0.,   0.,   0.,   0.,   0.,   0.],
        [  0.,   0.,   0., 416., 237.,   0.,   0.,   0., 333.,   0.],
        [  0.,   0.,   0., 234., 243.,   0.,  74.,   0.,  79.,   0.],
        [  0.,   0.,   0.,   0.,   0., 722.,   0.,   0.,   0.,   0.],
        [  0.,   0.,   0.,   0.,   0.,   0., 883.,   0.,   0.,   0.],
        [  0.,   0.,   0.,   0.,   0.,   0.,   0., 716.,   0.,   0.],
        [  0.,   0.,   0.,   0.,   0.,   0.,   0.,   0., 797.,   0.],
        [  0.,   0.,   0.,   0.,   0.,   0.,   0.,   0., 721.,  74.]])
Epoch 3 Test Accuracy per Class:
Accuracy of class 0: 62.11%
Accuracy of class 1: 92.16%
Accuracy of class 2: 99.57%
Accuracy of class 3: 43.93%
Accuracy of class 4: 34.71%
Accuracy of class 5: 100.00%
Accuracy of class 6: 100.00%
Accuracy of class 7: 100.00%
Accuracy of class 8: 100.00%
Accuracy of class 9: 12.68%
Confusion Matrix:
tensor([[118.,  17.,   0.,  16.,   0.,   0.,   0.,   0.,  39.,   0.],
        [ 16., 188.,   0.,   0.,   0.,   0.,   0.,   0.,   0.,   0.],
        [  0.,   0., 234.,   0.,   1.,   0.,   0.,   0.,   0.,   0.],
        [  0.,   0.,   0.,  94.,  53.,   0.,   0.,   0.,  67.,   0.],
        [  0.,   0.,   0.,  63.,  59.,   0.,  26.,   0.,  22.,   0.],
        [  0.,   0.,   0.,   0.,   0., 178.,   0.,   0.,   0.,   0.],
        [  0.,   0.,   0.,   0.,   0.,   0., 217.,   0.,   0.,   0.],
        [  0.,   0.,   0.,   0.,   0.,   0.,   0., 184.,   0.,   0.],
        [  0.,   0.,   0.,   0.,   0.,   0.,   0.,   0., 203.,   0.],
        [  0.,   0.,   0.,   0.,   0.,   0.,   0.,   0., 179.,  26.]])
-------------------------------------------
Epoch 4 Training Accuracy per Class:
Accuracy of class 0: 76.90%
Accuracy of class 1: 79.90%
Accuracy of class 2: 100.00%
Accuracy of class 3: 66.23%
Accuracy of class 4: 33.02%
Accuracy of class 5: 100.00%
Accuracy of class 6: 100.00%
Accuracy of class 7: 100.00%
Accuracy of class 8: 90.34%
Accuracy of class 9: 39.37%
Confusion Matrix:
tensor([[546.,   0.,   0.,  80.,   0.,   0.,   0.,  84.,   0.,   0.],
        [160., 636.,   0.,   0.,   0.,   0.,   0.,   0.,   0.,   0.],
        [  0.,   0., 965.,   0.,   0.,   0.,   0.,   0.,   0.,   0.],
        [  0.,   0.,   0., 653.,   0.,   0.,   0.,   0., 252.,  81.],
        [  0.,   0.,   0., 304., 208.,   0.,  40.,   0.,  78.,   0.],
        [  0.,   0.,   0.,   0.,   0., 722.,   0.,   0.,   0.,   0.],
        [  0.,   0.,   0.,   0.,   0.,   0., 883.,   0.,   0.,   0.],
        [  0.,   0.,   0.,   0.,   0.,   0.,   0., 716.,   0.,   0.],
        [  0.,   0.,   0.,   0.,   0.,   0.,   0.,   0., 720.,  77.],
        [  0.,   0.,   0.,   0.,   0.,   0.,   0.,   0., 482., 313.]])
Epoch 4 Test Accuracy per Class:
Accuracy of class 0: 81.05%
Accuracy of class 1: 80.39%
Accuracy of class 2: 99.57%
Accuracy of class 3: 68.69%
Accuracy of class 4: 32.35%
Accuracy of class 5: 100.00%
Accuracy of class 6: 100.00%
Accuracy of class 7: 100.00%
Accuracy of class 8: 88.67%
Accuracy of class 9: 42.44%
Confusion Matrix:
tensor([[154.,   0.,   0.,  20.,   0.,   0.,   0.,  16.,   0.,   0.],
        [ 40., 164.,   0.,   0.,   0.,   0.,   0.,   0.,   0.,   0.],
        [  0.,   0., 234.,   0.,   1.,   0.,   0.,   0.,   0.,   0.],
        [  0.,   0.,   0., 147.,   0.,   0.,   0.,   0.,  48.,  19.],
        [  0.,   0.,   0.,  84.,  55.,   0.,   9.,   0.,  22.,   0.],
        [  0.,   0.,   0.,   0.,   0., 178.,   0.,   0.,   0.,   0.],
        [  0.,   0.,   0.,   0.,   0.,   0., 217.,   0.,   0.,   0.],
        [  0.,   0.,   0.,   0.,   0.,   0.,   0., 184.,   0.,   0.],
        [  0.,   0.,   0.,   0.,   0.,   0.,   0.,   0., 180.,  23.],
        [  0.,   0.,   0.,   0.,   0.,   0.,   0.,   0., 118.,  87.]])
-------------------------------------------
Epoch 5 Training Accuracy per Class:
Accuracy of class 0: 77.32%
Accuracy of class 1: 90.45%
Accuracy of class 2: 100.00%
Accuracy of class 3: 33.98%
Accuracy of class 4: 75.24%
Accuracy of class 5: 100.00%
Accuracy of class 6: 100.00%
Accuracy of class 7: 77.79%
Accuracy of class 8: 100.00%
Accuracy of class 9: 9.31%
Confusion Matrix:
tensor([[549.,   0.,  81.,   0.,   0.,   0.,   0.,   0.,  80.,   0.],
        [ 76., 720.,   0.,   0.,   0.,   0.,   0.,   0.,   0.,   0.],
        [  0.,   0., 965.,   0.,   0.,   0.,   0.,   0.,   0.,   0.],
        [  0.,   0.,   0., 335., 318.,   0.,   0.,   0., 333.,   0.],
        [  0.,   0.,   0.,  77., 474.,   0.,   1.,   0.,  78.,   0.],
        [  0.,   0.,   0.,   0.,   0., 722.,   0.,   0.,   0.,   0.],
        [  0.,   0.,   0.,   0.,   0.,   0., 883.,   0.,   0.,   0.],
        [  0.,   0.,   0.,   0., 159.,   0.,   0., 557.,   0.,   0.],
        [  0.,   0.,   0.,   0.,   0.,   0.,   0.,   0., 797.,   0.],
        [  0.,   0.,   0.,   0.,   0.,   0.,   0.,   0., 721.,  74.]])
Epoch 5 Test Accuracy per Class:
Accuracy of class 0: 79.47%
Accuracy of class 1: 88.24%
Accuracy of class 2: 99.57%
Accuracy of class 3: 32.71%
Accuracy of class 4: 75.88%
Accuracy of class 5: 100.00%
Accuracy of class 6: 100.00%
Accuracy of class 7: 77.72%
Accuracy of class 8: 100.00%
Accuracy of class 9: 12.68%
Confusion Matrix:
tensor([[151.,   0.,  19.,   0.,   0.,   0.,   0.,   0.,  20.,   0.],
        [ 24., 180.,   0.,   0.,   0.,   0.,   0.,   0.,   0.,   0.],
        [  0.,   0., 234.,   0.,   1.,   0.,   0.,   0.,   0.,   0.],
        [  0.,   0.,   0.,  70.,  77.,   0.,   0.,   0.,  67.,   0.],
        [  0.,   0.,   0.,  19., 129.,   0.,   0.,   0.,  22.,   0.],
        [  0.,   0.,   0.,   0.,   0., 178.,   0.,   0.,   0.,   0.],
        [  0.,   0.,   0.,   0.,   0.,   0., 217.,   0.,   0.,   0.],
        [  0.,   0.,   0.,   0.,  41.,   0.,   0., 143.,   0.,   0.],
        [  0.,   0.,   0.,   0.,   0.,   0.,   0.,   0., 203.,   0.],
        [  0.,   0.,   0.,   0.,   0.,   0.,   0.,   0., 179.,  26.]])
-------------------------------------------
Epoch 6 Training Accuracy per Class:
Accuracy of class 0: 77.32%
Accuracy of class 1: 83.67%
Accuracy of class 2: 76.27%
Accuracy of class 3: 66.23%
Accuracy of class 4: 36.51%
Accuracy of class 5: 100.00%
Accuracy of class 6: 100.00%
Accuracy of class 7: 100.00%
Accuracy of class 8: 90.34%
Accuracy of class 9: 29.31%
Confusion Matrix:
tensor([[549.,   0.,  81.,   0.,   0.,   0.,   0.,   0.,  80.,   0.],
        [ 76., 666.,  54.,   0.,   0.,   0.,   0.,   0.,   0.,   0.],
        [229.,   0., 736.,   0.,   0.,   0.,   0.,   0.,   0.,   0.],
        [  0.,   0.,   0., 653.,   0.,   0.,   0.,   0., 252.,  81.],
        [  1.,   0.,   0., 312., 230.,   0.,   9.,   0.,  78.,   0.],
        [  0.,   0.,   0.,   0.,   0., 722.,   0.,   0.,   0.,   0.],
        [  0.,   0.,   0.,   0.,   0.,   0., 883.,   0.,   0.,   0.],
        [  0.,   0.,   0.,   0.,   0.,   0.,   0., 716.,   0.,   0.],
        [  0.,   0.,   0.,   0.,   0.,   0.,   0.,   0., 720.,  77.],
        [  0.,   0.,   0.,   0.,   0.,   0.,   0.,   0., 562., 233.]])
Epoch 6 Test Accuracy per Class:
Accuracy of class 0: 79.47%
Accuracy of class 1: 78.43%
Accuracy of class 2: 69.36%
Accuracy of class 3: 68.69%
Accuracy of class 4: 36.47%
Accuracy of class 5: 100.00%
Accuracy of class 6: 100.00%
Accuracy of class 7: 100.00%
Accuracy of class 8: 88.67%
Accuracy of class 9: 32.68%
Confusion Matrix:
tensor([[151.,   0.,  19.,   0.,   0.,   0.,   0.,   0.,  20.,   0.],
        [ 24., 160.,  20.,   0.,   0.,   0.,   0.,   0.,   0.,   0.],
        [ 71.,   0., 163.,   0.,   1.,   0.,   0.,   0.,   0.,   0.],
        [  0.,   0.,   0., 147.,   0.,   0.,   0.,   0.,  48.,  19.],
        [  0.,   0.,   0.,  85.,  62.,   0.,   1.,   0.,  22.,   0.],
        [  0.,   0.,   0.,   0.,   0., 178.,   0.,   0.,   0.,   0.],
        [  0.,   0.,   0.,   0.,   0.,   0., 217.,   0.,   0.,   0.],
        [  0.,   0.,   0.,   0.,   0.,   0.,   0., 184.,   0.,   0.],
        [  0.,   0.,   0.,   0.,   0.,   0.,   0.,   0., 180.,  23.],
        [  0.,   0.,   0.,   0.,   0.,   0.,   0.,   0., 138.,  67.]])
-------------------------------------------
Epoch 7 Training Accuracy per Class:
Accuracy of class 0: 88.73%
Accuracy of class 1: 100.00%
Accuracy of class 2: 100.00%
Accuracy of class 3: 57.71%
Accuracy of class 4: 49.52%
Accuracy of class 5: 100.00%
Accuracy of class 6: 100.00%
Accuracy of class 7: 100.00%
Accuracy of class 8: 90.34%
Accuracy of class 9: 19.25%
Confusion Matrix:
tensor([[630.,   0.,   0.,   0.,  80.,   0.,   0.,   0.,   0.,   0.],
        [  0., 796.,   0.,   0.,   0.,   0.,   0.,   0.,   0.,   0.],
        [  0.,   0., 965.,   0.,   0.,   0.,   0.,   0.,   0.,   0.],
        [  0.,   0.,   0., 569.,  84.,   0.,   0.,   0., 333.,   0.],
        [  0.,   0.,   0., 237., 312.,   0.,   3.,   0.,  78.,   0.],
        [  0.,   0.,   0.,   0.,   0., 722.,   0.,   0.,   0.,   0.],
        [  0.,   0.,   0.,   0.,   0.,   0., 883.,   0.,   0.,   0.],
        [  0.,   0.,   0.,   0.,   0.,   0.,   0., 716.,   0.,   0.],
        [  0.,   0.,   0.,   0.,   0.,   0.,   0.,   0., 720.,  77.],
        [  0.,   0.,   0.,   0.,   0.,   0.,   0.,   0., 642., 153.]])
Epoch 7 Test Accuracy per Class:
Accuracy of class 0: 89.47%
Accuracy of class 1: 100.00%
Accuracy of class 2: 99.57%
Accuracy of class 3: 60.28%
Accuracy of class 4: 49.41%
Accuracy of class 5: 100.00%
Accuracy of class 6: 100.00%
Accuracy of class 7: 100.00%
Accuracy of class 8: 88.67%
Accuracy of class 9: 22.93%
Confusion Matrix:
tensor([[170.,   0.,   0.,   0.,  20.,   0.,   0.,   0.,   0.,   0.],
        [  0., 204.,   0.,   0.,   0.,   0.,   0.,   0.,   0.,   0.],
        [  0.,   0., 234.,   0.,   1.,   0.,   0.,   0.,   0.,   0.],
        [  0.,   0.,   0., 129.,  18.,   0.,   0.,   0.,  67.,   0.],
        [  0.,   0.,   0.,  63.,  84.,   0.,   1.,   0.,  22.,   0.],
        [  0.,   0.,   0.,   0.,   0., 178.,   0.,   0.,   0.,   0.],
        [  0.,   0.,   0.,   0.,   0.,   0., 217.,   0.,   0.,   0.],
        [  0.,   0.,   0.,   0.,   0.,   0.,   0., 184.,   0.,   0.],
        [  0.,   0.,   0.,   0.,   0.,   0.,   0.,   0., 180.,  23.],
        [  0.,   0.,   0.,   0.,   0.,   0.,   0.,   0., 158.,  47.]])
-------------------------------------------
Epoch 8 Training Accuracy per Class:
Accuracy of class 0: 88.73%
Accuracy of class 1: 90.45%
Accuracy of class 2: 100.00%
Accuracy of class 3: 65.92%
Accuracy of class 4: 48.10%
Accuracy of class 5: 100.00%
Accuracy of class 6: 100.00%
Accuracy of class 7: 100.00%
Accuracy of class 8: 90.34%
Accuracy of class 9: 29.31%
Confusion Matrix:
tensor([[630.,   0.,   0.,   0.,  80.,   0.,   0.,   0.,   0.,   0.],
        [ 76., 720.,   0.,   0.,   0.,   0.,   0.,   0.,   0.,   0.],
        [  0.,   0., 965.,   0.,   0.,   0.,   0.,   0.,   0.,   0.],
        [  0.,   0.,   0., 650.,   2.,   0.,   0.,   0., 334.,   0.],
        [  0.,   0.,   0., 246., 303.,   0.,   3.,   0.,  78.,   0.],
        [  0.,   0.,   0.,   0.,   0., 722.,   0.,   0.,   0.,   0.],
        [  0.,   0.,   0.,   0.,   0.,   0., 883.,   0.,   0.,   0.],
        [  0.,   0.,   0.,   0.,   0.,   0.,   0., 716.,   0.,   0.],
        [  0.,   0.,   0.,   0.,   0.,   0.,   0.,   0., 720.,  77.],
        [  0.,   0.,   0.,   0.,   0.,   0.,   0.,   0., 562., 233.]])
Epoch 8 Test Accuracy per Class:
Accuracy of class 0: 89.47%
Accuracy of class 1: 88.24%
Accuracy of class 2: 99.57%
Accuracy of class 3: 68.69%
Accuracy of class 4: 48.82%
Accuracy of class 5: 100.00%
Accuracy of class 6: 100.00%
Accuracy of class 7: 100.00%
Accuracy of class 8: 88.67%
Accuracy of class 9: 32.68%
Confusion Matrix:
tensor([[170.,   0.,   0.,   0.,  20.,   0.,   0.,   0.,   0.,   0.],
        [ 24., 180.,   0.,   0.,   0.,   0.,   0.,   0.,   0.,   0.],
        [  0.,   0., 234.,   0.,   1.,   0.,   0.,   0.,   0.,   0.],
        [  0.,   0.,   0., 147.,   0.,   0.,   0.,   0.,  67.,   0.],
        [  0.,   0.,   0.,  65.,  83.,   0.,   0.,   0.,  22.,   0.],
        [  0.,   0.,   0.,   0.,   0., 178.,   0.,   0.,   0.,   0.],
        [  0.,   0.,   0.,   0.,   0.,   0., 217.,   0.,   0.,   0.],
        [  0.,   0.,   0.,   0.,   0.,   0.,   0., 184.,   0.,   0.],
        [  0.,   0.,   0.,   0.,   0.,   0.,   0.,   0., 180.,  23.],
        [  0.,   0.,   0.,   0.,   0.,   0.,   0.,   0., 138.,  67.]])
-------------------------------------------
Epoch 9 Training Accuracy per Class:
Accuracy of class 0: 100.00%
Accuracy of class 1: 100.00%
Accuracy of class 2: 92.02%
Accuracy of class 3: 66.23%
Accuracy of class 4: 25.40%
Accuracy of class 5: 100.00%
Accuracy of class 6: 100.00%
Accuracy of class 7: 100.00%
Accuracy of class 8: 90.34%
Accuracy of class 9: 29.31%
Confusion Matrix:
tensor([[710.,   0.,   0.,   0.,   0.,   0.,   0.,   0.,   0.,   0.],
        [  0., 796.,   0.,   0.,   0.,   0.,   0.,   0.,   0.,   0.],
        [ 77.,   0., 888.,   0.,   0.,   0.,   0.,   0.,   0.,   0.],
        [  0.,   0.,   0., 653.,   0.,   0.,   0.,   0., 333.,   0.],
        [  0.,   0.,   0., 391., 160.,   0.,   1.,   0.,  78.,   0.],
        [  0.,   0.,   0.,   0.,   0., 722.,   0.,   0.,   0.,   0.],
        [  0.,   0.,   0.,   0.,   0.,   0., 883.,   0.,   0.,   0.],
        [  0.,   0.,   0.,   0.,   0.,   0.,   0., 716.,   0.,   0.],
        [  0.,   0.,   0.,   0.,   0.,   0.,   0.,   0., 720.,  77.],
        [  0.,   0.,   0.,   0.,   0.,   0.,   0.,   0., 562., 233.]])
Epoch 9 Test Accuracy per Class:
Accuracy of class 0: 100.00%
Accuracy of class 1: 100.00%
Accuracy of class 2: 89.79%
Accuracy of class 3: 68.69%
Accuracy of class 4: 24.12%
Accuracy of class 5: 100.00%
Accuracy of class 6: 100.00%
Accuracy of class 7: 100.00%
Accuracy of class 8: 88.67%
Accuracy of class 9: 32.68%
Confusion Matrix:
tensor([[190.,   0.,   0.,   0.,   0.,   0.,   0.,   0.,   0.,   0.],
        [  0., 204.,   0.,   0.,   0.,   0.,   0.,   0.,   0.,   0.],
        [ 23.,   0., 211.,   0.,   1.,   0.,   0.,   0.,   0.,   0.],
        [  0.,   0.,   0., 147.,   0.,   0.,   0.,   0.,  67.,   0.],
        [  0.,   0.,   0., 107.,  41.,   0.,   0.,   0.,  22.,   0.],
        [  0.,   0.,   0.,   0.,   0., 178.,   0.,   0.,   0.,   0.],
        [  0.,   0.,   0.,   0.,   0.,   0., 217.,   0.,   0.,   0.],
        [  0.,   0.,   0.,   0.,   0.,   0.,   0., 184.,   0.,   0.],
        [  0.,   0.,   0.,   0.,   0.,   0.,   0.,   0., 180.,  23.],
        [  0.,   0.,   0.,   0.,   0.,   0.,   0.,   0., 138.,  67.]])
-------------------------------------------
Epoch 10 Training Accuracy per Class:
Accuracy of class 0: 100.00%
Accuracy of class 1: 100.00%
Accuracy of class 2: 100.00%
Accuracy of class 3: 33.37%
Accuracy of class 4: 86.35%
Accuracy of class 5: 100.00%
Accuracy of class 6: 100.00%
Accuracy of class 7: 100.00%
Accuracy of class 8: 100.00%
Accuracy of class 9: 0.00%
Confusion Matrix:
tensor([[710.,   0.,   0.,   0.,   0.,   0.,   0.,   0.,   0.,   0.],
        [  0., 796.,   0.,   0.,   0.,   0.,   0.,   0.,   0.,   0.],
        [  0.,   0., 965.,   0.,   0.,   0.,   0.,   0.,   0.,   0.],
        [  0.,   0.,   0., 329., 324.,   0.,   0.,   0., 333.,   0.],
        [  0.,   1.,   0.,   4., 544.,   0.,   3.,   0.,  78.,   0.],
        [  0.,   0.,   0.,   0.,   0., 722.,   0.,   0.,   0.,   0.],
        [  0.,   0.,   0.,   0.,   0.,   0., 883.,   0.,   0.,   0.],
        [  0.,   0.,   0.,   0.,   0.,   0.,   0., 716.,   0.,   0.],
        [  0.,   0.,   0.,   0.,   0.,   0.,   0.,   0., 797.,   0.],
        [  0.,   0.,   0.,   0.,   0.,   0.,   0.,   0., 795.,   0.]])
Epoch 10 Test Accuracy per Class:
Accuracy of class 0: 100.00%
Accuracy of class 1: 100.00%
Accuracy of class 2: 99.57%
Accuracy of class 3: 32.24%
Accuracy of class 4: 87.06%
Accuracy of class 5: 100.00%
Accuracy of class 6: 100.00%
Accuracy of class 7: 100.00%
Accuracy of class 8: 100.00%
Accuracy of class 9: 0.00%
Confusion Matrix:
tensor([[190.,   0.,   0.,   0.,   0.,   0.,   0.,   0.,   0.,   0.],
        [  0., 204.,   0.,   0.,   0.,   0.,   0.,   0.,   0.,   0.],
        [  0.,   0., 234.,   0.,   1.,   0.,   0.,   0.,   0.,   0.],
        [  0.,   0.,   0.,  69.,  78.,   0.,   0.,   0.,  67.,   0.],
        [  0.,   0.,   0.,   0., 148.,   0.,   0.,   0.,  22.,   0.],
        [  0.,   0.,   0.,   0.,   0., 178.,   0.,   0.,   0.,   0.],
        [  0.,   0.,   0.,   0.,   0.,   0., 217.,   0.,   0.,   0.],
        [  0.,   0.,   0.,   0.,   0.,   0.,   0., 184.,   0.,   0.],
        [  0.,   0.,   0.,   0.,   0.,   0.,   0.,   0., 203.,   0.],
        [  0.,   0.,   0.,   0.,   0.,   0.,   0.,   0., 205.,   0.]])
-------------------------------------------
Epoch 11 Training Accuracy per Class:
Accuracy of class 0: 88.59%
Accuracy of class 1: 88.32%
Accuracy of class 2: 76.27%
Accuracy of class 3: 49.90%
Accuracy of class 4: 37.14%
Accuracy of class 5: 100.00%
Accuracy of class 6: 100.00%
Accuracy of class 7: 100.00%
Accuracy of class 8: 69.64%
Accuracy of class 9: 59.37%
Confusion Matrix:
tensor([[629.,   0.,   0.,   0.,   0.,   0.,   0.,   0.,   0.,  81.],
        [ 93., 703.,   0.,   0.,   0.,   0.,   0.,   0.,   0.,   0.],
        [ 77., 152., 736.,   0.,   0.,   0.,   0.,   0.,   0.,   0.],
        [  0.,   0.,   0., 492.,  80.,   0.,   0.,  81., 166., 167.],
        [  1.,   0.,   0., 225., 234.,   0.,   4.,  88.,   0.,  78.],
        [  0.,   0.,   0.,   0.,   0., 722.,   0.,   0.,   0.,   0.],
        [  0.,   0.,   0.,   0.,   0.,   0., 883.,   0.,   0.,   0.],
        [  0.,   0.,   0.,   0.,   0.,   0.,   0., 716.,   0.,   0.],
        [  0.,   0.,   0.,   0.,   0.,   0.,   0.,   0., 555., 242.],
        [  0.,   0.,   0.,   0.,   0.,   0.,   0.,   0., 323., 472.]])
Epoch 11 Test Accuracy per Class:
Accuracy of class 0: 90.00%
Accuracy of class 1: 87.25%
Accuracy of class 2: 69.36%
Accuracy of class 3: 50.47%
Accuracy of class 4: 37.06%
Accuracy of class 5: 100.00%
Accuracy of class 6: 100.00%
Accuracy of class 7: 100.00%
Accuracy of class 8: 71.43%
Accuracy of class 9: 62.44%
Confusion Matrix:
tensor([[171.,   0.,   0.,   0.,   0.,   0.,   0.,   0.,   0.,  19.],
        [ 26., 178.,   0.,   0.,   0.,   0.,   0.,   0.,   0.,   0.],
        [ 23.,  48., 163.,   0.,   1.,   0.,   0.,   0.,   0.,   0.],
        [  0.,   0.,   0., 108.,  23.,   0.,   0.,  16.,  34.,  33.],
        [  0.,   0.,   0.,  69.,  63.,   0.,   1.,  15.,   0.,  22.],
        [  0.,   0.,   0.,   0.,   0., 178.,   0.,   0.,   0.,   0.],
        [  0.,   0.,   0.,   0.,   0.,   0., 217.,   0.,   0.,   0.],
        [  0.,   0.,   0.,   0.,   0.,   0.,   0., 184.,   0.,   0.],
        [  0.,   0.,   0.,   0.,   0.,   0.,   0.,   0., 145.,  58.],
        [  0.,   0.,   0.,   0.,   0.,   0.,   0.,   0.,  77., 128.]])
-------------------------------------------
Epoch 12 Training Accuracy per Class:
Accuracy of class 0: 100.00%
Accuracy of class 1: 90.70%
Accuracy of class 2: 100.00%
Accuracy of class 3: 71.20%
Accuracy of class 4: 48.41%
Accuracy of class 5: 100.00%
Accuracy of class 6: 100.00%
Accuracy of class 7: 100.00%
Accuracy of class 8: 90.34%
Accuracy of class 9: 9.31%
Confusion Matrix:
tensor([[710.,   0.,   0.,   0.,   0.,   0.,   0.,   0.,   0.,   0.],
        [ 74., 722.,   0.,   0.,   0.,   0.,   0.,   0.,   0.,   0.],
        [  0.,   0., 965.,   0.,   0.,   0.,   0.,   0.,   0.,   0.],
        [  0.,   0.,   0., 702.,  37.,   0.,   0.,   0., 247.,   0.],
        [  0.,   0.,   0., 244., 305.,   0.,   3.,   0.,  78.,   0.],
        [  0.,   0.,   0.,   0.,   0., 722.,   0.,   0.,   0.,   0.],
        [  0.,   0.,   0.,   0.,   0.,   0., 883.,   0.,   0.,   0.],
        [  0.,   0.,   0.,   0.,   0.,   0.,   0., 716.,   0.,   0.],
        [  0.,   0.,   0.,   0.,   0.,   0.,   0.,   0., 720.,  77.],
        [  0.,   0.,   0.,   0.,   0.,   0.,   0.,   0., 721.,  74.]])
Epoch 12 Test Accuracy per Class:
Accuracy of class 0: 100.00%
Accuracy of class 1: 88.24%
Accuracy of class 2: 100.00%
Accuracy of class 3: 73.83%
Accuracy of class 4: 48.82%
Accuracy of class 5: 100.00%
Accuracy of class 6: 100.00%
Accuracy of class 7: 100.00%
Accuracy of class 8: 88.67%
Accuracy of class 9: 12.68%
Confusion Matrix:
tensor([[190.,   0.,   0.,   0.,   0.,   0.,   0.,   0.,   0.,   0.],
        [ 24., 180.,   0.,   0.,   0.,   0.,   0.,   0.,   0.,   0.],
        [  0.,   0., 235.,   0.,   0.,   0.,   0.,   0.,   0.,   0.],
        [  0.,   0.,   0., 158.,   5.,   0.,   0.,   0.,  51.,   0.],
        [  0.,   0.,   0.,  64.,  83.,   0.,   1.,   0.,  22.,   0.],
        [  0.,   0.,   0.,   0.,   0., 178.,   0.,   0.,   0.,   0.],
        [  0.,   0.,   0.,   0.,   0.,   0., 217.,   0.,   0.,   0.],
        [  0.,   0.,   0.,   0.,   0.,   0.,   0., 184.,   0.,   0.],
        [  0.,   0.,   0.,   0.,   0.,   0.,   0.,   0., 180.,  23.],
        [  0.,   0.,   0.,   0.,   0.,   0.,   0.,   0., 179.,  26.]])
-------------------------------------------
Epoch 13 Training Accuracy per Class:
Accuracy of class 0: 100.00%
Accuracy of class 1: 100.00%
Accuracy of class 2: 100.00%
Accuracy of class 3: 58.52%
Accuracy of class 4: 49.37%
Accuracy of class 5: 100.00%
Accuracy of class 6: 100.00%
Accuracy of class 7: 100.00%
Accuracy of class 8: 100.00%
Accuracy of class 9: 9.31%
Confusion Matrix:
tensor([[710.,   0.,   0.,   0.,   0.,   0.,   0.,   0.,   0.,   0.],
        [  0., 796.,   0.,   0.,   0.,   0.,   0.,   0.,   0.,   0.],
        [  0.,   0., 965.,   0.,   0.,   0.,   0.,   0.,   0.,   0.],
        [  0.,   0.,   0., 577.,  82.,   0.,   0.,   0., 327.,   0.],
        [  0.,   0.,   0., 238., 311.,   0.,   3.,   0.,  78.,   0.],
        [  0.,   0.,   0.,   0.,   0., 722.,   0.,   0.,   0.,   0.],
        [  0.,   0.,   0.,   0.,   0.,   0., 883.,   0.,   0.,   0.],
        [  0.,   0.,   0.,   0.,   0.,   0.,   0., 716.,   0.,   0.],
        [  0.,   0.,   0.,   0.,   0.,   0.,   0.,   0., 797.,   0.],
        [  0.,   0.,   0.,   0.,   0.,   0.,   0.,   0., 721.,  74.]])
Epoch 13 Test Accuracy per Class:
Accuracy of class 0: 100.00%
Accuracy of class 1: 100.00%
Accuracy of class 2: 100.00%
Accuracy of class 3: 60.75%
Accuracy of class 4: 50.00%
Accuracy of class 5: 100.00%
Accuracy of class 6: 100.00%
Accuracy of class 7: 100.00%
Accuracy of class 8: 100.00%
Accuracy of class 9: 12.68%
Confusion Matrix:
tensor([[190.,   0.,   0.,   0.,   0.,   0.,   0.,   0.,   0.,   0.],
        [  0., 204.,   0.,   0.,   0.,   0.,   0.,   0.,   0.,   0.],
        [  0.,   0., 235.,   0.,   0.,   0.,   0.,   0.,   0.,   0.],
        [  0.,   0.,   0., 130.,  18.,   0.,   0.,   0.,  66.,   0.],
        [  0.,   0.,   0.,  63.,  85.,   0.,   0.,   0.,  22.,   0.],
        [  0.,   0.,   0.,   0.,   0., 178.,   0.,   0.,   0.,   0.],
        [  0.,   0.,   0.,   0.,   0.,   0., 217.,   0.,   0.,   0.],
        [  0.,   0.,   0.,   0.,   0.,   0.,   0., 184.,   0.,   0.],
        [  0.,   0.,   0.,   0.,   0.,   0.,   0.,   0., 203.,   0.],
        [  0.,   0.,   0.,   0.,   0.,   0.,   0.,   0., 179.,  26.]])
-------------------------------------------
Epoch 14 Training Accuracy per Class:
Accuracy of class 0: 100.00%
Accuracy of class 1: 100.00%
Accuracy of class 2: 100.00%
Accuracy of class 3: 63.59%
Accuracy of class 4: 50.00%
Accuracy of class 5: 100.00%
Accuracy of class 6: 100.00%
Accuracy of class 7: 100.00%
Accuracy of class 8: 90.34%
Accuracy of class 9: 19.62%
Confusion Matrix:
tensor([[710.,   0.,   0.,   0.,   0.,   0.,   0.,   0.,   0.,   0.],
        [  0., 796.,   0.,   0.,   0.,   0.,   0.,   0.,   0.,   0.],
        [  0.,   0., 965.,   0.,   0.,   0.,   0.,   0.,   0.,   0.],
        [  0.,   0.,   0., 627., 144.,   0.,   0.,   0., 215.,   0.],
        [  0.,   0.,   0., 235., 315.,   0.,   1.,   1.,  78.,   0.],
        [  0.,   0.,   0.,   0.,   0., 722.,   0.,   0.,   0.,   0.],
        [  0.,   0.,   0.,   0.,   0.,   0., 883.,   0.,   0.,   0.],
        [  0.,   0.,   0.,   0.,   0.,   0.,   0., 716.,   0.,   0.],
        [  0.,   0.,   0.,   0.,   0.,   0.,   0.,   0., 720.,  77.],
        [  0.,   0.,   0.,  75.,   0.,   0.,   0.,   0., 564., 156.]])
Epoch 14 Test Accuracy per Class:
Accuracy of class 0: 100.00%
Accuracy of class 1: 100.00%
Accuracy of class 2: 100.00%
Accuracy of class 3: 64.02%
Accuracy of class 4: 50.00%
Accuracy of class 5: 100.00%
Accuracy of class 6: 100.00%
Accuracy of class 7: 100.00%
Accuracy of class 8: 88.67%
Accuracy of class 9: 24.39%
Confusion Matrix:
tensor([[190.,   0.,   0.,   0.,   0.,   0.,   0.,   0.,   0.,   0.],
        [  0., 204.,   0.,   0.,   0.,   0.,   0.,   0.,   0.,   0.],
        [  0.,   0., 235.,   0.,   0.,   0.,   0.,   0.,   0.,   0.],
        [  0.,   0.,   0., 137.,  31.,   0.,   0.,   0.,  46.,   0.],
        [  0.,   0.,   0.,  63.,  85.,   0.,   0.,   0.,  22.,   0.],
        [  0.,   0.,   0.,   0.,   0., 178.,   0.,   0.,   0.,   0.],
        [  0.,   0.,   0.,   0.,   0.,   0., 217.,   0.,   0.,   0.],
        [  0.,   0.,   0.,   0.,   0.,   0.,   0., 184.,   0.,   0.],
        [  0.,   0.,   0.,   0.,   0.,   0.,   0.,   0., 180.,  23.],
        [  0.,   0.,   0.,  17.,   0.,   0.,   0.,   0., 138.,  50.]])
-------------------------------------------
Epoch 15 Training Accuracy per Class:
Accuracy of class 0: 100.00%
Accuracy of class 1: 100.00%
Accuracy of class 2: 100.00%
Accuracy of class 3: 60.75%
Accuracy of class 4: 49.84%
Accuracy of class 5: 100.00%
Accuracy of class 6: 100.00%
Accuracy of class 7: 100.00%
Accuracy of class 8: 100.00%
Accuracy of class 9: 18.74%
Confusion Matrix:
tensor([[710.,   0.,   0.,   0.,   0.,   0.,   0.,   0.,   0.,   0.],
        [  0., 796.,   0.,   0.,   0.,   0.,   0.,   0.,   0.,   0.],
        [  0.,   0., 965.,   0.,   0.,   0.,   0.,   0.,   0.,   0.],
        [  0.,   0.,   0., 599., 156.,   0.,   0.,   0., 231.,   0.],
        [  0.,   0.,   0., 236., 314.,   0.,   1.,   1.,  78.,   0.],
        [  0.,   0.,   0.,   0.,   0., 722.,   0.,   0.,   0.,   0.],
        [  0.,   0.,   0.,   0.,   0.,   0., 883.,   0.,   0.,   0.],
        [  0.,   0.,   0.,   0.,   0.,   0.,   0., 716.,   0.,   0.],
        [  0.,   0.,   0.,   0.,   0.,   0.,   0.,   0., 797.,   0.],
        [  0.,   0.,   0.,   0.,   0.,   0.,   0.,   0., 646., 149.]])
Epoch 15 Test Accuracy per Class:
Accuracy of class 0: 100.00%
Accuracy of class 1: 100.00%
Accuracy of class 2: 100.00%
Accuracy of class 3: 60.28%
Accuracy of class 4: 50.00%
Accuracy of class 5: 100.00%
Accuracy of class 6: 100.00%
Accuracy of class 7: 100.00%
Accuracy of class 8: 100.00%
Accuracy of class 9: 20.98%
Confusion Matrix:
tensor([[190.,   0.,   0.,   0.,   0.,   0.,   0.,   0.,   0.,   0.],
        [  0., 204.,   0.,   0.,   0.,   0.,   0.,   0.,   0.,   0.],
        [  0.,   0., 235.,   0.,   0.,   0.,   0.,   0.,   0.,   0.],
        [  0.,   0.,   0., 129.,  36.,   0.,   0.,   0.,  49.,   0.],
        [  0.,   0.,   0.,  63.,  85.,   0.,   0.,   0.,  22.,   0.],
        [  0.,   0.,   0.,   0.,   0., 178.,   0.,   0.,   0.,   0.],
        [  0.,   0.,   0.,   0.,   0.,   0., 217.,   0.,   0.,   0.],
        [  0.,   0.,   0.,   0.,   0.,   0.,   0., 184.,   0.,   0.],
        [  0.,   0.,   0.,   0.,   0.,   0.,   0.,   0., 203.,   0.],
        [  0.,   0.,   0.,   0.,   0.,   0.,   0.,   0., 162.,  43.]])
-------------------------------------------
Epoch 16 Training Accuracy per Class:
Accuracy of class 0: 54.08%
Accuracy of class 1: 90.45%
Accuracy of class 2: 88.70%
Accuracy of class 3: 1.62%
Accuracy of class 4: 60.32%
Accuracy of class 5: 100.00%
Accuracy of class 6: 100.00%
Accuracy of class 7: 100.00%
Accuracy of class 8: 0.00%
Accuracy of class 9: 79.37%
Confusion Matrix:
tensor([[384.,  81.,   0.,  34.,   0.,   0.,   0.,  84.,   0., 127.],
        [ 76., 720.,   0.,   0.,   0.,   0.,   0.,   0.,   0.,   0.],
        [  0., 109., 856.,   0.,   0.,   0.,   0.,   0.,   0.,   0.],
        [  0.,   0.,   0.,  16., 411.,   0.,   0., 164.,   0., 395.],
        [  0.,   3.,   0.,  78., 380.,   0.,   5.,  86.,   0.,  78.],
        [  0.,   0.,   0.,   0.,   0., 722.,   0.,   0.,   0.,   0.],
        [  0.,   0.,   0.,   0.,   0.,   0., 883.,   0.,   0.,   0.],
        [  0.,   0.,   0.,   0.,   0.,   0.,   0., 716.,   0.,   0.],
        [  0.,   0.,   0.,   0.,   0.,   0.,   0.,   0.,   0., 797.],
        [  0.,   0.,   0.,   0.,   0.,   0.,   0.,   0., 164., 631.]])
Epoch 16 Test Accuracy per Class:
Accuracy of class 0: 61.05%
Accuracy of class 1: 88.24%
Accuracy of class 2: 85.53%
Accuracy of class 3: 0.47%
Accuracy of class 4: 65.88%
Accuracy of class 5: 100.00%
Accuracy of class 6: 100.00%
Accuracy of class 7: 100.00%
Accuracy of class 8: 0.00%
Accuracy of class 9: 82.44%
Confusion Matrix:
tensor([[116.,  19.,   0.,  11.,   0.,   0.,   0.,  16.,   0.,  28.],
        [ 24., 180.,   0.,   0.,   0.,   0.,   0.,   0.,   0.,   0.],
        [  0.,  33., 201.,   0.,   1.,   0.,   0.,   0.,   0.,   0.],
        [  0.,   0.,   0.,   1.,  91.,   0.,   0.,  33.,   0.,  89.],
        [  0.,   1.,   0.,  19., 112.,   0.,   1.,  15.,   0.,  22.],
        [  0.,   0.,   0.,   0.,   0., 178.,   0.,   0.,   0.,   0.],
        [  0.,   0.,   0.,   0.,   0.,   0., 217.,   0.,   0.,   0.],
        [  0.,   0.,   0.,   0.,   0.,   0.,   0., 184.,   0.,   0.],
        [  0.,   0.,   0.,   0.,   0.,   0.,   0.,   0.,   0., 203.],
        [  0.,   0.,   0.,   0.,   0.,   0.,   0.,   0.,  36., 169.]])
-------------------------------------------
Epoch 17 Training Accuracy per Class:
Accuracy of class 0: 100.00%
Accuracy of class 1: 100.00%
Accuracy of class 2: 100.00%
Accuracy of class 3: 49.59%
Accuracy of class 4: 48.89%
Accuracy of class 5: 100.00%
Accuracy of class 6: 100.00%
Accuracy of class 7: 100.00%
Accuracy of class 8: 90.34%
Accuracy of class 9: 19.25%
Confusion Matrix:
tensor([[710.,   0.,   0.,   0.,   0.,   0.,   0.,   0.,   0.,   0.],
        [  0., 796.,   0.,   0.,   0.,   0.,   0.,   0.,   0.,   0.],
        [  0.,   0., 965.,   0.,   0.,   0.,   0.,   0.,   0.,   0.],
        [  0.,   0.,   0., 489., 164.,   0.,   0.,   0., 333.,   0.],
        [  0.,   0.,   1., 157., 308.,   0.,   3.,   1.,  78.,  82.],
        [  0.,   0.,   0.,   0.,   0., 722.,   0.,   0.,   0.,   0.],
        [  0.,   0.,   0.,   0.,   0.,   0., 883.,   0.,   0.,   0.],
        [  0.,   0.,   0.,   0.,   0.,   0.,   0., 716.,   0.,   0.],
        [  0.,   0.,   0.,   0.,   0.,   0.,   0.,   0., 720.,  77.],
        [  0.,   0.,   0.,   0.,   0.,   0.,   0.,   0., 642., 153.]])
Epoch 17 Test Accuracy per Class:
Accuracy of class 0: 100.00%
Accuracy of class 1: 100.00%
Accuracy of class 2: 99.57%
Accuracy of class 3: 50.93%
Accuracy of class 4: 51.18%
Accuracy of class 5: 100.00%
Accuracy of class 6: 100.00%
Accuracy of class 7: 100.00%
Accuracy of class 8: 88.67%
Accuracy of class 9: 22.93%
Confusion Matrix:
tensor([[190.,   0.,   0.,   0.,   0.,   0.,   0.,   0.,   0.,   0.],
        [  0., 204.,   0.,   0.,   0.,   0.,   0.,   0.,   0.,   0.],
        [  0.,   0., 234.,   0.,   1.,   0.,   0.,   0.,   0.,   0.],
        [  0.,   0.,   0., 109.,  38.,   0.,   0.,   0.,  67.,   0.],
        [  0.,   0.,   0.,  46.,  87.,   0.,   0.,   0.,  22.,  15.],
        [  0.,   0.,   0.,   0.,   0., 178.,   0.,   0.,   0.,   0.],
        [  0.,   0.,   0.,   0.,   0.,   0., 217.,   0.,   0.,   0.],
        [  0.,   0.,   0.,   0.,   0.,   0.,   0., 184.,   0.,   0.],
        [  0.,   0.,   0.,   0.,   0.,   0.,   0.,   0., 180.,  23.],
        [  0.,   0.,   0.,   0.,   0.,   0.,   0.,   0., 158.,  47.]])
-------------------------------------------
Epoch 18 Training Accuracy per Class:
Accuracy of class 0: 100.00%
Accuracy of class 1: 100.00%
Accuracy of class 2: 100.00%
Accuracy of class 3: 66.23%
Accuracy of class 4: 29.52%
Accuracy of class 5: 100.00%
Accuracy of class 6: 100.00%
Accuracy of class 7: 100.00%
Accuracy of class 8: 100.00%
Accuracy of class 9: 9.31%
Confusion Matrix:
tensor([[710.,   0.,   0.,   0.,   0.,   0.,   0.,   0.,   0.,   0.],
        [  0., 796.,   0.,   0.,   0.,   0.,   0.,   0.,   0.,   0.],
        [  0.,   0., 965.,   0.,   0.,   0.,   0.,   0.,   0.,   0.],
        [  0.,   0.,   0., 653.,   0.,   0.,   0.,   0., 333.,   0.],
        [  0.,   0.,   0., 362., 186.,   0.,   3.,   1.,  78.,   0.],
        [  0.,   0.,   0.,   0.,   0., 722.,   0.,   0.,   0.,   0.],
        [  0.,   0.,   0.,   0.,   0.,   0., 883.,   0.,   0.,   0.],
        [  0.,   0.,   0.,   0.,   0.,   0.,   0., 716.,   0.,   0.],
        [  0.,   0.,   0.,   0.,   0.,   0.,   0.,   0., 797.,   0.],
        [  0.,   0.,   0.,   0.,   0.,   0.,   0.,   0., 721.,  74.]])
Epoch 18 Test Accuracy per Class:
Accuracy of class 0: 100.00%
Accuracy of class 1: 100.00%
Accuracy of class 2: 99.57%
Accuracy of class 3: 68.69%
Accuracy of class 4: 34.12%
Accuracy of class 5: 100.00%
Accuracy of class 6: 100.00%
Accuracy of class 7: 100.00%
Accuracy of class 8: 100.00%
Accuracy of class 9: 12.68%
Confusion Matrix:
tensor([[190.,   0.,   0.,   0.,   0.,   0.,   0.,   0.,   0.,   0.],
        [  0., 204.,   0.,   0.,   0.,   0.,   0.,   0.,   0.,   0.],
        [  0.,   0., 234.,   0.,   1.,   0.,   0.,   0.,   0.,   0.],
        [  0.,   0.,   0., 147.,   0.,   0.,   0.,   0.,  67.,   0.],
        [  0.,   0.,   0.,  90.,  58.,   0.,   0.,   0.,  22.,   0.],
        [  0.,   0.,   0.,   0.,   0., 178.,   0.,   0.,   0.,   0.],
        [  0.,   0.,   0.,   0.,   0.,   0., 217.,   0.,   0.,   0.],
        [  0.,   0.,   0.,   0.,   0.,   0.,   0., 184.,   0.,   0.],
        [  0.,   0.,   0.,   0.,   0.,   0.,   0.,   0., 203.,   0.],
        [  0.,   0.,   0.,   0.,   0.,   0.,   0.,   0., 179.,  26.]])
-------------------------------------------
Epoch 19 Training Accuracy per Class:
Accuracy of class 0: 100.00%
Accuracy of class 1: 100.00%
Accuracy of class 2: 100.00%
Accuracy of class 3: 57.91%
Accuracy of class 4: 36.67%
Accuracy of class 5: 100.00%
Accuracy of class 6: 100.00%
Accuracy of class 7: 100.00%
Accuracy of class 8: 90.34%
Accuracy of class 9: 29.31%
Confusion Matrix:
tensor([[710.,   0.,   0.,   0.,   0.,   0.,   0.,   0.,   0.,   0.],
        [  0., 796.,   0.,   0.,   0.,   0.,   0.,   0.,   0.,   0.],
        [  0.,   0., 965.,   0.,   0.,   0.,   0.,   0.,   0.,   0.],
        [  0.,   0.,   0., 571.,  82.,   0.,   0.,   0., 333.,   0.],
        [  0.,   0.,   0., 320., 231.,   0.,   1.,   0.,  78.,   0.],
        [  0.,   0.,   0.,   0.,   0., 722.,   0.,   0.,   0.,   0.],
        [  0.,   0.,   0.,   0.,   0.,   0., 883.,   0.,   0.,   0.],
        [  0.,   0.,   0.,   0.,   0.,   0.,   0., 716.,   0.,   0.],
        [  0.,   0.,   0.,   0.,   0.,   0.,   0.,   0., 720.,  77.],
        [  0.,   0.,   0.,   0.,   0.,   0.,   0.,   0., 562., 233.]])
Epoch 19 Test Accuracy per Class:
Accuracy of class 0: 100.00%
Accuracy of class 1: 100.00%
Accuracy of class 2: 99.57%
Accuracy of class 3: 60.28%
Accuracy of class 4: 41.18%
Accuracy of class 5: 100.00%
Accuracy of class 6: 100.00%
Accuracy of class 7: 100.00%
Accuracy of class 8: 88.67%
Accuracy of class 9: 32.68%
Confusion Matrix:
tensor([[190.,   0.,   0.,   0.,   0.,   0.,   0.,   0.,   0.,   0.],
        [  0., 204.,   0.,   0.,   0.,   0.,   0.,   0.,   0.,   0.],
        [  0.,   0., 234.,   0.,   1.,   0.,   0.,   0.,   0.,   0.],
        [  0.,   0.,   0., 129.,  18.,   0.,   0.,   0.,  67.,   0.],
        [  0.,   0.,   0.,  78.,  70.,   0.,   0.,   0.,  22.,   0.],
        [  0.,   0.,   0.,   0.,   0., 178.,   0.,   0.,   0.,   0.],
        [  0.,   0.,   0.,   0.,   0.,   0., 217.,   0.,   0.,   0.],
        [  0.,   0.,   0.,   0.,   0.,   0.,   0., 184.,   0.,   0.],
        [  0.,   0.,   0.,   0.,   0.,   0.,   0.,   0., 180.,  23.],
        [  0.,   0.,   0.,   0.,   0.,   0.,   0.,   0., 138.,  67.]])
-------------------------------------------
Epoch 20 Training Accuracy per Class:
Accuracy of class 0: 100.00%
Accuracy of class 1: 100.00%
Accuracy of class 2: 100.00%
Accuracy of class 3: 55.07%
Accuracy of class 4: 40.48%
Accuracy of class 5: 100.00%
Accuracy of class 6: 100.00%
Accuracy of class 7: 100.00%
Accuracy of class 8: 90.34%
Accuracy of class 9: 19.25%
Confusion Matrix:
tensor([[710.,   0.,   0.,   0.,   0.,   0.,   0.,   0.,   0.,   0.],
        [  0., 796.,   0.,   0.,   0.,   0.,   0.,   0.,   0.,   0.],
        [  0.,   0., 965.,   0.,   0.,   0.,   0.,   0.,   0.,   0.],
        [  0.,   0.,   0., 543., 164.,   0.,   0.,   0., 279.,   0.],
        [  0.,   0.,   0., 294., 255.,   0.,   3.,   0.,  78.,   0.],
        [  0.,   0.,   0.,   0.,   0., 722.,   0.,   0.,   0.,   0.],
        [  0.,   0.,   0.,   0.,   0.,   0., 883.,   0.,   0.,   0.],
        [  0.,   0.,   0.,   0.,   0.,   0.,   0., 716.,   0.,   0.],
        [  0.,   0.,   0.,   0.,   0.,   0.,   0.,   0., 720.,  77.],
        [  0.,   0.,   0.,   0.,   0.,   0.,   0.,   0., 642., 153.]])
Epoch 20 Test Accuracy per Class:
Accuracy of class 0: 100.00%
Accuracy of class 1: 100.00%
Accuracy of class 2: 99.57%
Accuracy of class 3: 55.61%
Accuracy of class 4: 43.53%
Accuracy of class 5: 100.00%
Accuracy of class 6: 100.00%
Accuracy of class 7: 100.00%
Accuracy of class 8: 88.67%
Accuracy of class 9: 22.93%
Confusion Matrix:
tensor([[190.,   0.,   0.,   0.,   0.,   0.,   0.,   0.,   0.,   0.],
        [  0., 204.,   0.,   0.,   0.,   0.,   0.,   0.,   0.,   0.],
        [  0.,   0., 234.,   0.,   1.,   0.,   0.,   0.,   0.,   0.],
        [  0.,   0.,   0., 119.,  38.,   0.,   0.,   0.,  57.,   0.],
        [  0.,   0.,   0.,  74.,  74.,   0.,   0.,   0.,  22.,   0.],
        [  0.,   0.,   0.,   0.,   0., 178.,   0.,   0.,   0.,   0.],
        [  0.,   0.,   0.,   0.,   0.,   0., 217.,   0.,   0.,   0.],
        [  0.,   0.,   0.,   0.,   0.,   0.,   0., 184.,   0.,   0.],
        [  0.,   0.,   0.,   0.,   0.,   0.,   0.,   0., 180.,  23.],
        [  0.,   0.,   0.,   0.,   0.,   0.,   0.,   0., 158.,  47.]])
-------------------------------------------
Training Complete
Epoch 1 Training Accuracy per Class:
Accuracy of class 0: 29.84%
Accuracy of class 1: 0.00%
Accuracy of class 2: 91.98%
Accuracy of class 3: 0.00%
Accuracy of class 4: 0.00%
Accuracy of class 5: 99.66%
Accuracy of class 6: 100.00%
Accuracy of class 7: 0.00%
Accuracy of class 8: 0.00%
Confusion Matrix:
tensor([[2.3600e+02, 0.0000e+00, 5.5500e+02, 0.0000e+00, 0.0000e+00, 0.0000e+00,
         0.0000e+00, 0.0000e+00, 0.0000e+00],
        [2.4800e+02, 0.0000e+00, 4.5400e+02, 0.0000e+00, 0.0000e+00, 2.4000e+01,
         0.0000e+00, 4.0300e+02, 0.0000e+00],
        [8.3000e+01, 0.0000e+00, 9.7500e+02, 0.0000e+00, 0.0000e+00, 2.0000e+00,
         0.0000e+00, 0.0000e+00, 0.0000e+00],
        [0.0000e+00, 0.0000e+00, 9.8400e+02, 0.0000e+00, 0.0000e+00, 0.0000e+00,
         2.8000e+01, 1.7000e+01, 0.0000e+00],
        [0.0000e+00, 0.0000e+00, 3.9500e+02, 0.0000e+00, 0.0000e+00, 0.0000e+00,
         1.0000e+00, 0.0000e+00, 0.0000e+00],
        [0.0000e+00, 0.0000e+00, 3.0000e+00, 0.0000e+00, 0.0000e+00, 8.7100e+02,
         0.0000e+00, 0.0000e+00, 0.0000e+00],
        [0.0000e+00, 0.0000e+00, 0.0000e+00, 0.0000e+00, 0.0000e+00, 0.0000e+00,
         7.1200e+02, 0.0000e+00, 0.0000e+00],
        [0.0000e+00, 0.0000e+00, 1.1290e+03, 0.0000e+00, 0.0000e+00, 0.0000e+00,
         0.0000e+00, 0.0000e+00, 0.0000e+00],
        [0.0000e+00, 0.0000e+00, 8.8000e+02, 0.0000e+00, 0.0000e+00, 0.0000e+00,
         0.0000e+00, 0.0000e+00, 0.0000e+00]])
Epoch 1 Test Accuracy per Class:
Accuracy of class 0: 30.62%
Accuracy of class 1: 0.00%
Accuracy of class 2: 92.92%
Accuracy of class 3: 0.00%
Accuracy of class 4: 0.00%
Accuracy of class 5: 100.00%
Accuracy of class 6: 100.00%
Accuracy of class 7: 0.00%
Accuracy of class 8: 0.00%
Confusion Matrix:
tensor([[ 64.,   0., 145.,   0.,   0.,   0.,   0.,   0.,   0.],
        [ 52.,   0., 117.,   0.,   0.,   5.,   0.,  97.,   0.],
        [ 17.,   0., 223.,   0.,   0.,   0.,   0.,   0.,   0.],
        [  0.,   0., 258.,   0.,   0.,   0.,   9.,   4.,   0.],
        [  0.,   0., 102.,   0.,   0.,   0.,   0.,   2.,   0.],
        [  0.,   0.,   0.,   0.,   0., 226.,   0.,   0.,   0.],
        [  0.,   0.,   0.,   0.,   0.,   0., 188.,   0.,   0.],
        [  0.,   0., 271.,   0.,   0.,   0.,   0.,   0.,   0.],
        [  0.,   0., 220.,   0.,   0.,   0.,   0.,   0.,   0.]])
-------------------------------------------
Epoch 2 Training Accuracy per Class:
Accuracy of class 0: 80.66%
Accuracy of class 1: 29.23%
Accuracy of class 2: 92.17%
Accuracy of class 3: 3.50%
Accuracy of class 4: 0.00%
Accuracy of class 5: 100.00%
Accuracy of class 6: 100.00%
Accuracy of class 7: 100.00%
Accuracy of class 8: 0.00%
Confusion Matrix:
tensor([[6.3800e+02, 0.0000e+00, 1.5300e+02, 0.0000e+00, 0.0000e+00, 0.0000e+00,
         0.0000e+00, 0.0000e+00, 0.0000e+00],
        [0.0000e+00, 3.3000e+02, 7.9000e+01, 0.0000e+00, 0.0000e+00, 0.0000e+00,
         8.2000e+01, 6.3800e+02, 0.0000e+00],
        [8.2000e+01, 0.0000e+00, 9.7700e+02, 0.0000e+00, 0.0000e+00, 0.0000e+00,
         1.0000e+00, 0.0000e+00, 0.0000e+00],
        [0.0000e+00, 0.0000e+00, 1.0000e+01, 3.6000e+01, 0.0000e+00, 0.0000e+00,
         2.4000e+01, 9.5900e+02, 0.0000e+00],
        [0.0000e+00, 0.0000e+00, 8.2000e+01, 1.0000e+00, 0.0000e+00, 0.0000e+00,
         0.0000e+00, 3.1300e+02, 0.0000e+00],
        [0.0000e+00, 0.0000e+00, 0.0000e+00, 0.0000e+00, 0.0000e+00, 8.7400e+02,
         0.0000e+00, 0.0000e+00, 0.0000e+00],
        [0.0000e+00, 0.0000e+00, 0.0000e+00, 0.0000e+00, 0.0000e+00, 0.0000e+00,
         7.1200e+02, 0.0000e+00, 0.0000e+00],
        [0.0000e+00, 0.0000e+00, 0.0000e+00, 0.0000e+00, 0.0000e+00, 0.0000e+00,
         0.0000e+00, 1.1290e+03, 0.0000e+00],
        [0.0000e+00, 0.0000e+00, 0.0000e+00, 0.0000e+00, 0.0000e+00, 0.0000e+00,
         0.0000e+00, 8.8000e+02, 0.0000e+00]])
Epoch 2 Test Accuracy per Class:
Accuracy of class 0: 77.51%
Accuracy of class 1: 25.83%
Accuracy of class 2: 92.50%
Accuracy of class 3: 4.06%
Accuracy of class 4: 0.00%
Accuracy of class 5: 100.00%
Accuracy of class 6: 100.00%
Accuracy of class 7: 100.00%
Accuracy of class 8: 0.00%
Confusion Matrix:
tensor([[162.,   0.,  47.,   0.,   0.,   0.,   0.,   0.,   0.],
        [  0.,  70.,  21.,   0.,   0.,   0.,  18., 162.,   0.],
        [ 18.,   0., 222.,   0.,   0.,   0.,   0.,   0.,   0.],
        [  0.,   0.,   1.,  11.,   0.,   0.,   8., 251.,   0.],
        [  0.,   0.,  19.,   0.,   0.,   1.,   0.,  84.,   0.],
        [  0.,   0.,   0.,   0.,   0., 226.,   0.,   0.,   0.],
        [  0.,   0.,   0.,   0.,   0.,   0., 188.,   0.,   0.],
        [  0.,   0.,   0.,   0.,   0.,   0.,   0., 271.,   0.],
        [  0.,   0.,   0.,   0.,   0.,   0.,   0., 220.,   0.]])
-------------------------------------------
Epoch 3 Training Accuracy per Class:
Accuracy of class 0: 100.00%
Accuracy of class 1: 100.00%
Accuracy of class 2: 100.00%
Accuracy of class 3: 29.54%
Accuracy of class 4: 0.00%
Accuracy of class 5: 100.00%
Accuracy of class 6: 100.00%
Accuracy of class 7: 100.00%
Accuracy of class 8: 0.00%
Confusion Matrix:
tensor([[7.9100e+02, 0.0000e+00, 0.0000e+00, 0.0000e+00, 0.0000e+00, 0.0000e+00,
         0.0000e+00, 0.0000e+00, 0.0000e+00],
        [0.0000e+00, 1.1290e+03, 0.0000e+00, 0.0000e+00, 0.0000e+00, 0.0000e+00,
         0.0000e+00, 0.0000e+00, 0.0000e+00],
        [0.0000e+00, 0.0000e+00, 1.0600e+03, 0.0000e+00, 0.0000e+00, 0.0000e+00,
         0.0000e+00, 0.0000e+00, 0.0000e+00],
        [0.0000e+00, 0.0000e+00, 0.0000e+00, 3.0400e+02, 0.0000e+00, 0.0000e+00,
         7.0000e+00, 7.1800e+02, 0.0000e+00],
        [0.0000e+00, 0.0000e+00, 8.2000e+01, 0.0000e+00, 0.0000e+00, 0.0000e+00,
         0.0000e+00, 3.1300e+02, 1.0000e+00],
        [0.0000e+00, 0.0000e+00, 0.0000e+00, 0.0000e+00, 0.0000e+00, 8.7400e+02,
         0.0000e+00, 0.0000e+00, 0.0000e+00],
        [0.0000e+00, 0.0000e+00, 0.0000e+00, 0.0000e+00, 0.0000e+00, 0.0000e+00,
         7.1200e+02, 0.0000e+00, 0.0000e+00],
        [0.0000e+00, 0.0000e+00, 0.0000e+00, 0.0000e+00, 0.0000e+00, 0.0000e+00,
         0.0000e+00, 1.1290e+03, 0.0000e+00],
        [0.0000e+00, 0.0000e+00, 0.0000e+00, 0.0000e+00, 0.0000e+00, 0.0000e+00,
         0.0000e+00, 8.8000e+02, 0.0000e+00]])
Epoch 3 Test Accuracy per Class:
Accuracy of class 0: 100.00%
Accuracy of class 1: 100.00%
Accuracy of class 2: 100.00%
Accuracy of class 3: 27.31%
Accuracy of class 4: 0.00%
Accuracy of class 5: 100.00%
Accuracy of class 6: 100.00%
Accuracy of class 7: 100.00%
Accuracy of class 8: 0.00%
Confusion Matrix:
tensor([[209.,   0.,   0.,   0.,   0.,   0.,   0.,   0.,   0.],
        [  0., 271.,   0.,   0.,   0.,   0.,   0.,   0.,   0.],
        [  0.,   0., 240.,   0.,   0.,   0.,   0.,   0.,   0.],
        [  0.,   0.,   0.,  74.,   0.,   0.,   2., 195.,   0.],
        [  1.,   0.,  18.,   0.,   0.,   0.,   0.,  84.,   1.],
        [  0.,   0.,   0.,   0.,   0., 226.,   0.,   0.,   0.],
        [  0.,   0.,   0.,   0.,   0.,   0., 188.,   0.,   0.],
        [  0.,   0.,   0.,   0.,   0.,   0.,   0., 271.,   0.],
        [  0.,   0.,   0.,   0.,   0.,   0.,   0., 220.,   0.]])
-------------------------------------------
Epoch 4 Training Accuracy per Class:
Accuracy of class 0: 38.94%
Accuracy of class 1: 79.10%
Accuracy of class 2: 88.58%
Accuracy of class 3: 30.03%
Accuracy of class 4: 0.00%
Accuracy of class 5: 100.00%
Accuracy of class 6: 100.00%
Accuracy of class 7: 100.00%
Accuracy of class 8: 0.00%
Confusion Matrix:
tensor([[3.0800e+02, 0.0000e+00, 0.0000e+00, 0.0000e+00, 0.0000e+00, 0.0000e+00,
         0.0000e+00, 4.8300e+02, 0.0000e+00],
        [0.0000e+00, 8.9300e+02, 0.0000e+00, 0.0000e+00, 0.0000e+00, 2.1000e+01,
         0.0000e+00, 2.1500e+02, 0.0000e+00],
        [3.5000e+01, 0.0000e+00, 9.3900e+02, 0.0000e+00, 0.0000e+00, 0.0000e+00,
         0.0000e+00, 8.2000e+01, 4.0000e+00],
        [0.0000e+00, 0.0000e+00, 0.0000e+00, 3.0900e+02, 0.0000e+00, 0.0000e+00,
         1.2000e+01, 7.0800e+02, 0.0000e+00],
        [0.0000e+00, 0.0000e+00, 3.0000e+00, 0.0000e+00, 0.0000e+00, 0.0000e+00,
         1.0000e+00, 3.9200e+02, 0.0000e+00],
        [0.0000e+00, 0.0000e+00, 0.0000e+00, 0.0000e+00, 0.0000e+00, 8.7400e+02,
         0.0000e+00, 0.0000e+00, 0.0000e+00],
        [0.0000e+00, 0.0000e+00, 0.0000e+00, 0.0000e+00, 0.0000e+00, 0.0000e+00,
         7.1200e+02, 0.0000e+00, 0.0000e+00],
        [0.0000e+00, 0.0000e+00, 0.0000e+00, 0.0000e+00, 0.0000e+00, 0.0000e+00,
         0.0000e+00, 1.1290e+03, 0.0000e+00],
        [0.0000e+00, 0.0000e+00, 0.0000e+00, 0.0000e+00, 0.0000e+00, 0.0000e+00,
         0.0000e+00, 8.8000e+02, 0.0000e+00]])
Epoch 4 Test Accuracy per Class:
Accuracy of class 0: 44.02%
Accuracy of class 1: 76.38%
Accuracy of class 2: 91.25%
Accuracy of class 3: 28.41%
Accuracy of class 4: 0.00%
Accuracy of class 5: 100.00%
Accuracy of class 6: 100.00%
Accuracy of class 7: 100.00%
Accuracy of class 8: 0.00%
Confusion Matrix:
tensor([[ 92.,   0.,   0.,   0.,   0.,   0.,   0., 117.,   0.],
        [  0., 207.,   0.,   0.,   0.,   4.,   0.,  60.,   0.],
        [  3.,   0., 219.,   0.,   0.,   0.,   0.,  18.,   0.],
        [  0.,   0.,   0.,  77.,   0.,   0.,   2., 192.,   0.],
        [  0.,   0.,   0.,   0.,   0.,   0.,   0., 104.,   0.],
        [  0.,   0.,   0.,   0.,   0., 226.,   0.,   0.,   0.],
        [  0.,   0.,   0.,   0.,   0.,   0., 188.,   0.,   0.],
        [  0.,   0.,   0.,   0.,   0.,   0.,   0., 271.,   0.],
        [  0.,   0.,   0.,   0.,   0.,   0.,   0., 220.,   0.]])
-------------------------------------------
Epoch 5 Training Accuracy per Class:
