Epoch 1 Training Accuracy per Class:
Accuracy of class 0: 100.00%
Accuracy of class 1: 100.00%
Class 2 has no samples
Accuracy of class 3: 0.00%
Class 4 has no samples
Class 5 has no samples
Accuracy of class 6: 100.00%
Class 7 has no samples
Accuracy of class 8: 0.00%
Accuracy of class 9: 0.00%
Confusion Matrix:
tensor([[158.,   0.,   0.,   0.,   0.,   0.,   0.,   0.,   0.,   0.],
        [  0.,  83.,   0.,   0.,   0.,   0.,   0.,   0.,   0.,   0.],
        [  0.,   0.,   0.,   0.,   0.,   0.,   0.,   0.,   0.,   0.],
        [  0.,   0.,   0.,   0.,   0.,   0.,   0.,   0.,  80.,   0.],
        [  0.,   0.,   0.,   0.,   0.,   0.,   0.,   0.,   0.,   0.],
        [  0.,   0.,   0.,   0.,   0.,   0.,   0.,   0.,   0.,   0.],
        [  0.,   0.,   0.,   0.,   0.,   0., 243.,   0.,   0.,   0.],
        [  0.,   0.,   0.,   0.,   0.,   0.,   0.,   0.,   0.,   0.],
        [  0.,   0.,   0.,   0.,   0.,   0., 156.,   0.,   0.,   0.],
        [  0.,   0.,   0.,   0.,   0.,   0.,   0.,   0.,  80.,   0.]])
Epoch 1 Test Accuracy per Class:
Accuracy of class 0: 100.00%
Accuracy of class 1: 100.00%
Class 2 has no samples
Accuracy of class 3: 0.00%
Class 4 has no samples
Class 5 has no samples
Accuracy of class 6: 100.00%
Class 7 has no samples
Accuracy of class 8: 0.00%
Accuracy of class 9: 0.00%
Confusion Matrix:
tensor([[42.,  0.,  0.,  0.,  0.,  0.,  0.,  0.,  0.,  0.],
        [ 0., 17.,  0.,  0.,  0.,  0.,  0.,  0.,  0.,  0.],
        [ 0.,  0.,  0.,  0.,  0.,  0.,  0.,  0.,  0.,  0.],
        [ 0.,  0.,  0.,  0.,  0.,  0.,  0.,  0., 20.,  0.],
        [ 0.,  0.,  0.,  0.,  0.,  0.,  0.,  0.,  0.,  0.],
        [ 0.,  0.,  0.,  0.,  0.,  0.,  0.,  0.,  0.,  0.],
        [ 0.,  0.,  0.,  0.,  0.,  0., 57.,  0.,  0.,  0.],
        [ 0.,  0.,  0.,  0.,  0.,  0.,  0.,  0.,  0.,  0.],
        [ 0.,  0.,  0.,  0.,  0.,  0., 44.,  0.,  0.,  0.],
        [ 0.,  0.,  0.,  0.,  0.,  0.,  0.,  0., 20.,  0.]])
-------------------------------------------
Epoch 2 Training Accuracy per Class:
Accuracy of class 0: 100.00%
Accuracy of class 1: 100.00%
Class 2 has no samples
Accuracy of class 3: 0.00%
Class 4 has no samples
Class 5 has no samples
Accuracy of class 6: 100.00%
Class 7 has no samples
Accuracy of class 8: 100.00%
Accuracy of class 9: 0.00%
Confusion Matrix:
tensor([[158.,   0.,   0.,   0.,   0.,   0.,   0.,   0.,   0.,   0.],
        [  0.,  83.,   0.,   0.,   0.,   0.,   0.,   0.,   0.,   0.],
        [  0.,   0.,   0.,   0.,   0.,   0.,   0.,   0.,   0.,   0.],
        [  0.,   0.,   0.,   0.,   0.,   0.,   0.,   0.,  80.,   0.],
        [  0.,   0.,   0.,   0.,   0.,   0.,   0.,   0.,   0.,   0.],
        [  0.,   0.,   0.,   0.,   0.,   0.,   0.,   0.,   0.,   0.],
        [  0.,   0.,   0.,   0.,   0.,   0., 243.,   0.,   0.,   0.],
        [  0.,   0.,   0.,   0.,   0.,   0.,   0.,   0.,   0.,   0.],
        [  0.,   0.,   0.,   0.,   0.,   0.,   0.,   0., 156.,   0.],
        [  0.,   0.,   0.,   0.,   0.,   0.,   0.,   0.,  80.,   0.]])
Epoch 2 Test Accuracy per Class:
Accuracy of class 0: 100.00%
Accuracy of class 1: 100.00%
Class 2 has no samples
Accuracy of class 3: 0.00%
Class 4 has no samples
Class 5 has no samples
Accuracy of class 6: 100.00%
Class 7 has no samples
Accuracy of class 8: 100.00%
Accuracy of class 9: 0.00%
Confusion Matrix:
tensor([[42.,  0.,  0.,  0.,  0.,  0.,  0.,  0.,  0.,  0.],
        [ 0., 17.,  0.,  0.,  0.,  0.,  0.,  0.,  0.,  0.],
        [ 0.,  0.,  0.,  0.,  0.,  0.,  0.,  0.,  0.,  0.],
        [ 0.,  0.,  0.,  0.,  0.,  0.,  0.,  0., 20.,  0.],
        [ 0.,  0.,  0.,  0.,  0.,  0.,  0.,  0.,  0.,  0.],
        [ 0.,  0.,  0.,  0.,  0.,  0.,  0.,  0.,  0.,  0.],
        [ 0.,  0.,  0.,  0.,  0.,  0., 57.,  0.,  0.,  0.],
        [ 0.,  0.,  0.,  0.,  0.,  0.,  0.,  0.,  0.,  0.],
        [ 0.,  0.,  0.,  0.,  0.,  0.,  0.,  0., 44.,  0.],
        [ 0.,  0.,  0.,  0.,  0.,  0.,  0.,  0., 20.,  0.]])
-------------------------------------------
Epoch 3 Training Accuracy per Class:
Accuracy of class 0: 100.00%
Accuracy of class 1: 100.00%
Class 2 has no samples
Accuracy of class 3: 0.00%
Class 4 has no samples
Class 5 has no samples
Accuracy of class 6: 100.00%
Class 7 has no samples
Accuracy of class 8: 100.00%
Accuracy of class 9: 0.00%
Confusion Matrix:
tensor([[158.,   0.,   0.,   0.,   0.,   0.,   0.,   0.,   0.,   0.],
        [  0.,  83.,   0.,   0.,   0.,   0.,   0.,   0.,   0.,   0.],
        [  0.,   0.,   0.,   0.,   0.,   0.,   0.,   0.,   0.,   0.],
        [  0.,   0.,   0.,   0.,   0.,   0.,   0.,   0.,  80.,   0.],
        [  0.,   0.,   0.,   0.,   0.,   0.,   0.,   0.,   0.,   0.],
        [  0.,   0.,   0.,   0.,   0.,   0.,   0.,   0.,   0.,   0.],
        [  0.,   0.,   0.,   0.,   0.,   0., 243.,   0.,   0.,   0.],
        [  0.,   0.,   0.,   0.,   0.,   0.,   0.,   0.,   0.,   0.],
        [  0.,   0.,   0.,   0.,   0.,   0.,   0.,   0., 156.,   0.],
        [  0.,   0.,   0.,   0.,   0.,   0.,   0.,   0.,  80.,   0.]])
Epoch 3 Test Accuracy per Class:
Accuracy of class 0: 100.00%
Accuracy of class 1: 100.00%
Class 2 has no samples
Accuracy of class 3: 0.00%
Class 4 has no samples
Class 5 has no samples
Accuracy of class 6: 100.00%
Class 7 has no samples
Accuracy of class 8: 100.00%
Accuracy of class 9: 0.00%
Confusion Matrix:
tensor([[42.,  0.,  0.,  0.,  0.,  0.,  0.,  0.,  0.,  0.],
        [ 0., 17.,  0.,  0.,  0.,  0.,  0.,  0.,  0.,  0.],
        [ 0.,  0.,  0.,  0.,  0.,  0.,  0.,  0.,  0.,  0.],
        [ 0.,  0.,  0.,  0.,  0.,  0.,  0.,  0., 20.,  0.],
        [ 0.,  0.,  0.,  0.,  0.,  0.,  0.,  0.,  0.,  0.],
        [ 0.,  0.,  0.,  0.,  0.,  0.,  0.,  0.,  0.,  0.],
        [ 0.,  0.,  0.,  0.,  0.,  0., 57.,  0.,  0.,  0.],
        [ 0.,  0.,  0.,  0.,  0.,  0.,  0.,  0.,  0.,  0.],
        [ 0.,  0.,  0.,  0.,  0.,  0.,  0.,  0., 44.,  0.],
        [ 0.,  0.,  0.,  0.,  0.,  0.,  0.,  0., 20.,  0.]])
-------------------------------------------
Epoch 4 Training Accuracy per Class:
Accuracy of class 0: 100.00%
Accuracy of class 1: 100.00%
Class 2 has no samples
Accuracy of class 3: 0.00%
Class 4 has no samples
Class 5 has no samples
Accuracy of class 6: 100.00%
Class 7 has no samples
Accuracy of class 8: 100.00%
Accuracy of class 9: 0.00%
Confusion Matrix:
tensor([[158.,   0.,   0.,   0.,   0.,   0.,   0.,   0.,   0.,   0.],
        [  0.,  83.,   0.,   0.,   0.,   0.,   0.,   0.,   0.,   0.],
        [  0.,   0.,   0.,   0.,   0.,   0.,   0.,   0.,   0.,   0.],
        [  0.,   0.,   0.,   0.,   0.,   0.,   0.,   0.,  80.,   0.],
        [  0.,   0.,   0.,   0.,   0.,   0.,   0.,   0.,   0.,   0.],
        [  0.,   0.,   0.,   0.,   0.,   0.,   0.,   0.,   0.,   0.],
        [  0.,   0.,   0.,   0.,   0.,   0., 243.,   0.,   0.,   0.],
        [  0.,   0.,   0.,   0.,   0.,   0.,   0.,   0.,   0.,   0.],
        [  0.,   0.,   0.,   0.,   0.,   0.,   0.,   0., 156.,   0.],
        [  0.,   0.,   0.,   0.,   0.,   0.,   0.,   0.,  80.,   0.]])
Epoch 4 Test Accuracy per Class:
Accuracy of class 0: 100.00%
Accuracy of class 1: 100.00%
Class 2 has no samples
Accuracy of class 3: 0.00%
Class 4 has no samples
Class 5 has no samples
Accuracy of class 6: 100.00%
Class 7 has no samples
Accuracy of class 8: 100.00%
Accuracy of class 9: 0.00%
Confusion Matrix:
tensor([[42.,  0.,  0.,  0.,  0.,  0.,  0.,  0.,  0.,  0.],
        [ 0., 17.,  0.,  0.,  0.,  0.,  0.,  0.,  0.,  0.],
        [ 0.,  0.,  0.,  0.,  0.,  0.,  0.,  0.,  0.,  0.],
        [ 0.,  0.,  0.,  0.,  0.,  0.,  0.,  0., 20.,  0.],
        [ 0.,  0.,  0.,  0.,  0.,  0.,  0.,  0.,  0.,  0.],
        [ 0.,  0.,  0.,  0.,  0.,  0.,  0.,  0.,  0.,  0.],
        [ 0.,  0.,  0.,  0.,  0.,  0., 57.,  0.,  0.,  0.],
        [ 0.,  0.,  0.,  0.,  0.,  0.,  0.,  0.,  0.,  0.],
        [ 0.,  0.,  0.,  0.,  0.,  0.,  0.,  0., 44.,  0.],
        [ 0.,  0.,  0.,  0.,  0.,  0.,  0.,  0., 20.,  0.]])
-------------------------------------------
Epoch 5 Training Accuracy per Class:
Accuracy of class 0: 100.00%
Accuracy of class 1: 100.00%
Class 2 has no samples
Accuracy of class 3: 0.00%
Class 4 has no samples
Class 5 has no samples
Accuracy of class 6: 100.00%
Class 7 has no samples
Accuracy of class 8: 100.00%
Accuracy of class 9: 0.00%
Confusion Matrix:
tensor([[158.,   0.,   0.,   0.,   0.,   0.,   0.,   0.,   0.,   0.],
        [  0.,  83.,   0.,   0.,   0.,   0.,   0.,   0.,   0.,   0.],
        [  0.,   0.,   0.,   0.,   0.,   0.,   0.,   0.,   0.,   0.],
        [  0.,   0.,   0.,   0.,   0.,   0.,   0.,   0.,  80.,   0.],
        [  0.,   0.,   0.,   0.,   0.,   0.,   0.,   0.,   0.,   0.],
        [  0.,   0.,   0.,   0.,   0.,   0.,   0.,   0.,   0.,   0.],
        [  0.,   0.,   0.,   0.,   0.,   0., 243.,   0.,   0.,   0.],
        [  0.,   0.,   0.,   0.,   0.,   0.,   0.,   0.,   0.,   0.],
        [  0.,   0.,   0.,   0.,   0.,   0.,   0.,   0., 156.,   0.],
        [  0.,   0.,   0.,   0.,   0.,   0.,   0.,   0.,  80.,   0.]])
Epoch 5 Test Accuracy per Class:
Accuracy of class 0: 100.00%
Accuracy of class 1: 100.00%
Class 2 has no samples
Accuracy of class 3: 0.00%
Class 4 has no samples
Class 5 has no samples
Accuracy of class 6: 100.00%
Class 7 has no samples
Accuracy of class 8: 100.00%
Accuracy of class 9: 0.00%
Confusion Matrix:
tensor([[42.,  0.,  0.,  0.,  0.,  0.,  0.,  0.,  0.,  0.],
        [ 0., 17.,  0.,  0.,  0.,  0.,  0.,  0.,  0.,  0.],
        [ 0.,  0.,  0.,  0.,  0.,  0.,  0.,  0.,  0.,  0.],
        [ 0.,  0.,  0.,  0.,  0.,  0.,  0.,  0., 20.,  0.],
        [ 0.,  0.,  0.,  0.,  0.,  0.,  0.,  0.,  0.,  0.],
        [ 0.,  0.,  0.,  0.,  0.,  0.,  0.,  0.,  0.,  0.],
        [ 0.,  0.,  0.,  0.,  0.,  0., 57.,  0.,  0.,  0.],
        [ 0.,  0.,  0.,  0.,  0.,  0.,  0.,  0.,  0.,  0.],
        [ 0.,  0.,  0.,  0.,  0.,  0.,  0.,  0., 44.,  0.],
        [ 0.,  0.,  0.,  0.,  0.,  0.,  0.,  0., 20.,  0.]])
-------------------------------------------
Epoch 6 Training Accuracy per Class:
Accuracy of class 0: 100.00%
Accuracy of class 1: 100.00%
Class 2 has no samples
Accuracy of class 3: 0.00%
Class 4 has no samples
Class 5 has no samples
Accuracy of class 6: 100.00%
Class 7 has no samples
Accuracy of class 8: 100.00%
Accuracy of class 9: 0.00%
Confusion Matrix:
tensor([[158.,   0.,   0.,   0.,   0.,   0.,   0.,   0.,   0.,   0.],
        [  0.,  83.,   0.,   0.,   0.,   0.,   0.,   0.,   0.,   0.],
        [  0.,   0.,   0.,   0.,   0.,   0.,   0.,   0.,   0.,   0.],
        [  0.,   0.,   0.,   0.,   0.,   0.,   0.,   0.,  80.,   0.],
        [  0.,   0.,   0.,   0.,   0.,   0.,   0.,   0.,   0.,   0.],
        [  0.,   0.,   0.,   0.,   0.,   0.,   0.,   0.,   0.,   0.],
        [  0.,   0.,   0.,   0.,   0.,   0., 243.,   0.,   0.,   0.],
        [  0.,   0.,   0.,   0.,   0.,   0.,   0.,   0.,   0.,   0.],
        [  0.,   0.,   0.,   0.,   0.,   0.,   0.,   0., 156.,   0.],
        [  0.,   0.,   0.,   0.,   0.,   0.,   0.,   0.,  80.,   0.]])
Epoch 6 Test Accuracy per Class:
Accuracy of class 0: 100.00%
Accuracy of class 1: 100.00%
Class 2 has no samples
Accuracy of class 3: 0.00%
Class 4 has no samples
Class 5 has no samples
Accuracy of class 6: 100.00%
Class 7 has no samples
Accuracy of class 8: 100.00%
Accuracy of class 9: 0.00%
Confusion Matrix:
tensor([[42.,  0.,  0.,  0.,  0.,  0.,  0.,  0.,  0.,  0.],
        [ 0., 17.,  0.,  0.,  0.,  0.,  0.,  0.,  0.,  0.],
        [ 0.,  0.,  0.,  0.,  0.,  0.,  0.,  0.,  0.,  0.],
        [ 0.,  0.,  0.,  0.,  0.,  0.,  0.,  0., 20.,  0.],
        [ 0.,  0.,  0.,  0.,  0.,  0.,  0.,  0.,  0.,  0.],
        [ 0.,  0.,  0.,  0.,  0.,  0.,  0.,  0.,  0.,  0.],
        [ 0.,  0.,  0.,  0.,  0.,  0., 57.,  0.,  0.,  0.],
        [ 0.,  0.,  0.,  0.,  0.,  0.,  0.,  0.,  0.,  0.],
        [ 0.,  0.,  0.,  0.,  0.,  0.,  0.,  0., 44.,  0.],
        [ 0.,  0.,  0.,  0.,  0.,  0.,  0.,  0., 20.,  0.]])
-------------------------------------------
Epoch 7 Training Accuracy per Class:
Accuracy of class 0: 100.00%
Accuracy of class 1: 100.00%
Class 2 has no samples
Accuracy of class 3: 0.00%
Class 4 has no samples
Class 5 has no samples
Accuracy of class 6: 100.00%
Class 7 has no samples
Accuracy of class 8: 100.00%
Accuracy of class 9: 0.00%
Confusion Matrix:
tensor([[158.,   0.,   0.,   0.,   0.,   0.,   0.,   0.,   0.,   0.],
        [  0.,  83.,   0.,   0.,   0.,   0.,   0.,   0.,   0.,   0.],
        [  0.,   0.,   0.,   0.,   0.,   0.,   0.,   0.,   0.,   0.],
        [  0.,   0.,   0.,   0.,   0.,   0.,   0.,   0.,  80.,   0.],
        [  0.,   0.,   0.,   0.,   0.,   0.,   0.,   0.,   0.,   0.],
        [  0.,   0.,   0.,   0.,   0.,   0.,   0.,   0.,   0.,   0.],
        [  0.,   0.,   0.,   0.,   0.,   0., 243.,   0.,   0.,   0.],
        [  0.,   0.,   0.,   0.,   0.,   0.,   0.,   0.,   0.,   0.],
        [  0.,   0.,   0.,   0.,   0.,   0.,   0.,   0., 156.,   0.],
        [  0.,   0.,   0.,   0.,   0.,   0.,   0.,   0.,  80.,   0.]])
Epoch 7 Test Accuracy per Class:
Accuracy of class 0: 100.00%
Accuracy of class 1: 100.00%
Class 2 has no samples
Accuracy of class 3: 0.00%
Class 4 has no samples
Class 5 has no samples
Accuracy of class 6: 100.00%
Class 7 has no samples
Accuracy of class 8: 100.00%
Accuracy of class 9: 0.00%
Confusion Matrix:
tensor([[42.,  0.,  0.,  0.,  0.,  0.,  0.,  0.,  0.,  0.],
        [ 0., 17.,  0.,  0.,  0.,  0.,  0.,  0.,  0.,  0.],
        [ 0.,  0.,  0.,  0.,  0.,  0.,  0.,  0.,  0.,  0.],
        [ 0.,  0.,  0.,  0.,  0.,  0.,  0.,  0., 20.,  0.],
        [ 0.,  0.,  0.,  0.,  0.,  0.,  0.,  0.,  0.,  0.],
        [ 0.,  0.,  0.,  0.,  0.,  0.,  0.,  0.,  0.,  0.],
        [ 0.,  0.,  0.,  0.,  0.,  0., 57.,  0.,  0.,  0.],
        [ 0.,  0.,  0.,  0.,  0.,  0.,  0.,  0.,  0.,  0.],
        [ 0.,  0.,  0.,  0.,  0.,  0.,  0.,  0., 44.,  0.],
        [ 0.,  0.,  0.,  0.,  0.,  0.,  0.,  0., 20.,  0.]])
-------------------------------------------
Epoch 8 Training Accuracy per Class:
Accuracy of class 0: 100.00%
Accuracy of class 1: 100.00%
Class 2 has no samples
Accuracy of class 3: 0.00%
Class 4 has no samples
Class 5 has no samples
Accuracy of class 6: 100.00%
Class 7 has no samples
Accuracy of class 8: 100.00%
Accuracy of class 9: 0.00%
Confusion Matrix:
tensor([[158.,   0.,   0.,   0.,   0.,   0.,   0.,   0.,   0.,   0.],
        [  0.,  83.,   0.,   0.,   0.,   0.,   0.,   0.,   0.,   0.],
        [  0.,   0.,   0.,   0.,   0.,   0.,   0.,   0.,   0.,   0.],
        [  0.,   0.,   0.,   0.,   0.,   0.,   0.,   0.,  80.,   0.],
        [  0.,   0.,   0.,   0.,   0.,   0.,   0.,   0.,   0.,   0.],
        [  0.,   0.,   0.,   0.,   0.,   0.,   0.,   0.,   0.,   0.],
        [  0.,   0.,   0.,   0.,   0.,   0., 243.,   0.,   0.,   0.],
        [  0.,   0.,   0.,   0.,   0.,   0.,   0.,   0.,   0.,   0.],
        [  0.,   0.,   0.,   0.,   0.,   0.,   0.,   0., 156.,   0.],
        [  0.,   0.,   0.,   0.,   0.,   0.,   0.,   0.,  80.,   0.]])
Epoch 8 Test Accuracy per Class:
Accuracy of class 0: 100.00%
Accuracy of class 1: 100.00%
Class 2 has no samples
Accuracy of class 3: 0.00%
Class 4 has no samples
Class 5 has no samples
Accuracy of class 6: 100.00%
Class 7 has no samples
Accuracy of class 8: 100.00%
Accuracy of class 9: 0.00%
Confusion Matrix:
tensor([[42.,  0.,  0.,  0.,  0.,  0.,  0.,  0.,  0.,  0.],
        [ 0., 17.,  0.,  0.,  0.,  0.,  0.,  0.,  0.,  0.],
        [ 0.,  0.,  0.,  0.,  0.,  0.,  0.,  0.,  0.,  0.],
        [ 0.,  0.,  0.,  0.,  0.,  0.,  0.,  0., 20.,  0.],
        [ 0.,  0.,  0.,  0.,  0.,  0.,  0.,  0.,  0.,  0.],
        [ 0.,  0.,  0.,  0.,  0.,  0.,  0.,  0.,  0.,  0.],
        [ 0.,  0.,  0.,  0.,  0.,  0., 57.,  0.,  0.,  0.],
        [ 0.,  0.,  0.,  0.,  0.,  0.,  0.,  0.,  0.,  0.],
        [ 0.,  0.,  0.,  0.,  0.,  0.,  0.,  0., 44.,  0.],
        [ 0.,  0.,  0.,  0.,  0.,  0.,  0.,  0., 20.,  0.]])
-------------------------------------------
Epoch 9 Training Accuracy per Class:
Accuracy of class 0: 100.00%
Accuracy of class 1: 100.00%
Class 2 has no samples
Accuracy of class 3: 0.00%
Class 4 has no samples
Class 5 has no samples
Accuracy of class 6: 100.00%
Class 7 has no samples
Accuracy of class 8: 100.00%
Accuracy of class 9: 0.00%
Confusion Matrix:
tensor([[158.,   0.,   0.,   0.,   0.,   0.,   0.,   0.,   0.,   0.],
        [  0.,  83.,   0.,   0.,   0.,   0.,   0.,   0.,   0.,   0.],
        [  0.,   0.,   0.,   0.,   0.,   0.,   0.,   0.,   0.,   0.],
        [  0.,   0.,   0.,   0.,   0.,   0.,   0.,   0.,  80.,   0.],
        [  0.,   0.,   0.,   0.,   0.,   0.,   0.,   0.,   0.,   0.],
        [  0.,   0.,   0.,   0.,   0.,   0.,   0.,   0.,   0.,   0.],
        [  0.,   0.,   0.,   0.,   0.,   0., 243.,   0.,   0.,   0.],
        [  0.,   0.,   0.,   0.,   0.,   0.,   0.,   0.,   0.,   0.],
        [  0.,   0.,   0.,   0.,   0.,   0.,   0.,   0., 156.,   0.],
        [  0.,   0.,   0.,   0.,   0.,   0.,   0.,   0.,  80.,   0.]])
Epoch 9 Test Accuracy per Class:
Accuracy of class 0: 100.00%
Accuracy of class 1: 100.00%
Class 2 has no samples
Accuracy of class 3: 0.00%
Class 4 has no samples
Class 5 has no samples
Accuracy of class 6: 100.00%
Class 7 has no samples
Accuracy of class 8: 100.00%
Accuracy of class 9: 0.00%
Confusion Matrix:
tensor([[42.,  0.,  0.,  0.,  0.,  0.,  0.,  0.,  0.,  0.],
        [ 0., 17.,  0.,  0.,  0.,  0.,  0.,  0.,  0.,  0.],
        [ 0.,  0.,  0.,  0.,  0.,  0.,  0.,  0.,  0.,  0.],
        [ 0.,  0.,  0.,  0.,  0.,  0.,  0.,  0., 20.,  0.],
        [ 0.,  0.,  0.,  0.,  0.,  0.,  0.,  0.,  0.,  0.],
        [ 0.,  0.,  0.,  0.,  0.,  0.,  0.,  0.,  0.,  0.],
        [ 0.,  0.,  0.,  0.,  0.,  0., 57.,  0.,  0.,  0.],
        [ 0.,  0.,  0.,  0.,  0.,  0.,  0.,  0.,  0.,  0.],
        [ 0.,  0.,  0.,  0.,  0.,  0.,  0.,  0., 44.,  0.],
        [ 0.,  0.,  0.,  0.,  0.,  0.,  0.,  0., 20.,  0.]])
-------------------------------------------
Epoch 10 Training Accuracy per Class:
Accuracy of class 0: 100.00%
Accuracy of class 1: 100.00%
Class 2 has no samples
Accuracy of class 3: 0.00%
Class 4 has no samples
Class 5 has no samples
Accuracy of class 6: 100.00%
Class 7 has no samples
Accuracy of class 8: 100.00%
Accuracy of class 9: 0.00%
Confusion Matrix:
tensor([[158.,   0.,   0.,   0.,   0.,   0.,   0.,   0.,   0.,   0.],
        [  0.,  83.,   0.,   0.,   0.,   0.,   0.,   0.,   0.,   0.],
        [  0.,   0.,   0.,   0.,   0.,   0.,   0.,   0.,   0.,   0.],
        [  0.,   0.,   0.,   0.,   0.,   0.,   0.,   0.,  80.,   0.],
        [  0.,   0.,   0.,   0.,   0.,   0.,   0.,   0.,   0.,   0.],
        [  0.,   0.,   0.,   0.,   0.,   0.,   0.,   0.,   0.,   0.],
        [  0.,   0.,   0.,   0.,   0.,   0., 243.,   0.,   0.,   0.],
        [  0.,   0.,   0.,   0.,   0.,   0.,   0.,   0.,   0.,   0.],
        [  0.,   0.,   0.,   0.,   0.,   0.,   0.,   0., 156.,   0.],
        [  0.,   0.,   0.,   0.,   0.,   0.,   0.,   0.,  80.,   0.]])
Epoch 10 Test Accuracy per Class:
Accuracy of class 0: 100.00%
Accuracy of class 1: 100.00%
Class 2 has no samples
Accuracy of class 3: 0.00%
Class 4 has no samples
Class 5 has no samples
Accuracy of class 6: 100.00%
Class 7 has no samples
Accuracy of class 8: 100.00%
Accuracy of class 9: 0.00%
Confusion Matrix:
tensor([[42.,  0.,  0.,  0.,  0.,  0.,  0.,  0.,  0.,  0.],
        [ 0., 17.,  0.,  0.,  0.,  0.,  0.,  0.,  0.,  0.],
        [ 0.,  0.,  0.,  0.,  0.,  0.,  0.,  0.,  0.,  0.],
        [ 0.,  0.,  0.,  0.,  0.,  0.,  0.,  0., 20.,  0.],
        [ 0.,  0.,  0.,  0.,  0.,  0.,  0.,  0.,  0.,  0.],
        [ 0.,  0.,  0.,  0.,  0.,  0.,  0.,  0.,  0.,  0.],
        [ 0.,  0.,  0.,  0.,  0.,  0., 57.,  0.,  0.,  0.],
        [ 0.,  0.,  0.,  0.,  0.,  0.,  0.,  0.,  0.,  0.],
        [ 0.,  0.,  0.,  0.,  0.,  0.,  0.,  0., 44.,  0.],
        [ 0.,  0.,  0.,  0.,  0.,  0.,  0.,  0., 20.,  0.]])
-------------------------------------------
Epoch 11 Training Accuracy per Class:
Accuracy of class 0: 100.00%
Accuracy of class 1: 100.00%
Class 2 has no samples
Accuracy of class 3: 0.00%
Class 4 has no samples
Class 5 has no samples
Accuracy of class 6: 100.00%
Class 7 has no samples
Accuracy of class 8: 100.00%
Accuracy of class 9: 0.00%
Confusion Matrix:
tensor([[158.,   0.,   0.,   0.,   0.,   0.,   0.,   0.,   0.,   0.],
        [  0.,  83.,   0.,   0.,   0.,   0.,   0.,   0.,   0.,   0.],
        [  0.,   0.,   0.,   0.,   0.,   0.,   0.,   0.,   0.,   0.],
        [  0.,   0.,   0.,   0.,   0.,   0.,   0.,   0.,  80.,   0.],
        [  0.,   0.,   0.,   0.,   0.,   0.,   0.,   0.,   0.,   0.],
        [  0.,   0.,   0.,   0.,   0.,   0.,   0.,   0.,   0.,   0.],
        [  0.,   0.,   0.,   0.,   0.,   0., 243.,   0.,   0.,   0.],
        [  0.,   0.,   0.,   0.,   0.,   0.,   0.,   0.,   0.,   0.],
        [  0.,   0.,   0.,   0.,   0.,   0.,   0.,   0., 156.,   0.],
        [  0.,   0.,   0.,   0.,   0.,   0.,   0.,   0.,  80.,   0.]])
Epoch 11 Test Accuracy per Class:
Accuracy of class 0: 100.00%
Accuracy of class 1: 100.00%
Class 2 has no samples
Accuracy of class 3: 0.00%
Class 4 has no samples
Class 5 has no samples
Accuracy of class 6: 100.00%
Class 7 has no samples
Accuracy of class 8: 100.00%
Accuracy of class 9: 0.00%
Confusion Matrix:
tensor([[42.,  0.,  0.,  0.,  0.,  0.,  0.,  0.,  0.,  0.],
        [ 0., 17.,  0.,  0.,  0.,  0.,  0.,  0.,  0.,  0.],
        [ 0.,  0.,  0.,  0.,  0.,  0.,  0.,  0.,  0.,  0.],
        [ 0.,  0.,  0.,  0.,  0.,  0.,  0.,  0., 20.,  0.],
        [ 0.,  0.,  0.,  0.,  0.,  0.,  0.,  0.,  0.,  0.],
        [ 0.,  0.,  0.,  0.,  0.,  0.,  0.,  0.,  0.,  0.],
        [ 0.,  0.,  0.,  0.,  0.,  0., 57.,  0.,  0.,  0.],
        [ 0.,  0.,  0.,  0.,  0.,  0.,  0.,  0.,  0.,  0.],
        [ 0.,  0.,  0.,  0.,  0.,  0.,  0.,  0., 44.,  0.],
        [ 0.,  0.,  0.,  0.,  0.,  0.,  0.,  0., 20.,  0.]])
-------------------------------------------
Epoch 12 Training Accuracy per Class:
Accuracy of class 0: 100.00%
Accuracy of class 1: 100.00%
Class 2 has no samples
Accuracy of class 3: 0.00%
Class 4 has no samples
Class 5 has no samples
Accuracy of class 6: 100.00%
Class 7 has no samples
Accuracy of class 8: 100.00%
Accuracy of class 9: 0.00%
Confusion Matrix:
tensor([[158.,   0.,   0.,   0.,   0.,   0.,   0.,   0.,   0.,   0.],
        [  0.,  83.,   0.,   0.,   0.,   0.,   0.,   0.,   0.,   0.],
        [  0.,   0.,   0.,   0.,   0.,   0.,   0.,   0.,   0.,   0.],
        [  0.,   0.,   0.,   0.,   0.,   0.,   0.,   0.,  80.,   0.],
        [  0.,   0.,   0.,   0.,   0.,   0.,   0.,   0.,   0.,   0.],
        [  0.,   0.,   0.,   0.,   0.,   0.,   0.,   0.,   0.,   0.],
        [  0.,   0.,   0.,   0.,   0.,   0., 243.,   0.,   0.,   0.],
        [  0.,   0.,   0.,   0.,   0.,   0.,   0.,   0.,   0.,   0.],
        [  0.,   0.,   0.,   0.,   0.,   0.,   0.,   0., 156.,   0.],
        [  0.,   0.,   0.,   0.,   0.,   0.,   0.,   0.,  80.,   0.]])
Epoch 12 Test Accuracy per Class:
Accuracy of class 0: 100.00%
Accuracy of class 1: 100.00%
Class 2 has no samples
Accuracy of class 3: 0.00%
Class 4 has no samples
Class 5 has no samples
Accuracy of class 6: 100.00%
Class 7 has no samples
Accuracy of class 8: 100.00%
Accuracy of class 9: 0.00%
Confusion Matrix:
tensor([[42.,  0.,  0.,  0.,  0.,  0.,  0.,  0.,  0.,  0.],
        [ 0., 17.,  0.,  0.,  0.,  0.,  0.,  0.,  0.,  0.],
        [ 0.,  0.,  0.,  0.,  0.,  0.,  0.,  0.,  0.,  0.],
        [ 0.,  0.,  0.,  0.,  0.,  0.,  0.,  0., 20.,  0.],
        [ 0.,  0.,  0.,  0.,  0.,  0.,  0.,  0.,  0.,  0.],
        [ 0.,  0.,  0.,  0.,  0.,  0.,  0.,  0.,  0.,  0.],
        [ 0.,  0.,  0.,  0.,  0.,  0., 57.,  0.,  0.,  0.],
        [ 0.,  0.,  0.,  0.,  0.,  0.,  0.,  0.,  0.,  0.],
        [ 0.,  0.,  0.,  0.,  0.,  0.,  0.,  0., 44.,  0.],
        [ 0.,  0.,  0.,  0.,  0.,  0.,  0.,  0., 20.,  0.]])
-------------------------------------------
Epoch 13 Training Accuracy per Class:
Accuracy of class 0: 100.00%
Accuracy of class 1: 100.00%
Class 2 has no samples
Accuracy of class 3: 0.00%
Class 4 has no samples
Class 5 has no samples
Accuracy of class 6: 100.00%
Class 7 has no samples
Accuracy of class 8: 100.00%
Accuracy of class 9: 0.00%
Confusion Matrix:
tensor([[158.,   0.,   0.,   0.,   0.,   0.,   0.,   0.,   0.,   0.],
        [  0.,  83.,   0.,   0.,   0.,   0.,   0.,   0.,   0.,   0.],
        [  0.,   0.,   0.,   0.,   0.,   0.,   0.,   0.,   0.,   0.],
        [  0.,   0.,   0.,   0.,   0.,   0.,   0.,   0.,  80.,   0.],
        [  0.,   0.,   0.,   0.,   0.,   0.,   0.,   0.,   0.,   0.],
        [  0.,   0.,   0.,   0.,   0.,   0.,   0.,   0.,   0.,   0.],
        [  0.,   0.,   0.,   0.,   0.,   0., 243.,   0.,   0.,   0.],
        [  0.,   0.,   0.,   0.,   0.,   0.,   0.,   0.,   0.,   0.],
        [  0.,   0.,   0.,   0.,   0.,   0.,   0.,   0., 156.,   0.],
        [  0.,   0.,   0.,   0.,   0.,   0.,   0.,   0.,  80.,   0.]])
Epoch 13 Test Accuracy per Class:
Accuracy of class 0: 100.00%
Accuracy of class 1: 100.00%
Class 2 has no samples
Accuracy of class 3: 0.00%
Class 4 has no samples
Class 5 has no samples
Accuracy of class 6: 100.00%
Class 7 has no samples
Accuracy of class 8: 100.00%
Accuracy of class 9: 0.00%
Confusion Matrix:
tensor([[42.,  0.,  0.,  0.,  0.,  0.,  0.,  0.,  0.,  0.],
        [ 0., 17.,  0.,  0.,  0.,  0.,  0.,  0.,  0.,  0.],
        [ 0.,  0.,  0.,  0.,  0.,  0.,  0.,  0.,  0.,  0.],
        [ 0.,  0.,  0.,  0.,  0.,  0.,  0.,  0., 20.,  0.],
        [ 0.,  0.,  0.,  0.,  0.,  0.,  0.,  0.,  0.,  0.],
        [ 0.,  0.,  0.,  0.,  0.,  0.,  0.,  0.,  0.,  0.],
        [ 0.,  0.,  0.,  0.,  0.,  0., 57.,  0.,  0.,  0.],
        [ 0.,  0.,  0.,  0.,  0.,  0.,  0.,  0.,  0.,  0.],
        [ 0.,  0.,  0.,  0.,  0.,  0.,  0.,  0., 44.,  0.],
        [ 0.,  0.,  0.,  0.,  0.,  0.,  0.,  0., 20.,  0.]])
-------------------------------------------
Epoch 14 Training Accuracy per Class:
Accuracy of class 0: 100.00%
Accuracy of class 1: 100.00%
Class 2 has no samples
Accuracy of class 3: 0.00%
Class 4 has no samples
Class 5 has no samples
Accuracy of class 6: 100.00%
Class 7 has no samples
Accuracy of class 8: 100.00%
Accuracy of class 9: 0.00%
Confusion Matrix:
tensor([[158.,   0.,   0.,   0.,   0.,   0.,   0.,   0.,   0.,   0.],
        [  0.,  83.,   0.,   0.,   0.,   0.,   0.,   0.,   0.,   0.],
        [  0.,   0.,   0.,   0.,   0.,   0.,   0.,   0.,   0.,   0.],
        [  0.,   0.,   0.,   0.,   0.,   0.,   0.,   0.,  80.,   0.],
        [  0.,   0.,   0.,   0.,   0.,   0.,   0.,   0.,   0.,   0.],
        [  0.,   0.,   0.,   0.,   0.,   0.,   0.,   0.,   0.,   0.],
        [  0.,   0.,   0.,   0.,   0.,   0., 243.,   0.,   0.,   0.],
        [  0.,   0.,   0.,   0.,   0.,   0.,   0.,   0.,   0.,   0.],
        [  0.,   0.,   0.,   0.,   0.,   0.,   0.,   0., 156.,   0.],
        [  0.,   0.,   0.,   0.,   0.,   0.,   0.,   0.,  80.,   0.]])
Epoch 14 Test Accuracy per Class:
Accuracy of class 0: 100.00%
Accuracy of class 1: 100.00%
Class 2 has no samples
Accuracy of class 3: 0.00%
Class 4 has no samples
Class 5 has no samples
Accuracy of class 6: 100.00%
Class 7 has no samples
Accuracy of class 8: 100.00%
Accuracy of class 9: 0.00%
Confusion Matrix:
tensor([[42.,  0.,  0.,  0.,  0.,  0.,  0.,  0.,  0.,  0.],
        [ 0., 17.,  0.,  0.,  0.,  0.,  0.,  0.,  0.,  0.],
        [ 0.,  0.,  0.,  0.,  0.,  0.,  0.,  0.,  0.,  0.],
        [ 0.,  0.,  0.,  0.,  0.,  0.,  0.,  0., 20.,  0.],
        [ 0.,  0.,  0.,  0.,  0.,  0.,  0.,  0.,  0.,  0.],
        [ 0.,  0.,  0.,  0.,  0.,  0.,  0.,  0.,  0.,  0.],
        [ 0.,  0.,  0.,  0.,  0.,  0., 57.,  0.,  0.,  0.],
        [ 0.,  0.,  0.,  0.,  0.,  0.,  0.,  0.,  0.,  0.],
        [ 0.,  0.,  0.,  0.,  0.,  0.,  0.,  0., 44.,  0.],
        [ 0.,  0.,  0.,  0.,  0.,  0.,  0.,  0., 20.,  0.]])
-------------------------------------------
Epoch 15 Training Accuracy per Class:
Accuracy of class 0: 100.00%
Accuracy of class 1: 100.00%
Class 2 has no samples
Accuracy of class 3: 0.00%
Class 4 has no samples
Class 5 has no samples
Accuracy of class 6: 100.00%
Class 7 has no samples
Accuracy of class 8: 100.00%
Accuracy of class 9: 0.00%
Confusion Matrix:
tensor([[158.,   0.,   0.,   0.,   0.,   0.,   0.,   0.,   0.,   0.],
        [  0.,  83.,   0.,   0.,   0.,   0.,   0.,   0.,   0.,   0.],
        [  0.,   0.,   0.,   0.,   0.,   0.,   0.,   0.,   0.,   0.],
        [  0.,   0.,   0.,   0.,   0.,   0.,   0.,   0.,  80.,   0.],
        [  0.,   0.,   0.,   0.,   0.,   0.,   0.,   0.,   0.,   0.],
        [  0.,   0.,   0.,   0.,   0.,   0.,   0.,   0.,   0.,   0.],
        [  0.,   0.,   0.,   0.,   0.,   0., 243.,   0.,   0.,   0.],
        [  0.,   0.,   0.,   0.,   0.,   0.,   0.,   0.,   0.,   0.],
        [  0.,   0.,   0.,   0.,   0.,   0.,   0.,   0., 156.,   0.],
        [  0.,   0.,   0.,   0.,   0.,   0.,   0.,   0.,  80.,   0.]])
Epoch 15 Test Accuracy per Class:
Accuracy of class 0: 100.00%
Accuracy of class 1: 100.00%
Class 2 has no samples
Accuracy of class 3: 0.00%
Class 4 has no samples
Class 5 has no samples
Accuracy of class 6: 100.00%
Class 7 has no samples
Accuracy of class 8: 100.00%
Accuracy of class 9: 0.00%
Confusion Matrix:
tensor([[42.,  0.,  0.,  0.,  0.,  0.,  0.,  0.,  0.,  0.],
        [ 0., 17.,  0.,  0.,  0.,  0.,  0.,  0.,  0.,  0.],
        [ 0.,  0.,  0.,  0.,  0.,  0.,  0.,  0.,  0.,  0.],
        [ 0.,  0.,  0.,  0.,  0.,  0.,  0.,  0., 20.,  0.],
        [ 0.,  0.,  0.,  0.,  0.,  0.,  0.,  0.,  0.,  0.],
        [ 0.,  0.,  0.,  0.,  0.,  0.,  0.,  0.,  0.,  0.],
        [ 0.,  0.,  0.,  0.,  0.,  0., 57.,  0.,  0.,  0.],
        [ 0.,  0.,  0.,  0.,  0.,  0.,  0.,  0.,  0.,  0.],
        [ 0.,  0.,  0.,  0.,  0.,  0.,  0.,  0., 44.,  0.],
        [ 0.,  0.,  0.,  0.,  0.,  0.,  0.,  0., 20.,  0.]])
-------------------------------------------
Epoch 16 Training Accuracy per Class:
Accuracy of class 0: 100.00%
Accuracy of class 1: 100.00%
Class 2 has no samples
Accuracy of class 3: 100.00%
Class 4 has no samples
Class 5 has no samples
Accuracy of class 6: 100.00%
Class 7 has no samples
Accuracy of class 8: 100.00%
Accuracy of class 9: 0.00%
Confusion Matrix:
tensor([[158.,   0.,   0.,   0.,   0.,   0.,   0.,   0.,   0.,   0.],
        [  0.,  83.,   0.,   0.,   0.,   0.,   0.,   0.,   0.,   0.],
        [  0.,   0.,   0.,   0.,   0.,   0.,   0.,   0.,   0.,   0.],
        [  0.,   0.,   0.,  80.,   0.,   0.,   0.,   0.,   0.,   0.],
        [  0.,   0.,   0.,   0.,   0.,   0.,   0.,   0.,   0.,   0.],
        [  0.,   0.,   0.,   0.,   0.,   0.,   0.,   0.,   0.,   0.],
        [  0.,   0.,   0.,   0.,   0.,   0., 243.,   0.,   0.,   0.],
        [  0.,   0.,   0.,   0.,   0.,   0.,   0.,   0.,   0.,   0.],
        [  0.,   0.,   0.,   0.,   0.,   0.,   0.,   0., 156.,   0.],
        [  0.,   0.,   0.,   0.,   0.,   0.,   0.,   0.,  80.,   0.]])
Epoch 16 Test Accuracy per Class:
Accuracy of class 0: 100.00%
Accuracy of class 1: 100.00%
Class 2 has no samples
Accuracy of class 3: 95.00%
Class 4 has no samples
Class 5 has no samples
Accuracy of class 6: 100.00%
Class 7 has no samples
Accuracy of class 8: 100.00%
Accuracy of class 9: 0.00%
Confusion Matrix:
tensor([[42.,  0.,  0.,  0.,  0.,  0.,  0.,  0.,  0.,  0.],
        [ 0., 17.,  0.,  0.,  0.,  0.,  0.,  0.,  0.,  0.],
        [ 0.,  0.,  0.,  0.,  0.,  0.,  0.,  0.,  0.,  0.],
        [ 0.,  0.,  0., 19.,  0.,  0.,  0.,  0.,  1.,  0.],
        [ 0.,  0.,  0.,  0.,  0.,  0.,  0.,  0.,  0.,  0.],
        [ 0.,  0.,  0.,  0.,  0.,  0.,  0.,  0.,  0.,  0.],
        [ 0.,  0.,  0.,  0.,  0.,  0., 57.,  0.,  0.,  0.],
        [ 0.,  0.,  0.,  0.,  0.,  0.,  0.,  0.,  0.,  0.],
        [ 0.,  0.,  0.,  0.,  0.,  0.,  0.,  0., 44.,  0.],
        [ 0.,  0.,  0.,  0.,  0.,  0.,  0.,  0., 20.,  0.]])
-------------------------------------------
Epoch 17 Training Accuracy per Class:
Accuracy of class 0: 100.00%
Accuracy of class 1: 100.00%
Class 2 has no samples
Accuracy of class 3: 0.00%
Class 4 has no samples
Class 5 has no samples
Accuracy of class 6: 100.00%
Class 7 has no samples
Accuracy of class 8: 100.00%
Accuracy of class 9: 0.00%
Confusion Matrix:
tensor([[158.,   0.,   0.,   0.,   0.,   0.,   0.,   0.,   0.,   0.],
        [  0.,  83.,   0.,   0.,   0.,   0.,   0.,   0.,   0.,   0.],
        [  0.,   0.,   0.,   0.,   0.,   0.,   0.,   0.,   0.,   0.],
        [  0.,   0.,   0.,   0.,   0.,   0.,   0.,   0.,  80.,   0.],
        [  0.,   0.,   0.,   0.,   0.,   0.,   0.,   0.,   0.,   0.],
        [  0.,   0.,   0.,   0.,   0.,   0.,   0.,   0.,   0.,   0.],
        [  0.,   0.,   0.,   0.,   0.,   0., 243.,   0.,   0.,   0.],
        [  0.,   0.,   0.,   0.,   0.,   0.,   0.,   0.,   0.,   0.],
        [  0.,   0.,   0.,   0.,   0.,   0.,   0.,   0., 156.,   0.],
        [  0.,   0.,   0.,   0.,   0.,   0.,   0.,   0.,  80.,   0.]])
Epoch 17 Test Accuracy per Class:
Accuracy of class 0: 100.00%
Accuracy of class 1: 100.00%
Class 2 has no samples
Accuracy of class 3: 0.00%
Class 4 has no samples
Class 5 has no samples
Accuracy of class 6: 100.00%
Class 7 has no samples
Accuracy of class 8: 100.00%
Accuracy of class 9: 0.00%
Confusion Matrix:
tensor([[42.,  0.,  0.,  0.,  0.,  0.,  0.,  0.,  0.,  0.],
        [ 0., 17.,  0.,  0.,  0.,  0.,  0.,  0.,  0.,  0.],
        [ 0.,  0.,  0.,  0.,  0.,  0.,  0.,  0.,  0.,  0.],
        [ 0.,  0.,  0.,  0.,  0.,  0.,  0.,  0., 20.,  0.],
        [ 0.,  0.,  0.,  0.,  0.,  0.,  0.,  0.,  0.,  0.],
        [ 0.,  0.,  0.,  0.,  0.,  0.,  0.,  0.,  0.,  0.],
        [ 0.,  0.,  0.,  0.,  0.,  0., 57.,  0.,  0.,  0.],
        [ 0.,  0.,  0.,  0.,  0.,  0.,  0.,  0.,  0.,  0.],
        [ 0.,  0.,  0.,  0.,  0.,  0.,  0.,  0., 44.,  0.],
        [ 0.,  0.,  0.,  0.,  0.,  0.,  0.,  0., 20.,  0.]])
-------------------------------------------
Epoch 18 Training Accuracy per Class:
Accuracy of class 0: 100.00%
Accuracy of class 1: 100.00%
Class 2 has no samples
Accuracy of class 3: 100.00%
Class 4 has no samples
Class 5 has no samples
Accuracy of class 6: 100.00%
Class 7 has no samples
Accuracy of class 8: 100.00%
Accuracy of class 9: 0.00%
Confusion Matrix:
tensor([[158.,   0.,   0.,   0.,   0.,   0.,   0.,   0.,   0.,   0.],
        [  0.,  83.,   0.,   0.,   0.,   0.,   0.,   0.,   0.,   0.],
        [  0.,   0.,   0.,   0.,   0.,   0.,   0.,   0.,   0.,   0.],
        [  0.,   0.,   0.,  80.,   0.,   0.,   0.,   0.,   0.,   0.],
        [  0.,   0.,   0.,   0.,   0.,   0.,   0.,   0.,   0.,   0.],
        [  0.,   0.,   0.,   0.,   0.,   0.,   0.,   0.,   0.,   0.],
        [  0.,   0.,   0.,   0.,   0.,   0., 243.,   0.,   0.,   0.],
        [  0.,   0.,   0.,   0.,   0.,   0.,   0.,   0.,   0.,   0.],
        [  0.,   0.,   0.,   0.,   0.,   0.,   0.,   0., 156.,   0.],
        [  0.,   0.,   0.,   0.,   0.,   0.,   0.,   0.,  80.,   0.]])
Epoch 18 Test Accuracy per Class:
Accuracy of class 0: 100.00%
Accuracy of class 1: 100.00%
Class 2 has no samples
Accuracy of class 3: 95.00%
Class 4 has no samples
Class 5 has no samples
Accuracy of class 6: 100.00%
Class 7 has no samples
Accuracy of class 8: 100.00%
Accuracy of class 9: 0.00%
Confusion Matrix:
tensor([[42.,  0.,  0.,  0.,  0.,  0.,  0.,  0.,  0.,  0.],
        [ 0., 17.,  0.,  0.,  0.,  0.,  0.,  0.,  0.,  0.],
        [ 0.,  0.,  0.,  0.,  0.,  0.,  0.,  0.,  0.,  0.],
        [ 0.,  0.,  0., 19.,  0.,  0.,  0.,  0.,  1.,  0.],
        [ 0.,  0.,  0.,  0.,  0.,  0.,  0.,  0.,  0.,  0.],
        [ 0.,  0.,  0.,  0.,  0.,  0.,  0.,  0.,  0.,  0.],
        [ 0.,  0.,  0.,  0.,  0.,  0., 57.,  0.,  0.,  0.],
        [ 0.,  0.,  0.,  0.,  0.,  0.,  0.,  0.,  0.,  0.],
        [ 0.,  0.,  0.,  0.,  0.,  0.,  0.,  0., 44.,  0.],
        [ 0.,  0.,  0.,  0.,  0.,  0.,  0.,  0., 20.,  0.]])
-------------------------------------------
Epoch 19 Training Accuracy per Class:
Accuracy of class 0: 100.00%
Accuracy of class 1: 100.00%
Class 2 has no samples
Accuracy of class 3: 3.75%
Class 4 has no samples
Class 5 has no samples
Accuracy of class 6: 100.00%
Class 7 has no samples
Accuracy of class 8: 100.00%
Accuracy of class 9: 0.00%
Confusion Matrix:
tensor([[158.,   0.,   0.,   0.,   0.,   0.,   0.,   0.,   0.,   0.],
        [  0.,  83.,   0.,   0.,   0.,   0.,   0.,   0.,   0.,   0.],
        [  0.,   0.,   0.,   0.,   0.,   0.,   0.,   0.,   0.,   0.],
        [  0.,   0.,   0.,   3.,   0.,   0.,   0.,   0.,  77.,   0.],
        [  0.,   0.,   0.,   0.,   0.,   0.,   0.,   0.,   0.,   0.],
        [  0.,   0.,   0.,   0.,   0.,   0.,   0.,   0.,   0.,   0.],
        [  0.,   0.,   0.,   0.,   0.,   0., 243.,   0.,   0.,   0.],
        [  0.,   0.,   0.,   0.,   0.,   0.,   0.,   0.,   0.,   0.],
        [  0.,   0.,   0.,   0.,   0.,   0.,   0.,   0., 156.,   0.],
        [  0.,   0.,   0.,   0.,   0.,   0.,   0.,   0.,  80.,   0.]])
Epoch 19 Test Accuracy per Class:
Accuracy of class 0: 100.00%
Accuracy of class 1: 100.00%
Class 2 has no samples
Accuracy of class 3: 0.00%
Class 4 has no samples
Class 5 has no samples
Accuracy of class 6: 100.00%
Class 7 has no samples
Accuracy of class 8: 100.00%
Accuracy of class 9: 0.00%
Confusion Matrix:
tensor([[42.,  0.,  0.,  0.,  0.,  0.,  0.,  0.,  0.,  0.],
        [ 0., 17.,  0.,  0.,  0.,  0.,  0.,  0.,  0.,  0.],
        [ 0.,  0.,  0.,  0.,  0.,  0.,  0.,  0.,  0.,  0.],
        [ 0.,  0.,  0.,  0.,  0.,  0.,  0.,  0., 20.,  0.],
        [ 0.,  0.,  0.,  0.,  0.,  0.,  0.,  0.,  0.,  0.],
        [ 0.,  0.,  0.,  0.,  0.,  0.,  0.,  0.,  0.,  0.],
        [ 0.,  0.,  0.,  0.,  0.,  0., 57.,  0.,  0.,  0.],
        [ 0.,  0.,  0.,  0.,  0.,  0.,  0.,  0.,  0.,  0.],
        [ 0.,  0.,  0.,  0.,  0.,  0.,  0.,  0., 44.,  0.],
        [ 0.,  0.,  0.,  0.,  0.,  0.,  0.,  0., 20.,  0.]])
-------------------------------------------
Epoch 20 Training Accuracy per Class:
Accuracy of class 0: 100.00%
Accuracy of class 1: 100.00%
Class 2 has no samples
Accuracy of class 3: 100.00%
Class 4 has no samples
Class 5 has no samples
Accuracy of class 6: 100.00%
Class 7 has no samples
Accuracy of class 8: 100.00%
Accuracy of class 9: 0.00%
Confusion Matrix:
tensor([[158.,   0.,   0.,   0.,   0.,   0.,   0.,   0.,   0.,   0.],
        [  0.,  83.,   0.,   0.,   0.,   0.,   0.,   0.,   0.,   0.],
        [  0.,   0.,   0.,   0.,   0.,   0.,   0.,   0.,   0.,   0.],
        [  0.,   0.,   0.,  80.,   0.,   0.,   0.,   0.,   0.,   0.],
        [  0.,   0.,   0.,   0.,   0.,   0.,   0.,   0.,   0.,   0.],
        [  0.,   0.,   0.,   0.,   0.,   0.,   0.,   0.,   0.,   0.],
        [  0.,   0.,   0.,   0.,   0.,   0., 243.,   0.,   0.,   0.],
        [  0.,   0.,   0.,   0.,   0.,   0.,   0.,   0.,   0.,   0.],
        [  0.,   0.,   0.,   0.,   0.,   0.,   0.,   0., 156.,   0.],
        [  0.,   0.,   0.,   0.,   0.,   0.,   0.,   0.,  80.,   0.]])
Epoch 20 Test Accuracy per Class:
Accuracy of class 0: 100.00%
Accuracy of class 1: 100.00%
Class 2 has no samples
Accuracy of class 3: 95.00%
Class 4 has no samples
Class 5 has no samples
Accuracy of class 6: 100.00%
Class 7 has no samples
Accuracy of class 8: 100.00%
Accuracy of class 9: 0.00%
Confusion Matrix:
tensor([[42.,  0.,  0.,  0.,  0.,  0.,  0.,  0.,  0.,  0.],
        [ 0., 17.,  0.,  0.,  0.,  0.,  0.,  0.,  0.,  0.],
        [ 0.,  0.,  0.,  0.,  0.,  0.,  0.,  0.,  0.,  0.],
        [ 0.,  0.,  0., 19.,  0.,  0.,  0.,  0.,  1.,  0.],
        [ 0.,  0.,  0.,  0.,  0.,  0.,  0.,  0.,  0.,  0.],
        [ 0.,  0.,  0.,  0.,  0.,  0.,  0.,  0.,  0.,  0.],
        [ 0.,  0.,  0.,  0.,  0.,  0., 57.,  0.,  0.,  0.],
        [ 0.,  0.,  0.,  0.,  0.,  0.,  0.,  0.,  0.,  0.],
        [ 0.,  0.,  0.,  0.,  0.,  0.,  0.,  0., 44.,  0.],
        [ 0.,  0.,  0.,  0.,  0.,  0.,  0.,  0., 20.,  0.]])
-------------------------------------------
Training Complete
