Epoch 1 Training Accuracy per Class:
Accuracy of class 0: 29.84%
Accuracy of class 1: 0.00%
Accuracy of class 2: 91.98%
Accuracy of class 3: 0.00%
Accuracy of class 4: 0.00%
Accuracy of class 5: 99.66%
Accuracy of class 6: 100.00%
Accuracy of class 7: 0.00%
Accuracy of class 8: 0.00%
Confusion Matrix:
tensor([[2.3600e+02, 0.0000e+00, 5.5500e+02, 0.0000e+00, 0.0000e+00, 0.0000e+00,
         0.0000e+00, 0.0000e+00, 0.0000e+00],
        [2.4800e+02, 0.0000e+00, 4.5400e+02, 0.0000e+00, 0.0000e+00, 2.4000e+01,
         0.0000e+00, 4.0300e+02, 0.0000e+00],
        [8.3000e+01, 0.0000e+00, 9.7500e+02, 0.0000e+00, 0.0000e+00, 2.0000e+00,
         0.0000e+00, 0.0000e+00, 0.0000e+00],
        [0.0000e+00, 0.0000e+00, 9.8400e+02, 0.0000e+00, 0.0000e+00, 0.0000e+00,
         2.8000e+01, 1.7000e+01, 0.0000e+00],
        [0.0000e+00, 0.0000e+00, 3.9500e+02, 0.0000e+00, 0.0000e+00, 0.0000e+00,
         1.0000e+00, 0.0000e+00, 0.0000e+00],
        [0.0000e+00, 0.0000e+00, 3.0000e+00, 0.0000e+00, 0.0000e+00, 8.7100e+02,
         0.0000e+00, 0.0000e+00, 0.0000e+00],
        [0.0000e+00, 0.0000e+00, 0.0000e+00, 0.0000e+00, 0.0000e+00, 0.0000e+00,
         7.1200e+02, 0.0000e+00, 0.0000e+00],
        [0.0000e+00, 0.0000e+00, 1.1290e+03, 0.0000e+00, 0.0000e+00, 0.0000e+00,
         0.0000e+00, 0.0000e+00, 0.0000e+00],
        [0.0000e+00, 0.0000e+00, 8.8000e+02, 0.0000e+00, 0.0000e+00, 0.0000e+00,
         0.0000e+00, 0.0000e+00, 0.0000e+00]])
Epoch 1 Test Accuracy per Class:
Accuracy of class 0: 30.62%
Accuracy of class 1: 0.00%
Accuracy of class 2: 92.92%
Accuracy of class 3: 0.00%
Accuracy of class 4: 0.00%
Accuracy of class 5: 100.00%
Accuracy of class 6: 100.00%
Accuracy of class 7: 0.00%
Accuracy of class 8: 0.00%
Confusion Matrix:
tensor([[ 64.,   0., 145.,   0.,   0.,   0.,   0.,   0.,   0.],
        [ 52.,   0., 117.,   0.,   0.,   5.,   0.,  97.,   0.],
        [ 17.,   0., 223.,   0.,   0.,   0.,   0.,   0.,   0.],
        [  0.,   0., 258.,   0.,   0.,   0.,   9.,   4.,   0.],
        [  0.,   0., 102.,   0.,   0.,   0.,   0.,   2.,   0.],
        [  0.,   0.,   0.,   0.,   0., 226.,   0.,   0.,   0.],
        [  0.,   0.,   0.,   0.,   0.,   0., 188.,   0.,   0.],
        [  0.,   0., 271.,   0.,   0.,   0.,   0.,   0.,   0.],
        [  0.,   0., 220.,   0.,   0.,   0.,   0.,   0.,   0.]])
-------------------------------------------
Epoch 2 Training Accuracy per Class:
Accuracy of class 0: 80.66%
Accuracy of class 1: 29.23%
Accuracy of class 2: 92.17%
Accuracy of class 3: 3.50%
Accuracy of class 4: 0.00%
Accuracy of class 5: 100.00%
Accuracy of class 6: 100.00%
Accuracy of class 7: 100.00%
Accuracy of class 8: 0.00%
Confusion Matrix:
tensor([[6.3800e+02, 0.0000e+00, 1.5300e+02, 0.0000e+00, 0.0000e+00, 0.0000e+00,
         0.0000e+00, 0.0000e+00, 0.0000e+00],
        [0.0000e+00, 3.3000e+02, 7.9000e+01, 0.0000e+00, 0.0000e+00, 0.0000e+00,
         8.2000e+01, 6.3800e+02, 0.0000e+00],
        [8.2000e+01, 0.0000e+00, 9.7700e+02, 0.0000e+00, 0.0000e+00, 0.0000e+00,
         1.0000e+00, 0.0000e+00, 0.0000e+00],
        [0.0000e+00, 0.0000e+00, 1.0000e+01, 3.6000e+01, 0.0000e+00, 0.0000e+00,
         2.4000e+01, 9.5900e+02, 0.0000e+00],
        [0.0000e+00, 0.0000e+00, 8.2000e+01, 1.0000e+00, 0.0000e+00, 0.0000e+00,
         0.0000e+00, 3.1300e+02, 0.0000e+00],
        [0.0000e+00, 0.0000e+00, 0.0000e+00, 0.0000e+00, 0.0000e+00, 8.7400e+02,
         0.0000e+00, 0.0000e+00, 0.0000e+00],
        [0.0000e+00, 0.0000e+00, 0.0000e+00, 0.0000e+00, 0.0000e+00, 0.0000e+00,
         7.1200e+02, 0.0000e+00, 0.0000e+00],
        [0.0000e+00, 0.0000e+00, 0.0000e+00, 0.0000e+00, 0.0000e+00, 0.0000e+00,
         0.0000e+00, 1.1290e+03, 0.0000e+00],
        [0.0000e+00, 0.0000e+00, 0.0000e+00, 0.0000e+00, 0.0000e+00, 0.0000e+00,
         0.0000e+00, 8.8000e+02, 0.0000e+00]])
Epoch 2 Test Accuracy per Class:
Accuracy of class 0: 77.51%
Accuracy of class 1: 25.83%
Accuracy of class 2: 92.50%
Accuracy of class 3: 4.06%
Accuracy of class 4: 0.00%
Accuracy of class 5: 100.00%
Accuracy of class 6: 100.00%
Accuracy of class 7: 100.00%
Accuracy of class 8: 0.00%
Confusion Matrix:
tensor([[162.,   0.,  47.,   0.,   0.,   0.,   0.,   0.,   0.],
        [  0.,  70.,  21.,   0.,   0.,   0.,  18., 162.,   0.],
        [ 18.,   0., 222.,   0.,   0.,   0.,   0.,   0.,   0.],
        [  0.,   0.,   1.,  11.,   0.,   0.,   8., 251.,   0.],
        [  0.,   0.,  19.,   0.,   0.,   1.,   0.,  84.,   0.],
        [  0.,   0.,   0.,   0.,   0., 226.,   0.,   0.,   0.],
        [  0.,   0.,   0.,   0.,   0.,   0., 188.,   0.,   0.],
        [  0.,   0.,   0.,   0.,   0.,   0.,   0., 271.,   0.],
        [  0.,   0.,   0.,   0.,   0.,   0.,   0., 220.,   0.]])
-------------------------------------------
Epoch 3 Training Accuracy per Class:
Accuracy of class 0: 100.00%
Accuracy of class 1: 100.00%
Accuracy of class 2: 100.00%
Accuracy of class 3: 29.54%
Accuracy of class 4: 0.00%
Accuracy of class 5: 100.00%
Accuracy of class 6: 100.00%
Accuracy of class 7: 100.00%
Accuracy of class 8: 0.00%
Confusion Matrix:
tensor([[7.9100e+02, 0.0000e+00, 0.0000e+00, 0.0000e+00, 0.0000e+00, 0.0000e+00,
         0.0000e+00, 0.0000e+00, 0.0000e+00],
        [0.0000e+00, 1.1290e+03, 0.0000e+00, 0.0000e+00, 0.0000e+00, 0.0000e+00,
         0.0000e+00, 0.0000e+00, 0.0000e+00],
        [0.0000e+00, 0.0000e+00, 1.0600e+03, 0.0000e+00, 0.0000e+00, 0.0000e+00,
         0.0000e+00, 0.0000e+00, 0.0000e+00],
        [0.0000e+00, 0.0000e+00, 0.0000e+00, 3.0400e+02, 0.0000e+00, 0.0000e+00,
         7.0000e+00, 7.1800e+02, 0.0000e+00],
        [0.0000e+00, 0.0000e+00, 8.2000e+01, 0.0000e+00, 0.0000e+00, 0.0000e+00,
         0.0000e+00, 3.1300e+02, 1.0000e+00],
        [0.0000e+00, 0.0000e+00, 0.0000e+00, 0.0000e+00, 0.0000e+00, 8.7400e+02,
         0.0000e+00, 0.0000e+00, 0.0000e+00],
        [0.0000e+00, 0.0000e+00, 0.0000e+00, 0.0000e+00, 0.0000e+00, 0.0000e+00,
         7.1200e+02, 0.0000e+00, 0.0000e+00],
        [0.0000e+00, 0.0000e+00, 0.0000e+00, 0.0000e+00, 0.0000e+00, 0.0000e+00,
         0.0000e+00, 1.1290e+03, 0.0000e+00],
        [0.0000e+00, 0.0000e+00, 0.0000e+00, 0.0000e+00, 0.0000e+00, 0.0000e+00,
         0.0000e+00, 8.8000e+02, 0.0000e+00]])
Epoch 3 Test Accuracy per Class:
Accuracy of class 0: 100.00%
Accuracy of class 1: 100.00%
Accuracy of class 2: 100.00%
Accuracy of class 3: 27.31%
Accuracy of class 4: 0.00%
Accuracy of class 5: 100.00%
Accuracy of class 6: 100.00%
Accuracy of class 7: 100.00%
Accuracy of class 8: 0.00%
Confusion Matrix:
tensor([[209.,   0.,   0.,   0.,   0.,   0.,   0.,   0.,   0.],
        [  0., 271.,   0.,   0.,   0.,   0.,   0.,   0.,   0.],
        [  0.,   0., 240.,   0.,   0.,   0.,   0.,   0.,   0.],
        [  0.,   0.,   0.,  74.,   0.,   0.,   2., 195.,   0.],
        [  1.,   0.,  18.,   0.,   0.,   0.,   0.,  84.,   1.],
        [  0.,   0.,   0.,   0.,   0., 226.,   0.,   0.,   0.],
        [  0.,   0.,   0.,   0.,   0.,   0., 188.,   0.,   0.],
        [  0.,   0.,   0.,   0.,   0.,   0.,   0., 271.,   0.],
        [  0.,   0.,   0.,   0.,   0.,   0.,   0., 220.,   0.]])
-------------------------------------------
Epoch 4 Training Accuracy per Class:
Accuracy of class 0: 38.94%
Accuracy of class 1: 79.10%
Accuracy of class 2: 88.58%
Accuracy of class 3: 30.03%
Accuracy of class 4: 0.00%
Accuracy of class 5: 100.00%
Accuracy of class 6: 100.00%
Accuracy of class 7: 100.00%
Accuracy of class 8: 0.00%
Confusion Matrix:
tensor([[3.0800e+02, 0.0000e+00, 0.0000e+00, 0.0000e+00, 0.0000e+00, 0.0000e+00,
         0.0000e+00, 4.8300e+02, 0.0000e+00],
        [0.0000e+00, 8.9300e+02, 0.0000e+00, 0.0000e+00, 0.0000e+00, 2.1000e+01,
         0.0000e+00, 2.1500e+02, 0.0000e+00],
        [3.5000e+01, 0.0000e+00, 9.3900e+02, 0.0000e+00, 0.0000e+00, 0.0000e+00,
         0.0000e+00, 8.2000e+01, 4.0000e+00],
        [0.0000e+00, 0.0000e+00, 0.0000e+00, 3.0900e+02, 0.0000e+00, 0.0000e+00,
         1.2000e+01, 7.0800e+02, 0.0000e+00],
        [0.0000e+00, 0.0000e+00, 3.0000e+00, 0.0000e+00, 0.0000e+00, 0.0000e+00,
         1.0000e+00, 3.9200e+02, 0.0000e+00],
        [0.0000e+00, 0.0000e+00, 0.0000e+00, 0.0000e+00, 0.0000e+00, 8.7400e+02,
         0.0000e+00, 0.0000e+00, 0.0000e+00],
        [0.0000e+00, 0.0000e+00, 0.0000e+00, 0.0000e+00, 0.0000e+00, 0.0000e+00,
         7.1200e+02, 0.0000e+00, 0.0000e+00],
        [0.0000e+00, 0.0000e+00, 0.0000e+00, 0.0000e+00, 0.0000e+00, 0.0000e+00,
         0.0000e+00, 1.1290e+03, 0.0000e+00],
        [0.0000e+00, 0.0000e+00, 0.0000e+00, 0.0000e+00, 0.0000e+00, 0.0000e+00,
         0.0000e+00, 8.8000e+02, 0.0000e+00]])
Epoch 4 Test Accuracy per Class:
Accuracy of class 0: 44.02%
Accuracy of class 1: 76.38%
Accuracy of class 2: 91.25%
Accuracy of class 3: 28.41%
Accuracy of class 4: 0.00%
Accuracy of class 5: 100.00%
Accuracy of class 6: 100.00%
Accuracy of class 7: 100.00%
Accuracy of class 8: 0.00%
Confusion Matrix:
tensor([[ 92.,   0.,   0.,   0.,   0.,   0.,   0., 117.,   0.],
        [  0., 207.,   0.,   0.,   0.,   4.,   0.,  60.,   0.],
        [  3.,   0., 219.,   0.,   0.,   0.,   0.,  18.,   0.],
        [  0.,   0.,   0.,  77.,   0.,   0.,   2., 192.,   0.],
        [  0.,   0.,   0.,   0.,   0.,   0.,   0., 104.,   0.],
        [  0.,   0.,   0.,   0.,   0., 226.,   0.,   0.,   0.],
        [  0.,   0.,   0.,   0.,   0.,   0., 188.,   0.,   0.],
        [  0.,   0.,   0.,   0.,   0.,   0.,   0., 271.,   0.],
        [  0.,   0.,   0.,   0.,   0.,   0.,   0., 220.,   0.]])
-------------------------------------------
Epoch 5 Training Accuracy per Class:
